2023-08-11 14:35:25,115 [INFO] Activator:176 - 


2023-08-11 14:35:25,119 [INFO] Activator:177 - !SESSION log4j initialized
2023-08-11 14:35:30,511 [INFO] LogOutputStream:77 - [STDOUT_REDIRECT] 
2023-08-11 14:35:34,908 [INFO] ApplicationProperties:184 - Using Application install path: C:\ST\STM32CubeIDE_1.13.1\STM32CubeIDE\plugins\com.st.stm32cube.common.mx_6.9.1.202307191849
2023-08-11 14:35:34,943 [INFO] DbMcusXml:78 - Set database path to: C:\ST\STM32CubeIDE_1.13.1\STM32CubeIDE\plugins\com.st.stm32cube.common.mx_6.9.1.202307191849\\db\/mcu/
2023-08-11 14:35:34,943 [INFO] ApiDb:274 - Set plugin database path to: C:\ST\STM32CubeIDE_1.13.1\STM32CubeIDE\plugins\com.st.stm32cube.common.mx_6.9.1.202307191849\\db\/plugins/boardmanager/
2023-08-11 14:35:34,945 [WARN] ApiDb:259 - Overriding images path with different value:  => C:\ST\STM32CubeIDE_1.13.1\STM32CubeIDE\plugins\com.st.stm32cube.common.mx_6.9.1.202307191849\\db\/plugins/mcufinder/images/
2023-08-11 14:35:34,964 [INFO] ApiDb:250 - Set database path to: C:\Users\vnlemanhthanh\.stmcufinder\plugins\mcufinder//mcu/
2023-08-11 14:35:34,966 [INFO] DbMcusAds:125 - Set database path to: C:\Users\vnlemanhthanh\.stmcufinder\plugins\mcufinder//mcu/
2023-08-11 14:35:35,733 [INFO] CrossReferenceDbSqlite:203 - Set database path to: C:\Users\vnlemanhthanh\.stmcufinder\plugins\mcufinder//mcu/cs/
2023-08-11 14:35:35,960 [INFO] RulesReader:64 - Compatibility file has been processed (293 Rules)
2023-08-11 14:35:36,099 [INFO] DbMcusXml:78 - Set database path to: C:\ST\STM32CubeIDE_1.13.1\STM32CubeIDE\plugins\com.st.stm32cube.common.mx_6.9.1.202307191849\\db\/mcu/
2023-08-11 14:35:36,100 [INFO] ApiDb:274 - Set plugin database path to: C:\ST\STM32CubeIDE_1.13.1\STM32CubeIDE\plugins\com.st.stm32cube.common.mx_6.9.1.202307191849\\db\/plugins/boardmanager/
2023-08-11 14:35:36,100 [INFO] ApiDb:261 - Set plugin images path to: C:\ST\STM32CubeIDE_1.13.1\STM32CubeIDE\plugins\com.st.stm32cube.common.mx_6.9.1.202307191849\\db\/plugins/mcufinder/images/
2023-08-11 14:35:36,101 [WARN] DbFile:41 - Overriding database path with different value: C:\Users\vnlemanhthanh\.stmcufinder\plugins\mcufinder/ => C:\Users\vnlemanhthanh\.stmcufinder\plugins\mcufinder
2023-08-11 14:35:36,101 [INFO] ApiDb:250 - Set database path to: C:\Users\vnlemanhthanh\.stmcufinder\plugins\mcufinder//mcu/
2023-08-11 14:35:36,102 [WARN] DbFile:41 - Overriding database path with different value: C:\Users\vnlemanhthanh\.stmcufinder\plugins\mcufinder/ => C:\Users\vnlemanhthanh\.stmcufinder\plugins\mcufinder
2023-08-11 14:35:36,102 [INFO] DbMcusAds:125 - Set database path to: C:\Users\vnlemanhthanh\.stmcufinder\plugins\mcufinder//mcu/
2023-08-11 14:35:36,104 [WARN] DbFile:41 - Overriding database path with different value: C:\Users\vnlemanhthanh\.stmcufinder\plugins\mcufinder/ => C:\Users\vnlemanhthanh\.stmcufinder\plugins\mcufinder
2023-08-11 14:35:36,105 [WARN] DbFile:41 - Overriding database path with different value: C:\Users\vnlemanhthanh\.stmcufinder\plugins\mcufinder/ => C:\Users\vnlemanhthanh\.stmcufinder\plugins\mcufinder
2023-08-11 14:35:36,735 [INFO] CrossReferenceDbSqlite:203 - Set database path to: C:\Users\vnlemanhthanh\.stmcufinder\plugins\mcufinder//mcu/cs/
2023-08-11 14:35:36,867 [INFO] MainPanel:262 - HeapMemory: 268435456
2023-08-11 14:35:36,956 [INFO] DbMcusXml:78 - Set database path to: C:\ST\STM32CubeIDE_1.13.1\STM32CubeIDE\plugins\com.st.stm32cube.common.mx_6.9.1.202307191849\\db\/mcu/
2023-08-11 14:35:36,956 [INFO] ApiDb:274 - Set plugin database path to: C:\ST\STM32CubeIDE_1.13.1\STM32CubeIDE\plugins\com.st.stm32cube.common.mx_6.9.1.202307191849\\db\/plugins/boardmanager/
2023-08-11 14:35:36,957 [INFO] ApiDb:261 - Set plugin images path to: C:\ST\STM32CubeIDE_1.13.1\STM32CubeIDE\plugins\com.st.stm32cube.common.mx_6.9.1.202307191849\\db\/plugins/mcufinder/images/
2023-08-11 14:35:36,957 [WARN] DbFile:41 - Overriding database path with different value: C:\Users\vnlemanhthanh\.stmcufinder\plugins\mcufinder/ => C:\Users\vnlemanhthanh\.stmcufinder\plugins\mcufinder
2023-08-11 14:35:36,957 [INFO] ApiDb:250 - Set database path to: C:\Users\vnlemanhthanh\.stmcufinder\plugins\mcufinder//mcu/
2023-08-11 14:35:36,958 [WARN] DbFile:41 - Overriding database path with different value: C:\Users\vnlemanhthanh\.stmcufinder\plugins\mcufinder/ => C:\Users\vnlemanhthanh\.stmcufinder\plugins\mcufinder
2023-08-11 14:35:36,958 [INFO] DbMcusAds:125 - Set database path to: C:\Users\vnlemanhthanh\.stmcufinder\plugins\mcufinder//mcu/
2023-08-11 14:35:36,958 [WARN] DbFile:41 - Overriding database path with different value: C:\Users\vnlemanhthanh\.stmcufinder\plugins\mcufinder/ => C:\Users\vnlemanhthanh\.stmcufinder\plugins\mcufinder
2023-08-11 14:35:36,958 [WARN] DbFile:41 - Overriding database path with different value: C:\Users\vnlemanhthanh\.stmcufinder\plugins\mcufinder/ => C:\Users\vnlemanhthanh\.stmcufinder\plugins\mcufinder
2023-08-11 14:35:37,734 [INFO] CrossReferenceDbSqlite:203 - Set database path to: C:\Users\vnlemanhthanh\.stmcufinder\plugins\mcufinder//mcu/cs/
2023-08-11 14:35:37,773 [INFO] ApplicationProperties:184 - Using Application install path: C:\ST\STM32CubeIDE_1.13.1\STM32CubeIDE\plugins\com.st.stm32cube.common.mx_6.9.1.202307191849
2023-08-11 14:35:37,775 [INFO] PluginManage:196 - Search for loadable plugins [exclusion list=, ]
2023-08-11 14:35:37,777 [INFO] PluginManage:310 - Check plugin analytics
2023-08-11 14:35:38,933 [INFO] AnalyticsPlugin:253 - Accepted Software Licenses: 
2023-08-11 14:35:38,933 [INFO] AnalyticsPlugin:255 - Accepted CMSIS Pack Licenses: 
2023-08-11 14:35:38,934 [INFO] AnalyticsPlugin:257 - Accepted Firmware Licenses: 
2023-08-11 14:35:38,940 [INFO] PluginManage:359 - Loaded plugin analytics (category:tool,tabindex:-1)
2023-08-11 14:35:38,941 [INFO] PluginManage:310 - Check plugin cadmodel
2023-08-11 14:35:38,950 [INFO] CADModel:105 - Init CAD model plugin
2023-08-11 14:35:38,950 [INFO] PluginManage:359 - Loaded plugin cadmodel (category:power,tabindex:5)
2023-08-11 14:35:38,951 [INFO] PluginManage:310 - Check plugin clock
2023-08-11 14:35:38,978 [INFO] PluginManage:359 - Loaded plugin clock (category:base,tabindex:2)
2023-08-11 14:35:38,978 [INFO] PluginManage:310 - Check plugin ddr
2023-08-11 14:35:38,982 [INFO] PluginManage:359 - Loaded plugin ddr (category:tool,tabindex:6)
2023-08-11 14:35:38,982 [INFO] PluginManage:310 - Check plugin filemanager
2023-08-11 14:35:39,234 [INFO] PluginManage:359 - Loaded plugin filemanager (category:base,tabindex:10)
2023-08-11 14:35:39,234 [INFO] PluginManage:310 - Check plugin ipmanager
2023-08-11 14:35:39,247 [INFO] PluginManage:359 - Loaded plugin ipmanager (category:base,tabindex:5)
2023-08-11 14:35:39,247 [INFO] PluginManage:310 - Check plugin lpbam
2023-08-11 14:35:39,260 [INFO] PluginManage:359 - Loaded plugin lpbam (category:base,tabindex:0)
2023-08-11 14:35:39,260 [INFO] PluginManage:310 - Check plugin memorymap
2023-08-11 14:35:39,282 [INFO] PluginManage:359 - Loaded plugin memorymap (category:base,tabindex:4)
2023-08-11 14:35:39,283 [INFO] PluginManage:310 - Check plugin pinoutandconfiguration
2023-08-11 14:35:39,294 [INFO] PluginManage:359 - Loaded plugin pinoutandconfiguration (category:base,tabindex:1)
2023-08-11 14:35:39,294 [INFO] PluginManage:310 - Check plugin pinoutconfig
2023-08-11 14:35:39,440 [WARN] SupportedApi:132 - Cannot load RTOS API schema: s4s-elt-must-match.1: The content of 'definitions' must match (annotation?, (simpleType | complexType)?, (unique | key | keyref)*)). A problem was found starting at: attribute.
2023-08-11 14:35:39,701 [INFO] PluginManage:359 - Loaded plugin pinoutconfig (category:base,tabindex:0)
2023-08-11 14:35:39,702 [INFO] PluginManage:310 - Check plugin power
2023-08-11 14:35:39,724 [INFO] PluginManage:359 - Loaded plugin power (category:power,tabindex:4)
2023-08-11 14:35:39,724 [INFO] PluginManage:310 - Check plugin projectmanager
2023-08-11 14:35:39,751 [INFO] PluginManage:359 - Loaded plugin projectmanager (category:projectmanager,tabindex:3)
2023-08-11 14:35:39,752 [INFO] PluginManage:310 - Check plugin thirdparty
2023-08-11 14:35:39,986 [INFO] PluginManage:359 - Loaded plugin thirdparty (category:base,tabindex:-1)
2023-08-11 14:35:39,986 [INFO] PluginManage:310 - Check plugin tools
2023-08-11 14:35:39,986 [WARN] IntegrityCheckThread:84 - waiting for thirdparty lock release [integrity check]
2023-08-11 14:35:39,987 [INFO] IntegrityCheckThread:86 - entering critical section [integrity check]
2023-08-11 14:35:39,988 [INFO] ThirdPartyUpdaterWithRetryManager:70 - Updater plugin not ready yet. [1/15]
2023-08-11 14:35:39,992 [INFO] PluginManage:359 - Loaded plugin tools (category:base,tabindex:7)
2023-08-11 14:35:39,992 [INFO] PluginManage:310 - Check plugin tutovideos
2023-08-11 14:35:40,232 [INFO] PluginManage:359 - Loaded plugin tutovideos (category:base,tabindex:-1)
2023-08-11 14:35:40,232 [INFO] PluginManage:310 - Check plugin updater
2023-08-11 14:35:40,250 [INFO] PluginManage:359 - Loaded plugin updater (category:base,tabindex:12)
2023-08-11 14:35:40,251 [INFO] PluginManage:310 - Check plugin userauth
2023-08-11 14:35:40,259 [INFO] UserAuth:113 - Init User Auth plugin
2023-08-11 14:35:40,259 [INFO] PluginManage:359 - Loaded plugin userauth (category:base,tabindex:14)
2023-08-11 14:35:40,260 [INFO] PluginManage:283 - PluginManage : Loaded plugins [17]
2023-08-11 14:35:40,631 [INFO] PinOutPanel:1499 - setPackage(No Configuration,No Configuration)
2023-08-11 14:35:40,884 [INFO] CADModel:165 - CPN selected for project level
2023-08-11 14:35:40,884 [INFO] CADModel:114 - Register for checkConnection events
2023-08-11 14:35:40,910 [INFO] IPUIPlugin:80 - create IPUIPlugin
2023-08-11 14:35:40,910 [INFO] PluginManager:220 - loadIPPluginJar : add adc
2023-08-11 14:35:40,913 [INFO] IPUIPlugin:80 - create IPUIPlugin
2023-08-11 14:35:40,914 [INFO] PluginManager:220 - loadIPPluginJar : add aes
2023-08-11 14:35:40,917 [INFO] IPUIPlugin:80 - create IPUIPlugin
2023-08-11 14:35:40,917 [INFO] PluginManager:220 - loadIPPluginJar : add can
2023-08-11 14:35:40,920 [INFO] IPUIPlugin:80 - create IPUIPlugin
2023-08-11 14:35:40,921 [INFO] PluginManager:220 - loadIPPluginJar : add comp
2023-08-11 14:35:40,925 [INFO] IPUIPlugin:80 - create IPUIPlugin
2023-08-11 14:35:40,925 [INFO] PluginManager:220 - loadIPPluginJar : add cryp
2023-08-11 14:35:40,928 [INFO] IPUIPlugin:80 - create IPUIPlugin
2023-08-11 14:35:40,928 [INFO] PluginManager:220 - loadIPPluginJar : add dfsdm
2023-08-11 14:35:40,934 [INFO] IPUIPlugin:80 - create IPUIPlugin
2023-08-11 14:35:40,935 [INFO] PluginManager:220 - loadIPPluginJar : add dma
2023-08-11 14:35:40,940 [INFO] IPUIPlugin:80 - create IPUIPlugin
2023-08-11 14:35:40,940 [INFO] PluginManager:220 - loadIPPluginJar : add dma3
2023-08-11 14:35:40,942 [INFO] IPUIPlugin:80 - create IPUIPlugin
2023-08-11 14:35:40,942 [INFO] PluginManager:220 - loadIPPluginJar : add fatfs
2023-08-11 14:35:40,948 [INFO] IPUIPlugin:80 - create IPUIPlugin
2023-08-11 14:35:40,948 [INFO] PluginManager:220 - loadIPPluginJar : add fmc
2023-08-11 14:35:40,958 [INFO] IPUIPlugin:80 - create IPUIPlugin
2023-08-11 14:35:40,958 [INFO] PluginManager:220 - loadIPPluginJar : add freertos
2023-08-11 14:35:40,960 [INFO] IPUIPlugin:80 - create IPUIPlugin
2023-08-11 14:35:40,961 [INFO] PluginManager:220 - loadIPPluginJar : add genericplugin
2023-08-11 14:35:40,964 [INFO] IPUIPlugin:80 - create IPUIPlugin
2023-08-11 14:35:40,964 [INFO] PluginManager:220 - loadIPPluginJar : add gfxmmu
2023-08-11 14:35:40,973 [INFO] IPUIPlugin:80 - create IPUIPlugin
2023-08-11 14:35:40,974 [INFO] PluginManager:220 - loadIPPluginJar : add gic
2023-08-11 14:35:40,980 [INFO] IPUIPlugin:80 - create IPUIPlugin
2023-08-11 14:35:40,981 [INFO] PluginManager:220 - loadIPPluginJar : add gpio
2023-08-11 14:35:40,987 [INFO] IPUIPlugin:80 - create IPUIPlugin
2023-08-11 14:35:40,988 [INFO] PluginManager:220 - loadIPPluginJar : add gtzc
2023-08-11 14:35:40,993 [INFO] IPUIPlugin:80 - create IPUIPlugin
2023-08-11 14:35:40,994 [INFO] PluginManager:220 - loadIPPluginJar : add hash
2023-08-11 14:35:40,999 [INFO] IPUIPlugin:80 - create IPUIPlugin
2023-08-11 14:35:40,999 [INFO] PluginManager:220 - loadIPPluginJar : add i2c
2023-08-11 14:35:41,009 [INFO] IPUIPlugin:80 - create IPUIPlugin
2023-08-11 14:35:41,009 [INFO] PluginManager:220 - loadIPPluginJar : add i2s
2023-08-11 14:35:41,015 [INFO] IPUIPlugin:80 - create IPUIPlugin
2023-08-11 14:35:41,015 [INFO] PluginManager:220 - loadIPPluginJar : add i3c
2023-08-11 14:35:41,024 [INFO] IPUIPlugin:80 - create IPUIPlugin
2023-08-11 14:35:41,026 [INFO] PluginManager:220 - loadIPPluginJar : add ipddr
2023-08-11 14:35:41,040 [INFO] IPUIPlugin:80 - create IPUIPlugin
2023-08-11 14:35:41,040 [INFO] PluginManager:220 - loadIPPluginJar : add linkedlist
2023-08-11 14:35:41,045 [INFO] IPUIPlugin:80 - create IPUIPlugin
2023-08-11 14:35:41,046 [INFO] PluginManager:220 - loadIPPluginJar : add lorawan
2023-08-11 14:35:41,049 [INFO] IPUIPlugin:80 - create IPUIPlugin
2023-08-11 14:35:41,049 [INFO] PluginManager:220 - loadIPPluginJar : add ltdc
2023-08-11 14:35:41,061 [INFO] IPUIPlugin:80 - create IPUIPlugin
2023-08-11 14:35:41,064 [INFO] PluginManager:220 - loadIPPluginJar : add mdma
2023-08-11 14:35:41,075 [INFO] IPUIPlugin:80 - create IPUIPlugin
2023-08-11 14:35:41,076 [INFO] PluginManager:220 - loadIPPluginJar : add nvic
2023-08-11 14:35:41,080 [INFO] IPUIPlugin:80 - create IPUIPlugin
2023-08-11 14:35:41,081 [INFO] PluginManager:220 - loadIPPluginJar : add opamp
2023-08-11 14:35:41,085 [INFO] IPUIPlugin:80 - create IPUIPlugin
2023-08-11 14:35:41,085 [INFO] PluginManager:220 - loadIPPluginJar : add openamp
2023-08-11 14:35:41,103 [INFO] IPUIPlugin:80 - create IPUIPlugin
2023-08-11 14:35:41,103 [INFO] PluginManager:220 - loadIPPluginJar : add pdm2pcm
2023-08-11 14:35:41,117 [INFO] IPUIPlugin:80 - create IPUIPlugin
2023-08-11 14:35:41,124 [INFO] PluginManager:220 - loadIPPluginJar : add plateformsettings
2023-08-11 14:35:41,128 [INFO] IPUIPlugin:80 - create IPUIPlugin
2023-08-11 14:35:41,129 [INFO] PluginManager:220 - loadIPPluginJar : add quadspi
2023-08-11 14:35:41,135 [INFO] IPUIPlugin:80 - create IPUIPlugin
2023-08-11 14:35:41,135 [INFO] PluginManager:220 - loadIPPluginJar : add resmgrutility
2023-08-11 14:35:41,143 [INFO] IPUIPlugin:80 - create IPUIPlugin
2023-08-11 14:35:41,144 [INFO] PluginManager:220 - loadIPPluginJar : add sai
2023-08-11 14:35:41,149 [INFO] IPUIPlugin:80 - create IPUIPlugin
2023-08-11 14:35:41,149 [INFO] PluginManager:220 - loadIPPluginJar : add spi
2023-08-11 14:35:41,165 [INFO] IPUIPlugin:80 - create IPUIPlugin
2023-08-11 14:35:41,166 [INFO] PluginManager:220 - loadIPPluginJar : add stm32_wpan
2023-08-11 14:35:41,175 [INFO] IPUIPlugin:80 - create IPUIPlugin
2023-08-11 14:35:41,176 [INFO] PluginManager:220 - loadIPPluginJar : add tim
2023-08-11 14:35:41,184 [INFO] IPUIPlugin:80 - create IPUIPlugin
2023-08-11 14:35:41,185 [INFO] PluginManager:220 - loadIPPluginJar : add touchsensing
2023-08-11 14:35:41,199 [INFO] IPUIPlugin:80 - create IPUIPlugin
2023-08-11 14:35:41,199 [INFO] PluginManager:220 - loadIPPluginJar : add tracer_emb
2023-08-11 14:35:41,205 [INFO] IPUIPlugin:80 - create IPUIPlugin
2023-08-11 14:35:41,205 [INFO] PluginManager:220 - loadIPPluginJar : add ts
2023-08-11 14:35:41,208 [INFO] IPUIPlugin:80 - create IPUIPlugin
2023-08-11 14:35:41,209 [INFO] PluginManager:220 - loadIPPluginJar : add tsc
2023-08-11 14:35:41,213 [INFO] IPUIPlugin:80 - create IPUIPlugin
2023-08-11 14:35:41,214 [INFO] PluginManager:220 - loadIPPluginJar : add ucpd
2023-08-11 14:35:41,221 [INFO] IPUIPlugin:80 - create IPUIPlugin
2023-08-11 14:35:41,222 [INFO] PluginManager:220 - loadIPPluginJar : add usart
2023-08-11 14:35:41,231 [INFO] IPUIPlugin:80 - create IPUIPlugin
2023-08-11 14:35:41,232 [INFO] PluginManager:220 - loadIPPluginJar : add usbx
2023-08-11 14:35:41,515 [INFO] CADModel:165 - CPN selected for project level
2023-08-11 14:35:41,515 [INFO] CADModel:114 - Register for checkConnection events
2023-08-11 14:35:41,515 [FATAL] Updater:308 - Updater called before beeing initialized
2023-08-11 14:35:41,516 [ERROR] CADModel:125 - Updater not yet initialized, retry later 
2023-08-11 14:35:41,785 [INFO] CADModel:165 - CPN selected for project level
2023-08-11 14:35:41,785 [INFO] CADModel:114 - Register for checkConnection events
2023-08-11 14:35:41,786 [FATAL] Updater:308 - Updater called before beeing initialized
2023-08-11 14:35:41,788 [ERROR] CADModel:125 - Updater not yet initialized, retry later 
2023-08-11 14:35:41,795 [FATAL] Updater:308 - Updater called before beeing initialized
2023-08-11 14:35:42,092 [FATAL] Updater:308 - Updater called before beeing initialized
2023-08-11 14:35:42,111 [INFO] DbMcusAds:53 - JSON generation date=Thu Sep 30 13:55:09 ICT 2021 (1632984909247)
2023-08-11 14:35:42,111 [FATAL] Updater:308 - Updater called before beeing initialized
2023-08-11 14:35:42,179 [WARN] DetailPanel:346 - Failed to get advertising image, set to default
2023-08-11 14:35:42,367 [FATAL] Updater:308 - Updater called before beeing initialized
2023-08-11 14:35:42,370 [FATAL] Updater:308 - Updater called before beeing initialized
2023-08-11 14:35:42,371 [FATAL] Updater:308 - Updater called before beeing initialized
2023-08-11 14:35:42,372 [WARN] DetailPanel:346 - Failed to get advertising image, set to default
2023-08-11 14:35:42,374 [FATAL] Updater:308 - Updater called before beeing initialized
2023-08-11 14:35:42,466 [ERROR] Updater:1120 - MainUpdater not yet initialized. External WinMGr cannot be set.
2023-08-11 14:35:42,469 [INFO] Updater:1056 - Updater Version found : 6.9.1
2023-08-11 14:35:42,498 [INFO] ApplicationProperties:184 - Using Application install path: C:\ST\STM32CubeIDE_1.13.1\STM32CubeIDE\plugins\com.st.stm32cube.common.mx_6.9.1.202307191849
2023-08-11 14:35:42,753 [INFO] MainUpdater:2868 - connection check result : 10
2023-08-11 14:35:42,755 [INFO] MainUpdater:285 - Updater Check For Update Now.
2023-08-11 14:35:42,755 [INFO] MicroXplorer:498 - Change Database Version : DB.6.0.91
2023-08-11 14:35:42,767 [INFO] McuFinderGlobals:63 - Set McuFinder mode to 2 (CubeIDE integrated)
2023-08-11 14:35:42,767 [INFO] UserAuth:179 - activating auth plugin
2023-08-11 14:35:42,776 [INFO] UserAuth:393 - Internet connection configuration mode: 1
2023-08-11 14:35:42,812 [INFO] JxBrowserEngine:151 - Initiate JxBrowser Engine with user profile folder
2023-08-11 14:35:43,039 [WARN] MainUpdater:1189 - Updater busy. Cannot search thirdparties
2023-08-11 14:35:43,043 [INFO] ThirdPartyUpdaterWithRetryManager:96 - Updater plugin is busy. [1/15]
2023-08-11 14:35:43,282 [INFO] CheckServerUpdateThread:120 - End of CheckServer Thread
2023-08-11 14:35:44,377 [INFO] WebApp:157 - Instantiating new browser for Auth
2023-08-11 14:35:45,498 [INFO] WebApp:753 - Register for checkConnection events
2023-08-11 14:35:45,499 [INFO] WebApp:390 - Apply proxy settings
2023-08-11 14:35:45,499 [INFO] WebApp:475 - Chromium requires no authentication
2023-08-11 14:35:45,511 [INFO] WebApp:418 - Direct internet connection detected
2023-08-11 14:35:45,808 [INFO] WebApp:188 - Starting web application
2023-08-11 14:35:45,808 [INFO] WebApp:520 - Web application path used C:\ST\STM32CubeIDE_1.13.1\STM32CubeIDE\plugins\com.st.stm32cube.common.mx_6.9.1.202307191849\db\plugins\mcufinder\reactClient1\index.html
2023-08-11 14:35:46,994 [WARN] PackLoader:240 - Cannot read IP mode file for STMicroelectronics.X-CUBE-SMBUS.2.1.0
2023-08-11 14:35:47,197 [WARN] PackLoader:240 - Cannot read IP mode file for STMicroelectronics.X-CUBE-AZRTOS-F7.1.1.0
2023-08-11 14:35:47,297 [WARN] PackLoader:240 - Cannot read IP mode file for STMicroelectronics.FP-SNS-MOTENV1.4.3.2
2023-08-11 14:35:47,350 [WARN] PackLoader:240 - Cannot read IP mode file for STMicroelectronics.X-CUBE-BLE1.6.2.4
2023-08-11 14:35:47,382 [WARN] PackLoader:240 - Cannot read IP mode file for STMicroelectronics.FP-SNS-FLIGHT1.5.0.2
2023-08-11 14:35:47,465 [WARN] PackLoader:240 - Cannot read IP mode file for STMicroelectronics.X-CUBE-DISPLAY.3.0.0
2023-08-11 14:35:47,602 [WARN] PackLoader:240 - Cannot read IP mode file for emotas.I-CUBE-CANOPEN.1.3.0
2023-08-11 14:35:47,746 [WARN] PackLoader:240 - Cannot read IP mode file for STMicroelectronics.X-CUBE-TOUCHGFX.4.22.0
2023-08-11 14:35:47,819 [INFO] LogOutputStream:77 - [STDOUT_REDIRECT] 1 : Invalid condition id : UX_CORESTACK_Condition cause : null
2023-08-11 14:35:47,824 [INFO] LogOutputStream:77 - [STDOUT_REDIRECT] 1 : Invalid condition id : UX_CORESTACK_Condition cause : null
2023-08-11 14:35:47,832 [INFO] LogOutputStream:77 - [STDOUT_REDIRECT] 1 : Invalid condition id : UX_CORESTACK_Condition cause : null
2023-08-11 14:35:47,835 [INFO] LogOutputStream:77 - [STDOUT_REDIRECT] 1 : Invalid condition id : UX_CORESTACK_Condition cause : null
2023-08-11 14:35:47,839 [INFO] LogOutputStream:77 - [STDOUT_REDIRECT] 1 : Invalid condition id : UX_CORESTACK_Condition cause : null
2023-08-11 14:35:47,877 [WARN] PackLoader:240 - Cannot read IP mode file for STMicroelectronics.X-CUBE-AZRTOS-WL.2.0.0
2023-08-11 14:35:47,948 [WARN] PackLoader:240 - Cannot read IP mode file for WES.I-CUBE-Cesium.1.3.0
2023-08-11 14:35:47,978 [WARN] PackLoader:240 - Cannot read IP mode file for STMicroelectronics.X-CUBE-BLE2.3.3.0
2023-08-11 14:35:47,997 [WARN] PackLoader:240 - Cannot read IP mode file for STMicroelectronics.X-CUBE-ALGOBUILD.1.3.0
2023-08-11 14:35:48,062 [WARN] PackLoader:240 - Cannot read IP mode file for STMicroelectronics.X-CUBE-AZRTOS-G0.1.1.0
2023-08-11 14:35:48,083 [WARN] PackLoader:240 - Cannot read IP mode file for STMicroelectronics.X-CUBE-NFC4.3.0.0
2023-08-11 14:35:48,108 [WARN] PackLoader:240 - Cannot read IP mode file for STMicroelectronics.FP-ATR-SIGFOX1.3.2.0
2023-08-11 14:35:48,240 [WARN] PackLoader:240 - Cannot read IP mode file for SEGGER.I-CUBE-embOS.1.3.1
2023-08-11 14:35:48,459 [WARN] PackLoader:240 - Cannot read IP mode file for STMicroelectronics.X-CUBE-GNSS1.6.0.0
2023-08-11 14:35:48,511 [WARN] PackLoader:240 - Cannot read IP mode file for STMicroelectronics.X-CUBE-AZRTOS-F4.1.1.0
2023-08-11 14:35:48,524 [WARN] PackLoader:240 - Cannot read IP mode file for wolfSSL.I-CUBE-wolfSSL.5.6.3
2023-08-11 14:35:48,577 [WARN] PackLoader:240 - Cannot read IP mode file for STMicroelectronics.X-CUBE-AZRTOS-L5.2.0.0
2023-08-11 14:35:48,740 [WARN] PackLoader:240 - Cannot read IP mode file for STMicroelectronics.X-CUBE-MEMS1.9.6.0
2023-08-11 14:35:49,210 [WARN] PackLoader:240 - Cannot read IP mode file for STMicroelectronics.X-CUBE-BLEMGR.2.0.0
2023-08-11 14:35:49,259 [WARN] ConditionMgr:438 - getConditionDescription Invalid condition id : UX DEVICE CLASS RTOS Condition cause : null
2023-08-11 14:35:49,260 [WARN] ConditionMgr:438 - getConditionDescription Invalid condition id : UX DEVICE CLASS RTOS Condition cause : null
2023-08-11 14:35:49,265 [WARN] PackLoader:240 - Cannot read IP mode file for STMicroelectronics.X-CUBE-AZRTOS-H7.3.1.0
2023-08-11 14:35:49,269 [WARN] ConditionMgr:1039 - genDependencies : Invalid condition id : UX DEVICE CLASS RTOS Condition cause : null
2023-08-11 14:35:49,270 [WARN] ConditionMgr:1039 - genDependencies : Invalid condition id : UX DEVICE CLASS RTOS Condition cause : null
2023-08-11 14:35:49,272 [WARN] ConditionMgr:1039 - genDependencies : Invalid condition id : UX DEVICE CLASS RTOS Condition cause : null
2023-08-11 14:35:49,273 [WARN] ConditionMgr:1039 - genDependencies : Invalid condition id : UX DEVICE CLASS RTOS Condition cause : null
2023-08-11 14:35:49,273 [WARN] ConditionMgr:1039 - genDependencies : Invalid condition id : UX DEVICE CLASS RTOS Condition cause : null
2023-08-11 14:35:49,288 [WARN] PackLoader:240 - Cannot read IP mode file for STMicroelectronics.X-CUBE-NFC7.1.0.1
2023-08-11 14:35:49,301 [WARN] PackLoader:240 - Cannot read IP mode file for STMicroelectronics.X-CUBE-EEPRMA1.4.1.0
2023-08-11 14:35:49,310 [WARN] PackLoader:240 - Cannot read IP mode file for STMicroelectronics.X-CUBE-AI.8.1.0
2023-08-11 14:35:49,361 [WARN] ConditionMgr:438 - getConditionDescription Invalid condition id : LAN8742 Phy interface Condition cause : null
2023-08-11 14:35:49,362 [WARN] PackLoader:240 - Cannot read IP mode file for STMicroelectronics.X-CUBE-AZRTOS-L4.2.0.0
2023-08-11 14:35:49,371 [WARN] ConditionMgr:1039 - genDependencies : Invalid condition id : LAN8742 Phy interface Condition cause : null
2023-08-11 14:35:49,372 [WARN] ConditionMgr:1039 - genDependencies : Invalid condition id : LAN8742 Phy interface Condition cause : null
2023-08-11 14:35:49,374 [WARN] ConditionMgr:1039 - genDependencies : Invalid condition id : LAN8742 Phy interface Condition cause : null
2023-08-11 14:35:49,390 [WARN] PackLoader:240 - Cannot read IP mode file for STMicroelectronics.X-CUBE-SFXS2LP1.4.0.0
2023-08-11 14:35:49,398 [WARN] PackLoader:240 - Cannot read IP mode file for STMicroelectronics.X-CUBE-ISPU.1.1.0
2023-08-11 14:35:49,441 [WARN] ConditionMgr:438 - getConditionDescription Invalid condition id : UX DEVICE CLASS RTOS Condition cause : null
2023-08-11 14:35:49,441 [WARN] ConditionMgr:438 - getConditionDescription Invalid condition id : UX DEVICE CLASS RTOS Condition cause : null
2023-08-11 14:35:49,445 [WARN] PackLoader:240 - Cannot read IP mode file for STMicroelectronics.X-CUBE-AZRTOS-WB.2.0.0
2023-08-11 14:35:49,446 [WARN] ConditionMgr:1039 - genDependencies : Invalid condition id : UX DEVICE CLASS RTOS Condition cause : null
2023-08-11 14:35:49,447 [WARN] ConditionMgr:1039 - genDependencies : Invalid condition id : UX DEVICE CLASS RTOS Condition cause : null
2023-08-11 14:35:49,448 [WARN] ConditionMgr:1039 - genDependencies : Invalid condition id : UX DEVICE CLASS RTOS Condition cause : null
2023-08-11 14:35:49,449 [WARN] ConditionMgr:1039 - genDependencies : Invalid condition id : UX DEVICE CLASS RTOS Condition cause : null
2023-08-11 14:35:49,449 [WARN] ConditionMgr:1039 - genDependencies : Invalid condition id : UX DEVICE CLASS RTOS Condition cause : null
2023-08-11 14:35:49,464 [WARN] PackLoader:240 - Cannot read IP mode file for STMicroelectronics.X-CUBE-FREERTOS.1.0.1
2023-08-11 14:35:49,481 [WARN] PackLoader:240 - Cannot read IP mode file for STMicroelectronics.X-CUBE-SUBG2.5.0.0
2023-08-11 14:35:49,597 [WARN] PackLoader:240 - Cannot read IP mode file for STMicroelectronics.X-CUBE-TOF1.3.3.1
2023-08-11 14:35:49,735 [WARN] PackLoader:240 - Cannot read IP mode file for STMicroelectronics.X-CUBE-AZRTOS-G4.2.0.0
2023-08-11 14:35:49,837 [WARN] PackLoader:240 - Cannot read IP mode file for portGmbH.I-Cube-SoM-uGOAL.1.1.0
2023-08-11 14:35:49,894 [WARN] PackLoader:240 - Cannot read IP mode file for STMicroelectronics.X-CUBE-ALS.1.0.1
2023-08-11 14:35:49,904 [WARN] PackLoader:240 - Cannot read IP mode file for STMicroelectronics.FP-ATR-ASTRA1.2.0.0
2023-08-11 14:35:49,905 [INFO] ThirdParty:978 - Integrity check success = true
2023-08-11 14:35:49,906 [INFO] IntegrityCheckThread:100 - exiting critical section [integrity check]
2023-08-11 14:35:49,906 [INFO] IntegrityCheckThread:103 - End integrity checks thread
2023-08-11 14:36:05,620 [ERROR] LogOutputStream:75 - [STDERR_REDIRECT] 
