2023-08-11 14:35:25,115 [INFO] Activator:176 - 


2023-08-11 14:35:25,119 [INFO] Activator:177 - !SESSION log4j initialized
2023-08-11 14:35:30,511 [INFO] LogOutputStream:77 - [STDOUT_REDIRECT] 
2023-08-11 14:35:34,908 [INFO] ApplicationProperties:184 - Using Application install path: C:\ST\STM32CubeIDE_1.13.1\STM32CubeIDE\plugins\com.st.stm32cube.common.mx_6.9.1.202307191849
2023-08-11 14:35:34,943 [INFO] DbMcusXml:78 - Set database path to: C:\ST\STM32CubeIDE_1.13.1\STM32CubeIDE\plugins\com.st.stm32cube.common.mx_6.9.1.202307191849\\db\/mcu/
2023-08-11 14:35:34,943 [INFO] ApiDb:274 - Set plugin database path to: C:\ST\STM32CubeIDE_1.13.1\STM32CubeIDE\plugins\com.st.stm32cube.common.mx_6.9.1.202307191849\\db\/plugins/boardmanager/
2023-08-11 14:35:34,945 [WARN] ApiDb:259 - Overriding images path with different value:  => C:\ST\STM32CubeIDE_1.13.1\STM32CubeIDE\plugins\com.st.stm32cube.common.mx_6.9.1.202307191849\\db\/plugins/mcufinder/images/
2023-08-11 14:35:34,964 [INFO] ApiDb:250 - Set database path to: C:\Users\vnlemanhthanh\.stmcufinder\plugins\mcufinder//mcu/
2023-08-11 14:35:34,966 [INFO] DbMcusAds:125 - Set database path to: C:\Users\vnlemanhthanh\.stmcufinder\plugins\mcufinder//mcu/
2023-08-11 14:35:35,733 [INFO] CrossReferenceDbSqlite:203 - Set database path to: C:\Users\vnlemanhthanh\.stmcufinder\plugins\mcufinder//mcu/cs/
2023-08-11 14:35:35,960 [INFO] RulesReader:64 - Compatibility file has been processed (293 Rules)
2023-08-11 14:35:36,099 [INFO] DbMcusXml:78 - Set database path to: C:\ST\STM32CubeIDE_1.13.1\STM32CubeIDE\plugins\com.st.stm32cube.common.mx_6.9.1.202307191849\\db\/mcu/
2023-08-11 14:35:36,100 [INFO] ApiDb:274 - Set plugin database path to: C:\ST\STM32CubeIDE_1.13.1\STM32CubeIDE\plugins\com.st.stm32cube.common.mx_6.9.1.202307191849\\db\/plugins/boardmanager/
2023-08-11 14:35:36,100 [INFO] ApiDb:261 - Set plugin images path to: C:\ST\STM32CubeIDE_1.13.1\STM32CubeIDE\plugins\com.st.stm32cube.common.mx_6.9.1.202307191849\\db\/plugins/mcufinder/images/
2023-08-11 14:35:36,101 [WARN] DbFile:41 - Overriding database path with different value: C:\Users\vnlemanhthanh\.stmcufinder\plugins\mcufinder/ => C:\Users\vnlemanhthanh\.stmcufinder\plugins\mcufinder
2023-08-11 14:35:36,101 [INFO] ApiDb:250 - Set database path to: C:\Users\vnlemanhthanh\.stmcufinder\plugins\mcufinder//mcu/
2023-08-11 14:35:36,102 [WARN] DbFile:41 - Overriding database path with different value: C:\Users\vnlemanhthanh\.stmcufinder\plugins\mcufinder/ => C:\Users\vnlemanhthanh\.stmcufinder\plugins\mcufinder
2023-08-11 14:35:36,102 [INFO] DbMcusAds:125 - Set database path to: C:\Users\vnlemanhthanh\.stmcufinder\plugins\mcufinder//mcu/
2023-08-11 14:35:36,104 [WARN] DbFile:41 - Overriding database path with different value: C:\Users\vnlemanhthanh\.stmcufinder\plugins\mcufinder/ => C:\Users\vnlemanhthanh\.stmcufinder\plugins\mcufinder
2023-08-11 14:35:36,105 [WARN] DbFile:41 - Overriding database path with different value: C:\Users\vnlemanhthanh\.stmcufinder\plugins\mcufinder/ => C:\Users\vnlemanhthanh\.stmcufinder\plugins\mcufinder
2023-08-11 14:35:36,735 [INFO] CrossReferenceDbSqlite:203 - Set database path to: C:\Users\vnlemanhthanh\.stmcufinder\plugins\mcufinder//mcu/cs/
2023-08-11 14:35:36,867 [INFO] MainPanel:262 - HeapMemory: 268435456
2023-08-11 14:35:36,956 [INFO] DbMcusXml:78 - Set database path to: C:\ST\STM32CubeIDE_1.13.1\STM32CubeIDE\plugins\com.st.stm32cube.common.mx_6.9.1.202307191849\\db\/mcu/
2023-08-11 14:35:36,956 [INFO] ApiDb:274 - Set plugin database path to: C:\ST\STM32CubeIDE_1.13.1\STM32CubeIDE\plugins\com.st.stm32cube.common.mx_6.9.1.202307191849\\db\/plugins/boardmanager/
2023-08-11 14:35:36,957 [INFO] ApiDb:261 - Set plugin images path to: C:\ST\STM32CubeIDE_1.13.1\STM32CubeIDE\plugins\com.st.stm32cube.common.mx_6.9.1.202307191849\\db\/plugins/mcufinder/images/
2023-08-11 14:35:36,957 [WARN] DbFile:41 - Overriding database path with different value: C:\Users\vnlemanhthanh\.stmcufinder\plugins\mcufinder/ => C:\Users\vnlemanhthanh\.stmcufinder\plugins\mcufinder
2023-08-11 14:35:36,957 [INFO] ApiDb:250 - Set database path to: C:\Users\vnlemanhthanh\.stmcufinder\plugins\mcufinder//mcu/
2023-08-11 14:35:36,958 [WARN] DbFile:41 - Overriding database path with different value: C:\Users\vnlemanhthanh\.stmcufinder\plugins\mcufinder/ => C:\Users\vnlemanhthanh\.stmcufinder\plugins\mcufinder
2023-08-11 14:35:36,958 [INFO] DbMcusAds:125 - Set database path to: C:\Users\vnlemanhthanh\.stmcufinder\plugins\mcufinder//mcu/
2023-08-11 14:35:36,958 [WARN] DbFile:41 - Overriding database path with different value: C:\Users\vnlemanhthanh\.stmcufinder\plugins\mcufinder/ => C:\Users\vnlemanhthanh\.stmcufinder\plugins\mcufinder
2023-08-11 14:35:36,958 [WARN] DbFile:41 - Overriding database path with different value: C:\Users\vnlemanhthanh\.stmcufinder\plugins\mcufinder/ => C:\Users\vnlemanhthanh\.stmcufinder\plugins\mcufinder
2023-08-11 14:35:37,734 [INFO] CrossReferenceDbSqlite:203 - Set database path to: C:\Users\vnlemanhthanh\.stmcufinder\plugins\mcufinder//mcu/cs/
2023-08-11 14:35:37,773 [INFO] ApplicationProperties:184 - Using Application install path: C:\ST\STM32CubeIDE_1.13.1\STM32CubeIDE\plugins\com.st.stm32cube.common.mx_6.9.1.202307191849
2023-08-11 14:35:37,775 [INFO] PluginManage:196 - Search for loadable plugins [exclusion list=, ]
2023-08-11 14:35:37,777 [INFO] PluginManage:310 - Check plugin analytics
2023-08-11 14:35:38,933 [INFO] AnalyticsPlugin:253 - Accepted Software Licenses: 
2023-08-11 14:35:38,933 [INFO] AnalyticsPlugin:255 - Accepted CMSIS Pack Licenses: 
2023-08-11 14:35:38,934 [INFO] AnalyticsPlugin:257 - Accepted Firmware Licenses: 
2023-08-11 14:35:38,940 [INFO] PluginManage:359 - Loaded plugin analytics (category:tool,tabindex:-1)
2023-08-11 14:35:38,941 [INFO] PluginManage:310 - Check plugin cadmodel
2023-08-11 14:35:38,950 [INFO] CADModel:105 - Init CAD model plugin
2023-08-11 14:35:38,950 [INFO] PluginManage:359 - Loaded plugin cadmodel (category:power,tabindex:5)
2023-08-11 14:35:38,951 [INFO] PluginManage:310 - Check plugin clock
2023-08-11 14:35:38,978 [INFO] PluginManage:359 - Loaded plugin clock (category:base,tabindex:2)
2023-08-11 14:35:38,978 [INFO] PluginManage:310 - Check plugin ddr
2023-08-11 14:35:38,982 [INFO] PluginManage:359 - Loaded plugin ddr (category:tool,tabindex:6)
2023-08-11 14:35:38,982 [INFO] PluginManage:310 - Check plugin filemanager
2023-08-11 14:35:39,234 [INFO] PluginManage:359 - Loaded plugin filemanager (category:base,tabindex:10)
2023-08-11 14:35:39,234 [INFO] PluginManage:310 - Check plugin ipmanager
2023-08-11 14:35:39,247 [INFO] PluginManage:359 - Loaded plugin ipmanager (category:base,tabindex:5)
2023-08-11 14:35:39,247 [INFO] PluginManage:310 - Check plugin lpbam
2023-08-11 14:35:39,260 [INFO] PluginManage:359 - Loaded plugin lpbam (category:base,tabindex:0)
2023-08-11 14:35:39,260 [INFO] PluginManage:310 - Check plugin memorymap
2023-08-11 14:35:39,282 [INFO] PluginManage:359 - Loaded plugin memorymap (category:base,tabindex:4)
2023-08-11 14:35:39,283 [INFO] PluginManage:310 - Check plugin pinoutandconfiguration
2023-08-11 14:35:39,294 [INFO] PluginManage:359 - Loaded plugin pinoutandconfiguration (category:base,tabindex:1)
2023-08-11 14:35:39,294 [INFO] PluginManage:310 - Check plugin pinoutconfig
2023-08-11 14:35:39,440 [WARN] SupportedApi:132 - Cannot load RTOS API schema: s4s-elt-must-match.1: The content of 'definitions' must match (annotation?, (simpleType | complexType)?, (unique | key | keyref)*)). A problem was found starting at: attribute.
2023-08-11 14:35:39,701 [INFO] PluginManage:359 - Loaded plugin pinoutconfig (category:base,tabindex:0)
2023-08-11 14:35:39,702 [INFO] PluginManage:310 - Check plugin power
2023-08-11 14:35:39,724 [INFO] PluginManage:359 - Loaded plugin power (category:power,tabindex:4)
2023-08-11 14:35:39,724 [INFO] PluginManage:310 - Check plugin projectmanager
2023-08-11 14:35:39,751 [INFO] PluginManage:359 - Loaded plugin projectmanager (category:projectmanager,tabindex:3)
2023-08-11 14:35:39,752 [INFO] PluginManage:310 - Check plugin thirdparty
2023-08-11 14:35:39,986 [INFO] PluginManage:359 - Loaded plugin thirdparty (category:base,tabindex:-1)
2023-08-11 14:35:39,986 [INFO] PluginManage:310 - Check plugin tools
2023-08-11 14:35:39,986 [WARN] IntegrityCheckThread:84 - waiting for thirdparty lock release [integrity check]
2023-08-11 14:35:39,987 [INFO] IntegrityCheckThread:86 - entering critical section [integrity check]
2023-08-11 14:35:39,988 [INFO] ThirdPartyUpdaterWithRetryManager:70 - Updater plugin not ready yet. [1/15]
2023-08-11 14:35:39,992 [INFO] PluginManage:359 - Loaded plugin tools (category:base,tabindex:7)
2023-08-11 14:35:39,992 [INFO] PluginManage:310 - Check plugin tutovideos
2023-08-11 14:35:40,232 [INFO] PluginManage:359 - Loaded plugin tutovideos (category:base,tabindex:-1)
2023-08-11 14:35:40,232 [INFO] PluginManage:310 - Check plugin updater
2023-08-11 14:35:40,250 [INFO] PluginManage:359 - Loaded plugin updater (category:base,tabindex:12)
2023-08-11 14:35:40,251 [INFO] PluginManage:310 - Check plugin userauth
2023-08-11 14:35:40,259 [INFO] UserAuth:113 - Init User Auth plugin
2023-08-11 14:35:40,259 [INFO] PluginManage:359 - Loaded plugin userauth (category:base,tabindex:14)
2023-08-11 14:35:40,260 [INFO] PluginManage:283 - PluginManage : Loaded plugins [17]
2023-08-11 14:35:40,631 [INFO] PinOutPanel:1499 - setPackage(No Configuration,No Configuration)
2023-08-11 14:35:40,884 [INFO] CADModel:165 - CPN selected for project level
2023-08-11 14:35:40,884 [INFO] CADModel:114 - Register for checkConnection events
2023-08-11 14:35:40,910 [INFO] IPUIPlugin:80 - create IPUIPlugin
2023-08-11 14:35:40,910 [INFO] PluginManager:220 - loadIPPluginJar : add adc
2023-08-11 14:35:40,913 [INFO] IPUIPlugin:80 - create IPUIPlugin
2023-08-11 14:35:40,914 [INFO] PluginManager:220 - loadIPPluginJar : add aes
2023-08-11 14:35:40,917 [INFO] IPUIPlugin:80 - create IPUIPlugin
2023-08-11 14:35:40,917 [INFO] PluginManager:220 - loadIPPluginJar : add can
2023-08-11 14:35:40,920 [INFO] IPUIPlugin:80 - create IPUIPlugin
2023-08-11 14:35:40,921 [INFO] PluginManager:220 - loadIPPluginJar : add comp
2023-08-11 14:35:40,925 [INFO] IPUIPlugin:80 - create IPUIPlugin
2023-08-11 14:35:40,925 [INFO] PluginManager:220 - loadIPPluginJar : add cryp
2023-08-11 14:35:40,928 [INFO] IPUIPlugin:80 - create IPUIPlugin
2023-08-11 14:35:40,928 [INFO] PluginManager:220 - loadIPPluginJar : add dfsdm
2023-08-11 14:35:40,934 [INFO] IPUIPlugin:80 - create IPUIPlugin
2023-08-11 14:35:40,935 [INFO] PluginManager:220 - loadIPPluginJar : add dma
2023-08-11 14:35:40,940 [INFO] IPUIPlugin:80 - create IPUIPlugin
2023-08-11 14:35:40,940 [INFO] PluginManager:220 - loadIPPluginJar : add dma3
2023-08-11 14:35:40,942 [INFO] IPUIPlugin:80 - create IPUIPlugin
2023-08-11 14:35:40,942 [INFO] PluginManager:220 - loadIPPluginJar : add fatfs
2023-08-11 14:35:40,948 [INFO] IPUIPlugin:80 - create IPUIPlugin
2023-08-11 14:35:40,948 [INFO] PluginManager:220 - loadIPPluginJar : add fmc
2023-08-11 14:35:40,958 [INFO] IPUIPlugin:80 - create IPUIPlugin
2023-08-11 14:35:40,958 [INFO] PluginManager:220 - loadIPPluginJar : add freertos
2023-08-11 14:35:40,960 [INFO] IPUIPlugin:80 - create IPUIPlugin
2023-08-11 14:35:40,961 [INFO] PluginManager:220 - loadIPPluginJar : add genericplugin
2023-08-11 14:35:40,964 [INFO] IPUIPlugin:80 - create IPUIPlugin
2023-08-11 14:35:40,964 [INFO] PluginManager:220 - loadIPPluginJar : add gfxmmu
2023-08-11 14:35:40,973 [INFO] IPUIPlugin:80 - create IPUIPlugin
2023-08-11 14:35:40,974 [INFO] PluginManager:220 - loadIPPluginJar : add gic
2023-08-11 14:35:40,980 [INFO] IPUIPlugin:80 - create IPUIPlugin
2023-08-11 14:35:40,981 [INFO] PluginManager:220 - loadIPPluginJar : add gpio
2023-08-11 14:35:40,987 [INFO] IPUIPlugin:80 - create IPUIPlugin
2023-08-11 14:35:40,988 [INFO] PluginManager:220 - loadIPPluginJar : add gtzc
2023-08-11 14:35:40,993 [INFO] IPUIPlugin:80 - create IPUIPlugin
2023-08-11 14:35:40,994 [INFO] PluginManager:220 - loadIPPluginJar : add hash
2023-08-11 14:35:40,999 [INFO] IPUIPlugin:80 - create IPUIPlugin
2023-08-11 14:35:40,999 [INFO] PluginManager:220 - loadIPPluginJar : add i2c
2023-08-11 14:35:41,009 [INFO] IPUIPlugin:80 - create IPUIPlugin
2023-08-11 14:35:41,009 [INFO] PluginManager:220 - loadIPPluginJar : add i2s
2023-08-11 14:35:41,015 [INFO] IPUIPlugin:80 - create IPUIPlugin
2023-08-11 14:35:41,015 [INFO] PluginManager:220 - loadIPPluginJar : add i3c
2023-08-11 14:35:41,024 [INFO] IPUIPlugin:80 - create IPUIPlugin
2023-08-11 14:35:41,026 [INFO] PluginManager:220 - loadIPPluginJar : add ipddr
2023-08-11 14:35:41,040 [INFO] IPUIPlugin:80 - create IPUIPlugin
2023-08-11 14:35:41,040 [INFO] PluginManager:220 - loadIPPluginJar : add linkedlist
2023-08-11 14:35:41,045 [INFO] IPUIPlugin:80 - create IPUIPlugin
2023-08-11 14:35:41,046 [INFO] PluginManager:220 - loadIPPluginJar : add lorawan
2023-08-11 14:35:41,049 [INFO] IPUIPlugin:80 - create IPUIPlugin
2023-08-11 14:35:41,049 [INFO] PluginManager:220 - loadIPPluginJar : add ltdc
2023-08-11 14:35:41,061 [INFO] IPUIPlugin:80 - create IPUIPlugin
2023-08-11 14:35:41,064 [INFO] PluginManager:220 - loadIPPluginJar : add mdma
2023-08-11 14:35:41,075 [INFO] IPUIPlugin:80 - create IPUIPlugin
2023-08-11 14:35:41,076 [INFO] PluginManager:220 - loadIPPluginJar : add nvic
2023-08-11 14:35:41,080 [INFO] IPUIPlugin:80 - create IPUIPlugin
2023-08-11 14:35:41,081 [INFO] PluginManager:220 - loadIPPluginJar : add opamp
2023-08-11 14:35:41,085 [INFO] IPUIPlugin:80 - create IPUIPlugin
2023-08-11 14:35:41,085 [INFO] PluginManager:220 - loadIPPluginJar : add openamp
2023-08-11 14:35:41,103 [INFO] IPUIPlugin:80 - create IPUIPlugin
2023-08-11 14:35:41,103 [INFO] PluginManager:220 - loadIPPluginJar : add pdm2pcm
2023-08-11 14:35:41,117 [INFO] IPUIPlugin:80 - create IPUIPlugin
2023-08-11 14:35:41,124 [INFO] PluginManager:220 - loadIPPluginJar : add plateformsettings
2023-08-11 14:35:41,128 [INFO] IPUIPlugin:80 - create IPUIPlugin
2023-08-11 14:35:41,129 [INFO] PluginManager:220 - loadIPPluginJar : add quadspi
2023-08-11 14:35:41,135 [INFO] IPUIPlugin:80 - create IPUIPlugin
2023-08-11 14:35:41,135 [INFO] PluginManager:220 - loadIPPluginJar : add resmgrutility
2023-08-11 14:35:41,143 [INFO] IPUIPlugin:80 - create IPUIPlugin
2023-08-11 14:35:41,144 [INFO] PluginManager:220 - loadIPPluginJar : add sai
2023-08-11 14:35:41,149 [INFO] IPUIPlugin:80 - create IPUIPlugin
2023-08-11 14:35:41,149 [INFO] PluginManager:220 - loadIPPluginJar : add spi
2023-08-11 14:35:41,165 [INFO] IPUIPlugin:80 - create IPUIPlugin
2023-08-11 14:35:41,166 [INFO] PluginManager:220 - loadIPPluginJar : add stm32_wpan
2023-08-11 14:35:41,175 [INFO] IPUIPlugin:80 - create IPUIPlugin
2023-08-11 14:35:41,176 [INFO] PluginManager:220 - loadIPPluginJar : add tim
2023-08-11 14:35:41,184 [INFO] IPUIPlugin:80 - create IPUIPlugin
2023-08-11 14:35:41,185 [INFO] PluginManager:220 - loadIPPluginJar : add touchsensing
2023-08-11 14:35:41,199 [INFO] IPUIPlugin:80 - create IPUIPlugin
2023-08-11 14:35:41,199 [INFO] PluginManager:220 - loadIPPluginJar : add tracer_emb
2023-08-11 14:35:41,205 [INFO] IPUIPlugin:80 - create IPUIPlugin
2023-08-11 14:35:41,205 [INFO] PluginManager:220 - loadIPPluginJar : add ts
2023-08-11 14:35:41,208 [INFO] IPUIPlugin:80 - create IPUIPlugin
2023-08-11 14:35:41,209 [INFO] PluginManager:220 - loadIPPluginJar : add tsc
2023-08-11 14:35:41,213 [INFO] IPUIPlugin:80 - create IPUIPlugin
2023-08-11 14:35:41,214 [INFO] PluginManager:220 - loadIPPluginJar : add ucpd
2023-08-11 14:35:41,221 [INFO] IPUIPlugin:80 - create IPUIPlugin
2023-08-11 14:35:41,222 [INFO] PluginManager:220 - loadIPPluginJar : add usart
2023-08-11 14:35:41,231 [INFO] IPUIPlugin:80 - create IPUIPlugin
2023-08-11 14:35:41,232 [INFO] PluginManager:220 - loadIPPluginJar : add usbx
2023-08-11 14:35:41,515 [INFO] CADModel:165 - CPN selected for project level
2023-08-11 14:35:41,515 [INFO] CADModel:114 - Register for checkConnection events
2023-08-11 14:35:41,515 [FATAL] Updater:308 - Updater called before beeing initialized
2023-08-11 14:35:41,516 [ERROR] CADModel:125 - Updater not yet initialized, retry later 
2023-08-11 14:35:41,785 [INFO] CADModel:165 - CPN selected for project level
2023-08-11 14:35:41,785 [INFO] CADModel:114 - Register for checkConnection events
2023-08-11 14:35:41,786 [FATAL] Updater:308 - Updater called before beeing initialized
2023-08-11 14:35:41,788 [ERROR] CADModel:125 - Updater not yet initialized, retry later 
2023-08-11 14:35:41,795 [FATAL] Updater:308 - Updater called before beeing initialized
2023-08-11 14:35:42,092 [FATAL] Updater:308 - Updater called before beeing initialized
2023-08-11 14:35:42,111 [INFO] DbMcusAds:53 - JSON generation date=Thu Sep 30 13:55:09 ICT 2021 (1632984909247)
2023-08-11 14:35:42,111 [FATAL] Updater:308 - Updater called before beeing initialized
2023-08-11 14:35:42,179 [WARN] DetailPanel:346 - Failed to get advertising image, set to default
2023-08-11 14:35:42,367 [FATAL] Updater:308 - Updater called before beeing initialized
2023-08-11 14:35:42,370 [FATAL] Updater:308 - Updater called before beeing initialized
2023-08-11 14:35:42,371 [FATAL] Updater:308 - Updater called before beeing initialized
2023-08-11 14:35:42,372 [WARN] DetailPanel:346 - Failed to get advertising image, set to default
2023-08-11 14:35:42,374 [FATAL] Updater:308 - Updater called before beeing initialized
2023-08-11 14:35:42,466 [ERROR] Updater:1120 - MainUpdater not yet initialized. External WinMGr cannot be set.
2023-08-11 14:35:42,469 [INFO] Updater:1056 - Updater Version found : 6.9.1
2023-08-11 14:35:42,498 [INFO] ApplicationProperties:184 - Using Application install path: C:\ST\STM32CubeIDE_1.13.1\STM32CubeIDE\plugins\com.st.stm32cube.common.mx_6.9.1.202307191849
2023-08-11 14:35:42,753 [INFO] MainUpdater:2868 - connection check result : 10
2023-08-11 14:35:42,755 [INFO] MainUpdater:285 - Updater Check For Update Now.
2023-08-11 14:35:42,755 [INFO] MicroXplorer:498 - Change Database Version : DB.6.0.91
2023-08-11 14:35:42,767 [INFO] McuFinderGlobals:63 - Set McuFinder mode to 2 (CubeIDE integrated)
2023-08-11 14:35:42,767 [INFO] UserAuth:179 - activating auth plugin
2023-08-11 14:35:42,776 [INFO] UserAuth:393 - Internet connection configuration mode: 1
2023-08-11 14:35:42,812 [INFO] JxBrowserEngine:151 - Initiate JxBrowser Engine with user profile folder
2023-08-11 14:35:43,039 [WARN] MainUpdater:1189 - Updater busy. Cannot search thirdparties
2023-08-11 14:35:43,043 [INFO] ThirdPartyUpdaterWithRetryManager:96 - Updater plugin is busy. [1/15]
2023-08-11 14:35:43,282 [INFO] CheckServerUpdateThread:120 - End of CheckServer Thread
2023-08-11 14:35:44,377 [INFO] WebApp:157 - Instantiating new browser for Auth
2023-08-11 14:35:45,498 [INFO] WebApp:753 - Register for checkConnection events
2023-08-11 14:35:45,499 [INFO] WebApp:390 - Apply proxy settings
2023-08-11 14:35:45,499 [INFO] WebApp:475 - Chromium requires no authentication
2023-08-11 14:35:45,511 [INFO] WebApp:418 - Direct internet connection detected
2023-08-11 14:35:45,808 [INFO] WebApp:188 - Starting web application
2023-08-11 14:35:45,808 [INFO] WebApp:520 - Web application path used C:\ST\STM32CubeIDE_1.13.1\STM32CubeIDE\plugins\com.st.stm32cube.common.mx_6.9.1.202307191849\db\plugins\mcufinder\reactClient1\index.html
2023-08-11 14:35:46,994 [WARN] PackLoader:240 - Cannot read IP mode file for STMicroelectronics.X-CUBE-SMBUS.2.1.0
2023-08-11 14:35:47,197 [WARN] PackLoader:240 - Cannot read IP mode file for STMicroelectronics.X-CUBE-AZRTOS-F7.1.1.0
2023-08-11 14:35:47,297 [WARN] PackLoader:240 - Cannot read IP mode file for STMicroelectronics.FP-SNS-MOTENV1.4.3.2
2023-08-11 14:35:47,350 [WARN] PackLoader:240 - Cannot read IP mode file for STMicroelectronics.X-CUBE-BLE1.6.2.4
2023-08-11 14:35:47,382 [WARN] PackLoader:240 - Cannot read IP mode file for STMicroelectronics.FP-SNS-FLIGHT1.5.0.2
2023-08-11 14:35:47,465 [WARN] PackLoader:240 - Cannot read IP mode file for STMicroelectronics.X-CUBE-DISPLAY.3.0.0
2023-08-11 14:35:47,602 [WARN] PackLoader:240 - Cannot read IP mode file for emotas.I-CUBE-CANOPEN.1.3.0
2023-08-11 14:35:47,746 [WARN] PackLoader:240 - Cannot read IP mode file for STMicroelectronics.X-CUBE-TOUCHGFX.4.22.0
2023-08-11 14:35:47,819 [INFO] LogOutputStream:77 - [STDOUT_REDIRECT] 1 : Invalid condition id : UX_CORESTACK_Condition cause : null
2023-08-11 14:35:47,824 [INFO] LogOutputStream:77 - [STDOUT_REDIRECT] 1 : Invalid condition id : UX_CORESTACK_Condition cause : null
2023-08-11 14:35:47,832 [INFO] LogOutputStream:77 - [STDOUT_REDIRECT] 1 : Invalid condition id : UX_CORESTACK_Condition cause : null
2023-08-11 14:35:47,835 [INFO] LogOutputStream:77 - [STDOUT_REDIRECT] 1 : Invalid condition id : UX_CORESTACK_Condition cause : null
2023-08-11 14:35:47,839 [INFO] LogOutputStream:77 - [STDOUT_REDIRECT] 1 : Invalid condition id : UX_CORESTACK_Condition cause : null
2023-08-11 14:35:47,877 [WARN] PackLoader:240 - Cannot read IP mode file for STMicroelectronics.X-CUBE-AZRTOS-WL.2.0.0
2023-08-11 14:35:47,948 [WARN] PackLoader:240 - Cannot read IP mode file for WES.I-CUBE-Cesium.1.3.0
2023-08-11 14:35:47,978 [WARN] PackLoader:240 - Cannot read IP mode file for STMicroelectronics.X-CUBE-BLE2.3.3.0
2023-08-11 14:35:47,997 [WARN] PackLoader:240 - Cannot read IP mode file for STMicroelectronics.X-CUBE-ALGOBUILD.1.3.0
2023-08-11 14:35:48,062 [WARN] PackLoader:240 - Cannot read IP mode file for STMicroelectronics.X-CUBE-AZRTOS-G0.1.1.0
2023-08-11 14:35:48,083 [WARN] PackLoader:240 - Cannot read IP mode file for STMicroelectronics.X-CUBE-NFC4.3.0.0
2023-08-11 14:35:48,108 [WARN] PackLoader:240 - Cannot read IP mode file for STMicroelectronics.FP-ATR-SIGFOX1.3.2.0
2023-08-11 14:35:48,240 [WARN] PackLoader:240 - Cannot read IP mode file for SEGGER.I-CUBE-embOS.1.3.1
2023-08-11 14:35:48,459 [WARN] PackLoader:240 - Cannot read IP mode file for STMicroelectronics.X-CUBE-GNSS1.6.0.0
2023-08-11 14:35:48,511 [WARN] PackLoader:240 - Cannot read IP mode file for STMicroelectronics.X-CUBE-AZRTOS-F4.1.1.0
2023-08-11 14:35:48,524 [WARN] PackLoader:240 - Cannot read IP mode file for wolfSSL.I-CUBE-wolfSSL.5.6.3
2023-08-11 14:35:48,577 [WARN] PackLoader:240 - Cannot read IP mode file for STMicroelectronics.X-CUBE-AZRTOS-L5.2.0.0
2023-08-11 14:35:48,740 [WARN] PackLoader:240 - Cannot read IP mode file for STMicroelectronics.X-CUBE-MEMS1.9.6.0
2023-08-11 14:35:49,210 [WARN] PackLoader:240 - Cannot read IP mode file for STMicroelectronics.X-CUBE-BLEMGR.2.0.0
2023-08-11 14:35:49,259 [WARN] ConditionMgr:438 - getConditionDescription Invalid condition id : UX DEVICE CLASS RTOS Condition cause : null
2023-08-11 14:35:49,260 [WARN] ConditionMgr:438 - getConditionDescription Invalid condition id : UX DEVICE CLASS RTOS Condition cause : null
2023-08-11 14:35:49,265 [WARN] PackLoader:240 - Cannot read IP mode file for STMicroelectronics.X-CUBE-AZRTOS-H7.3.1.0
2023-08-11 14:35:49,269 [WARN] ConditionMgr:1039 - genDependencies : Invalid condition id : UX DEVICE CLASS RTOS Condition cause : null
2023-08-11 14:35:49,270 [WARN] ConditionMgr:1039 - genDependencies : Invalid condition id : UX DEVICE CLASS RTOS Condition cause : null
2023-08-11 14:35:49,272 [WARN] ConditionMgr:1039 - genDependencies : Invalid condition id : UX DEVICE CLASS RTOS Condition cause : null
2023-08-11 14:35:49,273 [WARN] ConditionMgr:1039 - genDependencies : Invalid condition id : UX DEVICE CLASS RTOS Condition cause : null
2023-08-11 14:35:49,273 [WARN] ConditionMgr:1039 - genDependencies : Invalid condition id : UX DEVICE CLASS RTOS Condition cause : null
2023-08-11 14:35:49,288 [WARN] PackLoader:240 - Cannot read IP mode file for STMicroelectronics.X-CUBE-NFC7.1.0.1
2023-08-11 14:35:49,301 [WARN] PackLoader:240 - Cannot read IP mode file for STMicroelectronics.X-CUBE-EEPRMA1.4.1.0
2023-08-11 14:35:49,310 [WARN] PackLoader:240 - Cannot read IP mode file for STMicroelectronics.X-CUBE-AI.8.1.0
2023-08-11 14:35:49,361 [WARN] ConditionMgr:438 - getConditionDescription Invalid condition id : LAN8742 Phy interface Condition cause : null
2023-08-11 14:35:49,362 [WARN] PackLoader:240 - Cannot read IP mode file for STMicroelectronics.X-CUBE-AZRTOS-L4.2.0.0
2023-08-11 14:35:49,371 [WARN] ConditionMgr:1039 - genDependencies : Invalid condition id : LAN8742 Phy interface Condition cause : null
2023-08-11 14:35:49,372 [WARN] ConditionMgr:1039 - genDependencies : Invalid condition id : LAN8742 Phy interface Condition cause : null
2023-08-11 14:35:49,374 [WARN] ConditionMgr:1039 - genDependencies : Invalid condition id : LAN8742 Phy interface Condition cause : null
2023-08-11 14:35:49,390 [WARN] PackLoader:240 - Cannot read IP mode file for STMicroelectronics.X-CUBE-SFXS2LP1.4.0.0
2023-08-11 14:35:49,398 [WARN] PackLoader:240 - Cannot read IP mode file for STMicroelectronics.X-CUBE-ISPU.1.1.0
2023-08-11 14:35:49,441 [WARN] ConditionMgr:438 - getConditionDescription Invalid condition id : UX DEVICE CLASS RTOS Condition cause : null
2023-08-11 14:35:49,441 [WARN] ConditionMgr:438 - getConditionDescription Invalid condition id : UX DEVICE CLASS RTOS Condition cause : null
2023-08-11 14:35:49,445 [WARN] PackLoader:240 - Cannot read IP mode file for STMicroelectronics.X-CUBE-AZRTOS-WB.2.0.0
2023-08-11 14:35:49,446 [WARN] ConditionMgr:1039 - genDependencies : Invalid condition id : UX DEVICE CLASS RTOS Condition cause : null
2023-08-11 14:35:49,447 [WARN] ConditionMgr:1039 - genDependencies : Invalid condition id : UX DEVICE CLASS RTOS Condition cause : null
2023-08-11 14:35:49,448 [WARN] ConditionMgr:1039 - genDependencies : Invalid condition id : UX DEVICE CLASS RTOS Condition cause : null
2023-08-11 14:35:49,449 [WARN] ConditionMgr:1039 - genDependencies : Invalid condition id : UX DEVICE CLASS RTOS Condition cause : null
2023-08-11 14:35:49,449 [WARN] ConditionMgr:1039 - genDependencies : Invalid condition id : UX DEVICE CLASS RTOS Condition cause : null
2023-08-11 14:35:49,464 [WARN] PackLoader:240 - Cannot read IP mode file for STMicroelectronics.X-CUBE-FREERTOS.1.0.1
2023-08-11 14:35:49,481 [WARN] PackLoader:240 - Cannot read IP mode file for STMicroelectronics.X-CUBE-SUBG2.5.0.0
2023-08-11 14:35:49,597 [WARN] PackLoader:240 - Cannot read IP mode file for STMicroelectronics.X-CUBE-TOF1.3.3.1
2023-08-11 14:35:49,735 [WARN] PackLoader:240 - Cannot read IP mode file for STMicroelectronics.X-CUBE-AZRTOS-G4.2.0.0
2023-08-11 14:35:49,837 [WARN] PackLoader:240 - Cannot read IP mode file for portGmbH.I-Cube-SoM-uGOAL.1.1.0
2023-08-11 14:35:49,894 [WARN] PackLoader:240 - Cannot read IP mode file for STMicroelectronics.X-CUBE-ALS.1.0.1
2023-08-11 14:35:49,904 [WARN] PackLoader:240 - Cannot read IP mode file for STMicroelectronics.FP-ATR-ASTRA1.2.0.0
2023-08-11 14:35:49,905 [INFO] ThirdParty:978 - Integrity check success = true
2023-08-11 14:35:49,906 [INFO] IntegrityCheckThread:100 - exiting critical section [integrity check]
2023-08-11 14:35:49,906 [INFO] IntegrityCheckThread:103 - End integrity checks thread
2023-08-11 14:36:05,620 [ERROR] LogOutputStream:75 - [STDERR_REDIRECT] 
2023-08-11 15:06:39,889 [INFO] Activator:176 - 


2023-08-11 15:06:39,894 [INFO] Activator:177 - !SESSION log4j initialized
2023-08-11 15:06:47,741 [INFO] LogOutputStream:77 - [STDOUT_REDIRECT] 
2023-08-11 15:06:52,919 [INFO] ApplicationProperties:184 - Using Application install path: C:\ST\STM32CubeIDE_1.13.1\STM32CubeIDE\plugins\com.st.stm32cube.common.mx_6.9.1.202307191849
2023-08-11 15:06:52,953 [INFO] DbMcusXml:78 - Set database path to: C:\ST\STM32CubeIDE_1.13.1\STM32CubeIDE\plugins\com.st.stm32cube.common.mx_6.9.1.202307191849\\db\/mcu/
2023-08-11 15:06:52,954 [INFO] ApiDb:274 - Set plugin database path to: C:\ST\STM32CubeIDE_1.13.1\STM32CubeIDE\plugins\com.st.stm32cube.common.mx_6.9.1.202307191849\\db\/plugins/boardmanager/
2023-08-11 15:06:52,954 [WARN] ApiDb:259 - Overriding images path with different value:  => C:\ST\STM32CubeIDE_1.13.1\STM32CubeIDE\plugins\com.st.stm32cube.common.mx_6.9.1.202307191849\\db\/plugins/mcufinder/images/
2023-08-11 15:06:52,971 [INFO] ApiDb:250 - Set database path to: C:\Users\vnlemanhthanh\.stmcufinder\plugins\mcufinder//mcu/
2023-08-11 15:06:52,973 [INFO] DbMcusAds:125 - Set database path to: C:\Users\vnlemanhthanh\.stmcufinder\plugins\mcufinder//mcu/
2023-08-11 15:06:53,733 [INFO] CrossReferenceDbSqlite:203 - Set database path to: C:\Users\vnlemanhthanh\.stmcufinder\plugins\mcufinder//mcu/cs/
2023-08-11 15:06:53,989 [INFO] RulesReader:64 - Compatibility file has been processed (293 Rules)
2023-08-11 15:06:54,183 [INFO] DbMcusXml:78 - Set database path to: C:\ST\STM32CubeIDE_1.13.1\STM32CubeIDE\plugins\com.st.stm32cube.common.mx_6.9.1.202307191849\\db\/mcu/
2023-08-11 15:06:54,184 [INFO] ApiDb:274 - Set plugin database path to: C:\ST\STM32CubeIDE_1.13.1\STM32CubeIDE\plugins\com.st.stm32cube.common.mx_6.9.1.202307191849\\db\/plugins/boardmanager/
2023-08-11 15:06:54,184 [INFO] ApiDb:261 - Set plugin images path to: C:\ST\STM32CubeIDE_1.13.1\STM32CubeIDE\plugins\com.st.stm32cube.common.mx_6.9.1.202307191849\\db\/plugins/mcufinder/images/
2023-08-11 15:06:54,186 [WARN] DbFile:41 - Overriding database path with different value: C:\Users\vnlemanhthanh\.stmcufinder\plugins\mcufinder/ => C:\Users\vnlemanhthanh\.stmcufinder\plugins\mcufinder
2023-08-11 15:06:54,186 [INFO] ApiDb:250 - Set database path to: C:\Users\vnlemanhthanh\.stmcufinder\plugins\mcufinder//mcu/
2023-08-11 15:06:54,186 [WARN] DbFile:41 - Overriding database path with different value: C:\Users\vnlemanhthanh\.stmcufinder\plugins\mcufinder/ => C:\Users\vnlemanhthanh\.stmcufinder\plugins\mcufinder
2023-08-11 15:06:54,189 [INFO] DbMcusAds:125 - Set database path to: C:\Users\vnlemanhthanh\.stmcufinder\plugins\mcufinder//mcu/
2023-08-11 15:06:54,190 [WARN] DbFile:41 - Overriding database path with different value: C:\Users\vnlemanhthanh\.stmcufinder\plugins\mcufinder/ => C:\Users\vnlemanhthanh\.stmcufinder\plugins\mcufinder
2023-08-11 15:06:54,190 [WARN] DbFile:41 - Overriding database path with different value: C:\Users\vnlemanhthanh\.stmcufinder\plugins\mcufinder/ => C:\Users\vnlemanhthanh\.stmcufinder\plugins\mcufinder
2023-08-11 15:06:54,733 [INFO] CrossReferenceDbSqlite:203 - Set database path to: C:\Users\vnlemanhthanh\.stmcufinder\plugins\mcufinder//mcu/cs/
2023-08-11 15:06:54,910 [INFO] MainPanel:262 - HeapMemory: 268435456
2023-08-11 15:06:55,106 [INFO] DbMcusXml:78 - Set database path to: C:\ST\STM32CubeIDE_1.13.1\STM32CubeIDE\plugins\com.st.stm32cube.common.mx_6.9.1.202307191849\\db\/mcu/
2023-08-11 15:06:55,107 [INFO] ApiDb:274 - Set plugin database path to: C:\ST\STM32CubeIDE_1.13.1\STM32CubeIDE\plugins\com.st.stm32cube.common.mx_6.9.1.202307191849\\db\/plugins/boardmanager/
2023-08-11 15:06:55,107 [INFO] ApiDb:261 - Set plugin images path to: C:\ST\STM32CubeIDE_1.13.1\STM32CubeIDE\plugins\com.st.stm32cube.common.mx_6.9.1.202307191849\\db\/plugins/mcufinder/images/
2023-08-11 15:06:55,108 [WARN] DbFile:41 - Overriding database path with different value: C:\Users\vnlemanhthanh\.stmcufinder\plugins\mcufinder/ => C:\Users\vnlemanhthanh\.stmcufinder\plugins\mcufinder
2023-08-11 15:06:55,108 [INFO] ApiDb:250 - Set database path to: C:\Users\vnlemanhthanh\.stmcufinder\plugins\mcufinder//mcu/
2023-08-11 15:06:55,108 [WARN] DbFile:41 - Overriding database path with different value: C:\Users\vnlemanhthanh\.stmcufinder\plugins\mcufinder/ => C:\Users\vnlemanhthanh\.stmcufinder\plugins\mcufinder
2023-08-11 15:06:55,108 [INFO] DbMcusAds:125 - Set database path to: C:\Users\vnlemanhthanh\.stmcufinder\plugins\mcufinder//mcu/
2023-08-11 15:06:55,108 [WARN] DbFile:41 - Overriding database path with different value: C:\Users\vnlemanhthanh\.stmcufinder\plugins\mcufinder/ => C:\Users\vnlemanhthanh\.stmcufinder\plugins\mcufinder
2023-08-11 15:06:55,108 [WARN] DbFile:41 - Overriding database path with different value: C:\Users\vnlemanhthanh\.stmcufinder\plugins\mcufinder/ => C:\Users\vnlemanhthanh\.stmcufinder\plugins\mcufinder
2023-08-11 15:06:55,733 [INFO] CrossReferenceDbSqlite:203 - Set database path to: C:\Users\vnlemanhthanh\.stmcufinder\plugins\mcufinder//mcu/cs/
2023-08-11 15:06:55,775 [INFO] ApplicationProperties:184 - Using Application install path: C:\ST\STM32CubeIDE_1.13.1\STM32CubeIDE\plugins\com.st.stm32cube.common.mx_6.9.1.202307191849
2023-08-11 15:06:55,779 [INFO] PluginManage:196 - Search for loadable plugins [exclusion list=, ]
2023-08-11 15:06:55,782 [INFO] PluginManage:310 - Check plugin analytics
2023-08-11 15:06:56,928 [INFO] AnalyticsPlugin:253 - Accepted Software Licenses: 
2023-08-11 15:06:56,928 [INFO] AnalyticsPlugin:255 - Accepted CMSIS Pack Licenses: 
2023-08-11 15:06:56,929 [INFO] AnalyticsPlugin:257 - Accepted Firmware Licenses: 
2023-08-11 15:06:56,938 [INFO] PluginManage:359 - Loaded plugin analytics (category:tool,tabindex:-1)
2023-08-11 15:06:56,942 [INFO] PluginManage:310 - Check plugin cadmodel
2023-08-11 15:06:56,955 [INFO] CADModel:105 - Init CAD model plugin
2023-08-11 15:06:56,956 [INFO] PluginManage:359 - Loaded plugin cadmodel (category:power,tabindex:5)
2023-08-11 15:06:56,956 [INFO] PluginManage:310 - Check plugin clock
2023-08-11 15:06:56,972 [INFO] PluginManage:359 - Loaded plugin clock (category:base,tabindex:2)
2023-08-11 15:06:56,972 [INFO] PluginManage:310 - Check plugin ddr
2023-08-11 15:06:56,976 [INFO] PluginManage:359 - Loaded plugin ddr (category:tool,tabindex:6)
2023-08-11 15:06:56,977 [INFO] PluginManage:310 - Check plugin filemanager
2023-08-11 15:06:57,237 [INFO] PluginManage:359 - Loaded plugin filemanager (category:base,tabindex:10)
2023-08-11 15:06:57,237 [INFO] PluginManage:310 - Check plugin ipmanager
2023-08-11 15:06:57,249 [INFO] PluginManage:359 - Loaded plugin ipmanager (category:base,tabindex:5)
2023-08-11 15:06:57,249 [INFO] PluginManage:310 - Check plugin lpbam
2023-08-11 15:06:57,261 [INFO] PluginManage:359 - Loaded plugin lpbam (category:base,tabindex:0)
2023-08-11 15:06:57,262 [INFO] PluginManage:310 - Check plugin memorymap
2023-08-11 15:06:57,284 [INFO] PluginManage:359 - Loaded plugin memorymap (category:base,tabindex:4)
2023-08-11 15:06:57,284 [INFO] PluginManage:310 - Check plugin pinoutandconfiguration
2023-08-11 15:06:57,293 [INFO] PluginManage:359 - Loaded plugin pinoutandconfiguration (category:base,tabindex:1)
2023-08-11 15:06:57,293 [INFO] PluginManage:310 - Check plugin pinoutconfig
2023-08-11 15:06:57,487 [WARN] SupportedApi:132 - Cannot load RTOS API schema: s4s-elt-must-match.1: The content of 'definitions' must match (annotation?, (simpleType | complexType)?, (unique | key | keyref)*)). A problem was found starting at: attribute.
2023-08-11 15:06:57,939 [INFO] PluginManage:359 - Loaded plugin pinoutconfig (category:base,tabindex:0)
2023-08-11 15:06:57,951 [INFO] PluginManage:310 - Check plugin power
2023-08-11 15:06:57,988 [INFO] PluginManage:359 - Loaded plugin power (category:power,tabindex:4)
2023-08-11 15:06:57,988 [INFO] PluginManage:310 - Check plugin projectmanager
2023-08-11 15:06:58,051 [INFO] PluginManage:359 - Loaded plugin projectmanager (category:projectmanager,tabindex:3)
2023-08-11 15:06:58,051 [INFO] PluginManage:310 - Check plugin thirdparty
2023-08-11 15:06:58,420 [INFO] PluginManage:359 - Loaded plugin thirdparty (category:base,tabindex:-1)
2023-08-11 15:06:58,420 [WARN] IntegrityCheckThread:84 - waiting for thirdparty lock release [integrity check]
2023-08-11 15:06:58,420 [INFO] PluginManage:310 - Check plugin tools
2023-08-11 15:06:58,421 [INFO] IntegrityCheckThread:86 - entering critical section [integrity check]
2023-08-11 15:06:58,423 [INFO] ThirdPartyUpdaterWithRetryManager:70 - Updater plugin not ready yet. [1/15]
2023-08-11 15:06:58,425 [INFO] PluginManage:359 - Loaded plugin tools (category:base,tabindex:7)
2023-08-11 15:06:58,425 [INFO] PluginManage:310 - Check plugin tutovideos
2023-08-11 15:06:58,818 [INFO] PluginManage:359 - Loaded plugin tutovideos (category:base,tabindex:-1)
2023-08-11 15:06:58,819 [INFO] PluginManage:310 - Check plugin updater
2023-08-11 15:06:58,903 [INFO] PluginManage:359 - Loaded plugin updater (category:base,tabindex:12)
2023-08-11 15:06:58,903 [INFO] PluginManage:310 - Check plugin userauth
2023-08-11 15:06:58,913 [INFO] UserAuth:113 - Init User Auth plugin
2023-08-11 15:06:58,914 [INFO] PluginManage:359 - Loaded plugin userauth (category:base,tabindex:14)
2023-08-11 15:06:58,915 [INFO] PluginManage:283 - PluginManage : Loaded plugins [17]
2023-08-11 15:06:59,343 [INFO] PinOutPanel:1499 - setPackage(No Configuration,No Configuration)
2023-08-11 15:06:59,550 [INFO] CADModel:165 - CPN selected for project level
2023-08-11 15:06:59,551 [INFO] CADModel:114 - Register for checkConnection events
2023-08-11 15:06:59,575 [INFO] IPUIPlugin:80 - create IPUIPlugin
2023-08-11 15:06:59,576 [INFO] PluginManager:220 - loadIPPluginJar : add adc
2023-08-11 15:06:59,580 [INFO] IPUIPlugin:80 - create IPUIPlugin
2023-08-11 15:06:59,581 [INFO] PluginManager:220 - loadIPPluginJar : add aes
2023-08-11 15:06:59,585 [INFO] IPUIPlugin:80 - create IPUIPlugin
2023-08-11 15:06:59,585 [INFO] PluginManager:220 - loadIPPluginJar : add can
2023-08-11 15:06:59,587 [INFO] IPUIPlugin:80 - create IPUIPlugin
2023-08-11 15:06:59,587 [INFO] PluginManager:220 - loadIPPluginJar : add comp
2023-08-11 15:06:59,591 [INFO] IPUIPlugin:80 - create IPUIPlugin
2023-08-11 15:06:59,591 [INFO] PluginManager:220 - loadIPPluginJar : add cryp
2023-08-11 15:06:59,595 [INFO] IPUIPlugin:80 - create IPUIPlugin
2023-08-11 15:06:59,596 [INFO] PluginManager:220 - loadIPPluginJar : add dfsdm
2023-08-11 15:06:59,603 [INFO] IPUIPlugin:80 - create IPUIPlugin
2023-08-11 15:06:59,604 [INFO] PluginManager:220 - loadIPPluginJar : add dma
2023-08-11 15:06:59,607 [INFO] IPUIPlugin:80 - create IPUIPlugin
2023-08-11 15:06:59,607 [INFO] PluginManager:220 - loadIPPluginJar : add dma3
2023-08-11 15:06:59,610 [INFO] IPUIPlugin:80 - create IPUIPlugin
2023-08-11 15:06:59,610 [INFO] PluginManager:220 - loadIPPluginJar : add fatfs
2023-08-11 15:06:59,616 [INFO] IPUIPlugin:80 - create IPUIPlugin
2023-08-11 15:06:59,617 [INFO] PluginManager:220 - loadIPPluginJar : add fmc
2023-08-11 15:06:59,623 [INFO] IPUIPlugin:80 - create IPUIPlugin
2023-08-11 15:06:59,624 [INFO] PluginManager:220 - loadIPPluginJar : add freertos
2023-08-11 15:06:59,625 [INFO] IPUIPlugin:80 - create IPUIPlugin
2023-08-11 15:06:59,625 [INFO] PluginManager:220 - loadIPPluginJar : add genericplugin
2023-08-11 15:06:59,630 [INFO] IPUIPlugin:80 - create IPUIPlugin
2023-08-11 15:06:59,630 [INFO] PluginManager:220 - loadIPPluginJar : add gfxmmu
2023-08-11 15:06:59,637 [INFO] IPUIPlugin:80 - create IPUIPlugin
2023-08-11 15:06:59,637 [INFO] PluginManager:220 - loadIPPluginJar : add gic
2023-08-11 15:06:59,644 [INFO] IPUIPlugin:80 - create IPUIPlugin
2023-08-11 15:06:59,645 [INFO] PluginManager:220 - loadIPPluginJar : add gpio
2023-08-11 15:06:59,649 [INFO] IPUIPlugin:80 - create IPUIPlugin
2023-08-11 15:06:59,649 [INFO] PluginManager:220 - loadIPPluginJar : add gtzc
2023-08-11 15:06:59,653 [INFO] IPUIPlugin:80 - create IPUIPlugin
2023-08-11 15:06:59,653 [INFO] PluginManager:220 - loadIPPluginJar : add hash
2023-08-11 15:06:59,656 [INFO] IPUIPlugin:80 - create IPUIPlugin
2023-08-11 15:06:59,656 [INFO] PluginManager:220 - loadIPPluginJar : add i2c
2023-08-11 15:06:59,661 [INFO] IPUIPlugin:80 - create IPUIPlugin
2023-08-11 15:06:59,662 [INFO] PluginManager:220 - loadIPPluginJar : add i2s
2023-08-11 15:06:59,666 [INFO] IPUIPlugin:80 - create IPUIPlugin
2023-08-11 15:06:59,667 [INFO] PluginManager:220 - loadIPPluginJar : add i3c
2023-08-11 15:06:59,671 [INFO] IPUIPlugin:80 - create IPUIPlugin
2023-08-11 15:06:59,672 [INFO] PluginManager:220 - loadIPPluginJar : add ipddr
2023-08-11 15:06:59,683 [INFO] IPUIPlugin:80 - create IPUIPlugin
2023-08-11 15:06:59,683 [INFO] PluginManager:220 - loadIPPluginJar : add linkedlist
2023-08-11 15:06:59,686 [INFO] IPUIPlugin:80 - create IPUIPlugin
2023-08-11 15:06:59,686 [INFO] PluginManager:220 - loadIPPluginJar : add lorawan
2023-08-11 15:06:59,689 [INFO] IPUIPlugin:80 - create IPUIPlugin
2023-08-11 15:06:59,689 [INFO] PluginManager:220 - loadIPPluginJar : add ltdc
2023-08-11 15:06:59,698 [INFO] IPUIPlugin:80 - create IPUIPlugin
2023-08-11 15:06:59,699 [INFO] PluginManager:220 - loadIPPluginJar : add mdma
2023-08-11 15:06:59,704 [INFO] IPUIPlugin:80 - create IPUIPlugin
2023-08-11 15:06:59,705 [INFO] PluginManager:220 - loadIPPluginJar : add nvic
2023-08-11 15:06:59,708 [INFO] IPUIPlugin:80 - create IPUIPlugin
2023-08-11 15:06:59,709 [INFO] PluginManager:220 - loadIPPluginJar : add opamp
2023-08-11 15:06:59,714 [INFO] IPUIPlugin:80 - create IPUIPlugin
2023-08-11 15:06:59,715 [INFO] PluginManager:220 - loadIPPluginJar : add openamp
2023-08-11 15:06:59,719 [INFO] IPUIPlugin:80 - create IPUIPlugin
2023-08-11 15:06:59,719 [INFO] PluginManager:220 - loadIPPluginJar : add pdm2pcm
2023-08-11 15:06:59,730 [INFO] IPUIPlugin:80 - create IPUIPlugin
2023-08-11 15:06:59,735 [INFO] PluginManager:220 - loadIPPluginJar : add plateformsettings
2023-08-11 15:06:59,737 [INFO] IPUIPlugin:80 - create IPUIPlugin
2023-08-11 15:06:59,737 [INFO] PluginManager:220 - loadIPPluginJar : add quadspi
2023-08-11 15:06:59,742 [INFO] IPUIPlugin:80 - create IPUIPlugin
2023-08-11 15:06:59,742 [INFO] PluginManager:220 - loadIPPluginJar : add resmgrutility
2023-08-11 15:06:59,748 [INFO] IPUIPlugin:80 - create IPUIPlugin
2023-08-11 15:06:59,748 [INFO] PluginManager:220 - loadIPPluginJar : add sai
2023-08-11 15:06:59,751 [INFO] IPUIPlugin:80 - create IPUIPlugin
2023-08-11 15:06:59,752 [INFO] PluginManager:220 - loadIPPluginJar : add spi
2023-08-11 15:06:59,758 [INFO] IPUIPlugin:80 - create IPUIPlugin
2023-08-11 15:06:59,759 [INFO] PluginManager:220 - loadIPPluginJar : add stm32_wpan
2023-08-11 15:06:59,769 [INFO] IPUIPlugin:80 - create IPUIPlugin
2023-08-11 15:06:59,769 [INFO] PluginManager:220 - loadIPPluginJar : add tim
2023-08-11 15:06:59,778 [INFO] IPUIPlugin:80 - create IPUIPlugin
2023-08-11 15:06:59,778 [INFO] PluginManager:220 - loadIPPluginJar : add touchsensing
2023-08-11 15:06:59,785 [INFO] IPUIPlugin:80 - create IPUIPlugin
2023-08-11 15:06:59,785 [INFO] PluginManager:220 - loadIPPluginJar : add tracer_emb
2023-08-11 15:06:59,787 [INFO] IPUIPlugin:80 - create IPUIPlugin
2023-08-11 15:06:59,788 [INFO] PluginManager:220 - loadIPPluginJar : add ts
2023-08-11 15:06:59,790 [INFO] IPUIPlugin:80 - create IPUIPlugin
2023-08-11 15:06:59,790 [INFO] PluginManager:220 - loadIPPluginJar : add tsc
2023-08-11 15:06:59,794 [INFO] IPUIPlugin:80 - create IPUIPlugin
2023-08-11 15:06:59,795 [INFO] PluginManager:220 - loadIPPluginJar : add ucpd
2023-08-11 15:06:59,803 [INFO] IPUIPlugin:80 - create IPUIPlugin
2023-08-11 15:06:59,803 [INFO] PluginManager:220 - loadIPPluginJar : add usart
2023-08-11 15:06:59,808 [INFO] IPUIPlugin:80 - create IPUIPlugin
2023-08-11 15:06:59,809 [INFO] PluginManager:220 - loadIPPluginJar : add usbx
2023-08-11 15:07:00,060 [INFO] CADModel:165 - CPN selected for project level
2023-08-11 15:07:00,060 [INFO] CADModel:114 - Register for checkConnection events
2023-08-11 15:07:00,061 [FATAL] Updater:308 - Updater called before beeing initialized
2023-08-11 15:07:00,062 [ERROR] CADModel:125 - Updater not yet initialized, retry later 
2023-08-11 15:07:00,517 [INFO] CADModel:165 - CPN selected for project level
2023-08-11 15:07:00,517 [INFO] CADModel:114 - Register for checkConnection events
2023-08-11 15:07:00,518 [FATAL] Updater:308 - Updater called before beeing initialized
2023-08-11 15:07:00,518 [ERROR] CADModel:125 - Updater not yet initialized, retry later 
2023-08-11 15:07:00,525 [FATAL] Updater:308 - Updater called before beeing initialized
2023-08-11 15:07:00,873 [FATAL] Updater:308 - Updater called before beeing initialized
2023-08-11 15:07:00,903 [INFO] DbMcusAds:53 - JSON generation date=Thu Sep 30 13:55:09 ICT 2021 (1632984909247)
2023-08-11 15:07:00,904 [FATAL] Updater:308 - Updater called before beeing initialized
2023-08-11 15:07:01,007 [WARN] DetailPanel:346 - Failed to get advertising image, set to default
2023-08-11 15:07:01,285 [FATAL] Updater:308 - Updater called before beeing initialized
2023-08-11 15:07:01,289 [FATAL] Updater:308 - Updater called before beeing initialized
2023-08-11 15:07:01,289 [FATAL] Updater:308 - Updater called before beeing initialized
2023-08-11 15:07:01,290 [WARN] DetailPanel:346 - Failed to get advertising image, set to default
2023-08-11 15:07:01,292 [FATAL] Updater:308 - Updater called before beeing initialized
2023-08-11 15:07:01,424 [INFO] ThirdPartyUpdaterWithRetryManager:70 - Updater plugin not ready yet. [2/15]
2023-08-11 15:07:01,652 [ERROR] Updater:1120 - MainUpdater not yet initialized. External WinMGr cannot be set.
2023-08-11 15:07:01,656 [INFO] Updater:1056 - Updater Version found : 6.9.1
2023-08-11 15:07:01,695 [INFO] ApplicationProperties:184 - Using Application install path: C:\ST\STM32CubeIDE_1.13.1\STM32CubeIDE\plugins\com.st.stm32cube.common.mx_6.9.1.202307191849
2023-08-11 15:07:02,060 [INFO] MainUpdater:2868 - connection check result : 10
2023-08-11 15:07:02,061 [INFO] MainUpdater:285 - Updater Check For Update Now.
2023-08-11 15:07:02,066 [INFO] MicroXplorer:498 - Change Database Version : DB.6.0.91
2023-08-11 15:07:02,077 [INFO] McuFinderGlobals:63 - Set McuFinder mode to 2 (CubeIDE integrated)
2023-08-11 15:07:02,077 [INFO] UserAuth:179 - activating auth plugin
2023-08-11 15:07:02,187 [INFO] UserAuth:393 - Internet connection configuration mode: 1
2023-08-11 15:07:02,219 [INFO] JxBrowserEngine:151 - Initiate JxBrowser Engine with user profile folder
2023-08-11 15:07:02,349 [INFO] CheckServerUpdateThread:120 - End of CheckServer Thread
2023-08-11 15:07:03,909 [INFO] WebApp:157 - Instantiating new browser for Auth
2023-08-11 15:07:04,898 [WARN] PackLoader:240 - Cannot read IP mode file for STMicroelectronics.X-CUBE-SMBUS.2.1.0
2023-08-11 15:07:05,079 [WARN] PackLoader:240 - Cannot read IP mode file for STMicroelectronics.X-CUBE-AZRTOS-F7.1.1.0
2023-08-11 15:07:05,114 [WARN] PackLoader:240 - Cannot read IP mode file for STMicroelectronics.FP-SNS-MOTENV1.4.3.2
2023-08-11 15:07:05,136 [WARN] PackLoader:240 - Cannot read IP mode file for STMicroelectronics.X-CUBE-BLE1.6.2.4
2023-08-11 15:07:05,155 [WARN] PackLoader:240 - Cannot read IP mode file for STMicroelectronics.FP-SNS-FLIGHT1.5.0.2
2023-08-11 15:07:05,217 [WARN] PackLoader:240 - Cannot read IP mode file for STMicroelectronics.X-CUBE-DISPLAY.3.0.0
2023-08-11 15:07:05,335 [WARN] PackLoader:240 - Cannot read IP mode file for emotas.I-CUBE-CANOPEN.1.3.0
2023-08-11 15:07:05,349 [WARN] PackLoader:240 - Cannot read IP mode file for STMicroelectronics.X-CUBE-TOUCHGFX.4.22.0
2023-08-11 15:07:05,378 [INFO] LogOutputStream:77 - [STDOUT_REDIRECT] 1 : Invalid condition id : UX_CORESTACK_Condition cause : null
2023-08-11 15:07:05,380 [INFO] LogOutputStream:77 - [STDOUT_REDIRECT] 1 : Invalid condition id : UX_CORESTACK_Condition cause : null
2023-08-11 15:07:05,382 [INFO] LogOutputStream:77 - [STDOUT_REDIRECT] 1 : Invalid condition id : UX_CORESTACK_Condition cause : null
2023-08-11 15:07:05,388 [INFO] LogOutputStream:77 - [STDOUT_REDIRECT] 1 : Invalid condition id : UX_CORESTACK_Condition cause : null
2023-08-11 15:07:05,424 [INFO] LogOutputStream:77 - [STDOUT_REDIRECT] 1 : Invalid condition id : UX_CORESTACK_Condition cause : null
2023-08-11 15:07:05,439 [WARN] PackLoader:240 - Cannot read IP mode file for STMicroelectronics.X-CUBE-AZRTOS-WL.2.0.0
2023-08-11 15:07:05,456 [WARN] PackLoader:240 - Cannot read IP mode file for WES.I-CUBE-Cesium.1.3.0
2023-08-11 15:07:05,477 [WARN] PackLoader:240 - Cannot read IP mode file for STMicroelectronics.X-CUBE-BLE2.3.3.0
2023-08-11 15:07:05,545 [WARN] PackLoader:240 - Cannot read IP mode file for STMicroelectronics.X-CUBE-ALGOBUILD.1.3.0
2023-08-11 15:07:05,586 [WARN] PackLoader:240 - Cannot read IP mode file for STMicroelectronics.X-CUBE-AZRTOS-G0.1.1.0
2023-08-11 15:07:05,605 [WARN] PackLoader:240 - Cannot read IP mode file for STMicroelectronics.X-CUBE-NFC4.3.0.0
2023-08-11 15:07:05,616 [WARN] PackLoader:240 - Cannot read IP mode file for STMicroelectronics.FP-ATR-SIGFOX1.3.2.0
2023-08-11 15:07:05,711 [WARN] PackLoader:240 - Cannot read IP mode file for SEGGER.I-CUBE-embOS.1.3.1
2023-08-11 15:07:05,814 [WARN] PackLoader:240 - Cannot read IP mode file for STMicroelectronics.X-CUBE-GNSS1.6.0.0
2023-08-11 15:07:05,847 [WARN] PackLoader:240 - Cannot read IP mode file for STMicroelectronics.X-CUBE-AZRTOS-F4.1.1.0
2023-08-11 15:07:05,859 [WARN] PackLoader:240 - Cannot read IP mode file for wolfSSL.I-CUBE-wolfSSL.5.6.3
2023-08-11 15:07:05,887 [WARN] PackLoader:240 - Cannot read IP mode file for STMicroelectronics.X-CUBE-AZRTOS-L5.2.0.0
2023-08-11 15:07:05,995 [WARN] PackLoader:240 - Cannot read IP mode file for STMicroelectronics.X-CUBE-MEMS1.9.6.0
2023-08-11 15:07:06,492 [WARN] PackLoader:240 - Cannot read IP mode file for STMicroelectronics.X-CUBE-BLEMGR.2.0.0
2023-08-11 15:07:06,530 [WARN] ConditionMgr:438 - getConditionDescription Invalid condition id : UX DEVICE CLASS RTOS Condition cause : null
2023-08-11 15:07:06,530 [WARN] ConditionMgr:438 - getConditionDescription Invalid condition id : UX DEVICE CLASS RTOS Condition cause : null
2023-08-11 15:07:06,535 [WARN] PackLoader:240 - Cannot read IP mode file for STMicroelectronics.X-CUBE-AZRTOS-H7.3.1.0
2023-08-11 15:07:06,537 [WARN] ConditionMgr:1039 - genDependencies : Invalid condition id : UX DEVICE CLASS RTOS Condition cause : null
2023-08-11 15:07:06,537 [WARN] ConditionMgr:1039 - genDependencies : Invalid condition id : UX DEVICE CLASS RTOS Condition cause : null
2023-08-11 15:07:06,538 [WARN] ConditionMgr:1039 - genDependencies : Invalid condition id : UX DEVICE CLASS RTOS Condition cause : null
2023-08-11 15:07:06,539 [WARN] ConditionMgr:1039 - genDependencies : Invalid condition id : UX DEVICE CLASS RTOS Condition cause : null
2023-08-11 15:07:06,539 [WARN] ConditionMgr:1039 - genDependencies : Invalid condition id : UX DEVICE CLASS RTOS Condition cause : null
2023-08-11 15:07:06,551 [WARN] PackLoader:240 - Cannot read IP mode file for STMicroelectronics.X-CUBE-NFC7.1.0.1
2023-08-11 15:07:06,562 [WARN] PackLoader:240 - Cannot read IP mode file for STMicroelectronics.X-CUBE-EEPRMA1.4.1.0
2023-08-11 15:07:06,570 [WARN] PackLoader:240 - Cannot read IP mode file for STMicroelectronics.X-CUBE-AI.8.1.0
2023-08-11 15:07:06,601 [WARN] ConditionMgr:438 - getConditionDescription Invalid condition id : LAN8742 Phy interface Condition cause : null
2023-08-11 15:07:06,602 [WARN] PackLoader:240 - Cannot read IP mode file for STMicroelectronics.X-CUBE-AZRTOS-L4.2.0.0
2023-08-11 15:07:06,604 [WARN] ConditionMgr:1039 - genDependencies : Invalid condition id : LAN8742 Phy interface Condition cause : null
2023-08-11 15:07:06,605 [WARN] ConditionMgr:1039 - genDependencies : Invalid condition id : LAN8742 Phy interface Condition cause : null
2023-08-11 15:07:06,606 [WARN] ConditionMgr:1039 - genDependencies : Invalid condition id : LAN8742 Phy interface Condition cause : null
2023-08-11 15:07:06,629 [WARN] PackLoader:240 - Cannot read IP mode file for STMicroelectronics.X-CUBE-SFXS2LP1.4.0.0
2023-08-11 15:07:06,638 [WARN] PackLoader:240 - Cannot read IP mode file for STMicroelectronics.X-CUBE-ISPU.1.1.0
2023-08-11 15:07:06,660 [WARN] ConditionMgr:438 - getConditionDescription Invalid condition id : UX DEVICE CLASS RTOS Condition cause : null
2023-08-11 15:07:06,661 [WARN] ConditionMgr:438 - getConditionDescription Invalid condition id : UX DEVICE CLASS RTOS Condition cause : null
2023-08-11 15:07:06,664 [WARN] PackLoader:240 - Cannot read IP mode file for STMicroelectronics.X-CUBE-AZRTOS-WB.2.0.0
2023-08-11 15:07:06,665 [WARN] ConditionMgr:1039 - genDependencies : Invalid condition id : UX DEVICE CLASS RTOS Condition cause : null
2023-08-11 15:07:06,665 [WARN] ConditionMgr:1039 - genDependencies : Invalid condition id : UX DEVICE CLASS RTOS Condition cause : null
2023-08-11 15:07:06,666 [WARN] ConditionMgr:1039 - genDependencies : Invalid condition id : UX DEVICE CLASS RTOS Condition cause : null
2023-08-11 15:07:06,667 [WARN] ConditionMgr:1039 - genDependencies : Invalid condition id : UX DEVICE CLASS RTOS Condition cause : null
2023-08-11 15:07:06,667 [WARN] ConditionMgr:1039 - genDependencies : Invalid condition id : UX DEVICE CLASS RTOS Condition cause : null
2023-08-11 15:07:06,677 [WARN] PackLoader:240 - Cannot read IP mode file for STMicroelectronics.X-CUBE-FREERTOS.1.0.1
2023-08-11 15:07:06,696 [WARN] PackLoader:240 - Cannot read IP mode file for STMicroelectronics.X-CUBE-SUBG2.5.0.0
2023-08-11 15:07:06,724 [WARN] PackLoader:240 - Cannot read IP mode file for STMicroelectronics.X-CUBE-TOF1.3.3.1
2023-08-11 15:07:06,789 [WARN] PackLoader:240 - Cannot read IP mode file for STMicroelectronics.X-CUBE-AZRTOS-G4.2.0.0
2023-08-11 15:07:06,808 [WARN] PackLoader:240 - Cannot read IP mode file for portGmbH.I-Cube-SoM-uGOAL.1.1.0
2023-08-11 15:07:06,816 [WARN] PackLoader:240 - Cannot read IP mode file for STMicroelectronics.X-CUBE-ALS.1.0.1
2023-08-11 15:07:06,823 [WARN] PackLoader:240 - Cannot read IP mode file for STMicroelectronics.FP-ATR-ASTRA1.2.0.0
2023-08-11 15:07:06,825 [INFO] ThirdParty:978 - Integrity check success = true
2023-08-11 15:07:06,825 [INFO] IntegrityCheckThread:100 - exiting critical section [integrity check]
2023-08-11 15:07:06,826 [INFO] IntegrityCheckThread:103 - End integrity checks thread
2023-08-11 15:07:07,797 [INFO] WebApp:753 - Register for checkConnection events
2023-08-11 15:07:07,797 [INFO] WebApp:390 - Apply proxy settings
2023-08-11 15:07:07,797 [INFO] WebApp:475 - Chromium requires no authentication
2023-08-11 15:07:07,820 [INFO] WebApp:418 - Direct internet connection detected
2023-08-11 15:07:08,218 [INFO] WebApp:188 - Starting web application
2023-08-11 15:07:08,219 [INFO] WebApp:520 - Web application path used C:\ST\STM32CubeIDE_1.13.1\STM32CubeIDE\plugins\com.st.stm32cube.common.mx_6.9.1.202307191849\db\plugins\mcufinder\reactClient1\index.html
2023-08-11 15:07:21,196 [INFO] McuFinderGlobals:63 - Set McuFinder mode to 2 (CubeIDE integrated)
2023-08-11 15:07:21,232 [INFO] MainUpdater:2868 - connection check result : 10
2023-08-11 15:07:21,261 [INFO] McuFinderGlobals:76 - Set McuFinderConnectedMode to true
2023-08-11 15:07:21,644 [INFO] ServerAccessManage:473 - Download File mcusAds.json._tmp_
2023-08-11 15:07:21,783 [INFO] LoadUrlFilesThread:156 - End of LoadUrlFiles Thread
2023-08-11 15:07:22,059 [INFO] ServerAccessManage:473 - Download File cube-finder-db.zip
2023-08-11 15:07:26,989 [INFO] FileExtend:240 - Unzip File : cube-finder-db.zip
2023-08-11 15:07:26,990 [INFO] FileExtend:255 - Standard Zip Deflate
2023-08-11 15:07:28,001 [INFO] LoadUrlFilesThread:156 - End of LoadUrlFiles Thread
2023-08-11 15:07:29,475 [ERROR] LogOutputStream:75 - [STDERR_REDIRECT] SLF4J: Failed to load class "org.slf4j.impl.StaticLoggerBinder".
2023-08-11 15:07:29,476 [ERROR] LogOutputStream:75 - [STDERR_REDIRECT] SLF4J: Defaulting to no-operation (NOP) logger implementation
2023-08-11 15:07:29,480 [ERROR] LogOutputStream:75 - [STDERR_REDIRECT] SLF4J: See http://www.slf4j.org/codes.html#StaticLoggerBinder for further details.
2023-08-11 15:07:31,069 [INFO] ServerAccessManage:473 - Download File crdb.zip
2023-08-11 15:07:32,952 [INFO] FileExtend:240 - Unzip File : crdb.zip
2023-08-11 15:07:32,953 [INFO] FileExtend:255 - Standard Zip Deflate
2023-08-11 15:07:33,122 [INFO] LoadUrlFilesThread:156 - End of LoadUrlFiles Thread
2023-08-11 15:07:33,382 [INFO] ServerAccessManage:473 - Download File tutoVideoDB.zip
2023-08-11 15:07:33,446 [INFO] FileExtend:240 - Unzip File : tutoVideoDB.zip
2023-08-11 15:07:33,447 [INFO] FileExtend:255 - Standard Zip Deflate
2023-08-11 15:07:33,582 [INFO] LoadUrlFilesThread:156 - End of LoadUrlFiles Thread
2023-08-11 15:07:33,608 [WARN] DbFile:41 - Overriding database path with different value: C:\Users\vnlemanhthanh\.stmcufinder\plugins\mcufinder/ => C:\Users\vnlemanhthanh\.stmcufinder\plugins\mcufinder
2023-08-11 15:07:33,754 [INFO] ServerAccessManage:473 - Download File api_config.json
2023-08-11 15:07:33,865 [INFO] LoadUrlFilesThread:156 - End of LoadUrlFiles Thread
2023-08-11 15:07:33,868 [INFO] DbMcusAds:53 - JSON generation date=Tue Mar 07 15:50:55 ICT 2023 (1678179055114)
2023-08-11 15:07:34,067 [INFO] ServerAccessManage:473 - Download File 
2023-08-11 15:07:34,098 [INFO] LoadUrlFilesThread:185 - End of LoadServerUrlFiles without Thread
2023-08-11 15:07:34,099 [INFO] TargetSelectorAdapter:259 - Refresh data is successful
2023-08-11 15:07:34,299 [INFO] ApiDb:581 - Connected to CubeFinder SQLite database (C:\Users\vnlemanhthanh\.stmcufinder\plugins\mcufinder\mcu\cube-finder-db.db)
2023-08-11 15:07:34,399 [INFO] ApiDb:668 - CubeFinder database Data Model version=2.1
2023-08-11 15:07:34,399 [INFO] ApiDb:669 - CubeFinder database Configuration version=3.0.37
2023-08-11 15:07:34,399 [INFO] ApiDb:670 - CubeFinder database generation date=2023-07-31 (1690792719)
2023-08-11 15:07:34,400 [INFO] ApiDb:671 - CubeFinder database FW Pack versions=[FP-ATR-ASTRA1_V2.0.0, FP-SNS-FLIGHT1_V5.0.1, FP-SNS-FLIGHT1_V5.0.2, FP-SNS-MOTENV1_V4.3.1, FP-SNS-MOTENV1_V4.3.2, STM32Cube_FW_C0_V1.1.0, STM32Cube_FW_F4_V1.27.1, STM32Cube_FW_F7_V1.17.0, STM32Cube_FW_G0_V1.6.1, STM32Cube_FW_G4_V1.5.1, STM32Cube_FW_H5_V0.5.1, STM32Cube_FW_H5_V1.1.0, STM32Cube_FW_H7_V1.11.0, STM32Cube_FW_L0_V1.12.2, STM32Cube_FW_L5_V1.5.0, STM32Cube_FW_U5_V1.3.0, STM32Cube_FW_U5_V1.3.0RC4, STM32Cube_FW_WBA_V1.0.0RC1, STM32Cube_FW_WBA_V1.1.0, STM32Cube_FW_WBA_V1.1.0RC1, STM32Cube_FW_WB_V1.15.0RC1, STM32Cube_FW_WB_V1.16.0, STM32Cube_FW_WB_V1.16.0RC2, STM32Cube_FW_WB_V1.17.0, STM32Cube_FW_WL_V1.3.0, X-CUBE-ALGOBUILD_V1.3.0, X-CUBE-ALS_V1.0.1, X-CUBE-AZRTOS-F4_V1.1.0, X-CUBE-AZRTOS-F7_V1.1.0, X-CUBE-AZRTOS-G0_V1.1.0, X-CUBE-AZRTOS-G4_V2.0.0, X-CUBE-AZRTOS-H7_V3.1.0, X-CUBE-AZRTOS-L4_V1.0.0, X-CUBE-AZRTOS-L4_V2.0.0, X-CUBE-AZRTOS-L5_V1.1.0, X-CUBE-AZRTOS-WB_V1.1.0, X-CUBE-AZRTOS-WL_V2.0.0, X-CUBE-BLE1_V6.2.4, X-CUBE-BLE2_V3.3.0, X-CUBE-BLEMGR_V2.0.0, X-CUBE-EEPRMA1_V4.1.0, X-CUBE-FREERTOS_V1.0.1, X-CUBE-GNSS1_V6.0.0, X-CUBE-MEMS1_V9.1.0, X-CUBE-MEMS1_V9.4.0, X-CUBE-MEMS1_V9.6.0, X-CUBE-NFC4_V3.0.0, X-CUBE-NFC7_V1.0.0, X-CUBE-SFXS2LP1_V4.0.0, X-CUBE-SUBG2_V5.0.0]
2023-08-11 15:07:38,207 [INFO] ApiDb:240 - Found 323 in-development CPN: [B-G473E-ZEST1S, B-WB1M-WPAN1, B-WL5M-SUBG1, NUCLEO-C031C6, NUCLEO-H503RB, NUCLEO-H563ZI, NUCLEO-U545RE-Q, NUCLEO-U5A5ZJ-Q, NUCLEO-WBA52CG, STEVAL-PROTEUS1, STEVAL-SMARTAG2, STEVAL-STWINBX1, STM320518-EVAL, STM32C0116-DK, STM32C011D6Y3TR, STM32C011D6Y6TR, STM32C011F4P3, STM32C011F4P6, STM32C011F4U3, STM32C011F4U6TR, STM32C011F6P3, STM32C011F6P6, STM32C011F6U3, STM32C011F6U6TR, STM32C011J4M3, STM32C011J4M6, STM32C011J6M3, STM32C011J6M6, STM32C0316-DK, STM32C031C4T3, STM32C031C4T6, STM32C031C4U3, STM32C031C4U6, STM32C031C6T3, STM32C031C6T6, STM32C031C6U3, STM32C031C6U6, STM32C031F4P3, STM32C031F4P6, STM32C031F6P3, STM32C031F6P6, STM32C031G4U3, STM32C031G4U6, STM32C031G6U3, STM32C031G6U6, STM32C031K4T3, STM32C031K4T6, STM32C031K4U3, STM32C031K4U6, STM32C031K6T3, STM32C031K6T6, STM32C031K6U3, STM32C031K6U6, STM32G071K8TXN, STM32G071K8UXN, STM32G081GBU6N, STM32G081KBT6N, STM32G081KBUXN, STM32G0B1CCT6N, STM32G0B1KCT6, STM32G0B1NEY6TR, STM32G0B1RCT6N, STM32G0C1CCT6, STM32G0C1CCT6N, STM32G0C1CCU6N, STM32G0C1CET6N, STM32G0C1CEU6N, STM32G0C1KCT6, STM32G0C1NEY6TR, STM32G0C1RCI6N, STM32G0C1RCT6N, STM32G0C1REI6N, STM32G0C1RET6N, STM32G0C1VCI6, STM32G0C1VEI6, STM32G471CCT6, STM32G471CCU6, STM32G471CET3, STM32G471CET6, STM32G471CEU3, STM32G471CEU6, STM32G471MCT6, STM32G471MET3, STM32G471MET6, STM32G471MEY6TR, STM32G471QCT6, STM32G471QET3, STM32G471RCT6, STM32G471RET3, STM32G471RET6, STM32G471VCH6, STM32G471VCI6, STM32G471VCT6, STM32G471VEH3, STM32G471VEH6, STM32G471VEI3, STM32G471VEI6, STM32G471VET3, STM32G471VET6, STM32G474CCT6, STM32H503CBT6, STM32H503CBU6, STM32H503EBY6TR, STM32H503KBU6, STM32H503RBT6, STM32H562AGI6, STM32H562AII6, STM32H562IGK6, STM32H562IGT6, STM32H562IIK6, STM32H562IIT6, STM32H562RGT6, STM32H562RGV6, STM32H562RIT6, STM32H562RIV6, STM32H562VGT6, STM32H562VIT6, STM32H562ZGT6, STM32H562ZIT6, STM32H563AGI6, STM32H563AII3Q, STM32H563AII6, STM32H563IGK6, STM32H563IGT6, STM32H563IIK3Q, STM32H563IIK6, STM32H563IIT3Q, STM32H563IIT6, STM32H563MIY3QTR, STM32H563RGT6, STM32H563RGV6, STM32H563RIT6, STM32H563RIV6, STM32H563VGT6, STM32H563VIT3Q, STM32H563VIT6, STM32H563ZGT6, STM32H563ZIT3Q, STM32H563ZIT6, STM32H573AII3Q, STM32H573AII6, STM32H573I-DK, STM32H573IIK3Q, STM32H573IIK6, STM32H573IIT3Q, STM32H573IIT6, STM32H573MIY3QTR, STM32H573RIT6, STM32H573RIV6, STM32H573VIT3Q, STM32H573VIT6, STM32H573ZIT3Q, STM32H573ZIT6, STM32L4R5QGI6STR, STM32MP131AAE3, STM32MP131AAF3, STM32MP131AAG3, STM32MP131CAE3, STM32MP131CAF3, STM32MP131CAG3, STM32MP131DAE7, STM32MP131DAF7, STM32MP131DAG7, STM32MP131FAE7, STM32MP131FAF7, STM32MP131FAG7, STM32MP133AAE3, STM32MP133AAF3, STM32MP133AAG3, STM32MP133CAE3, STM32MP133CAF3, STM32MP133CAG3, STM32MP133DAE7, STM32MP133DAF7, STM32MP133DAG7, STM32MP133FAE7, STM32MP133FAF7, STM32MP133FAG7, STM32MP135AAE3, STM32MP135AAF3, STM32MP135AAG3, STM32MP135CAE3, STM32MP135CAF3, STM32MP135CAG3, STM32MP135DAE7, STM32MP135DAF7, STM32MP135DAG7, STM32MP135F-DK, STM32MP135FAE7, STM32MP135FAF7, STM32MP135FAF7T, STM32MP135FAF7U, STM32MP135FAG7, STM32U535CBT6, STM32U535CBT6Q, STM32U535CBU6, STM32U535CBU6Q, STM32U535CCT6, STM32U535CCT6Q, STM32U535CCU6, STM32U535CCU6Q, STM32U535CET6, STM32U535CET6Q, STM32U535CEU6, STM32U535CEU6Q, STM32U535JEY6QTR, STM32U535NCY6QTR, STM32U535NEY6QTR, STM32U535RBI6, STM32U535RBI6Q, STM32U535RBT6, STM32U535RBT6Q, STM32U535RCI6, STM32U535RCI6Q, STM32U535RCT6, STM32U535RCT6Q, STM32U535REI6, STM32U535REI6Q, STM32U535RET6, STM32U535RET6Q, STM32U535VCI6, STM32U535VCI6Q, STM32U535VCT6, STM32U535VCT6Q, STM32U535VEI6, STM32U535VEI6Q, STM32U535VET6, STM32U535VET6Q, STM32U545CET6, STM32U545CET6Q, STM32U545CEU6, STM32U545CEU6Q, STM32U545JEY6QTR, STM32U545NEY6QTR, STM32U545REI6, STM32U545REI6Q, STM32U545RET6, STM32U545RET6Q, STM32U545VEI6, STM32U545VEI6Q, STM32U545VET6, STM32U545VET6Q, STM32U595AIH6, STM32U595AIH6Q, STM32U595AJH6, STM32U595AJH6Q, STM32U595QII6, STM32U595QII6Q, STM32U595QJI6, STM32U595QJI6Q, STM32U595RIT6, STM32U595RIT6Q, STM32U595RJT6, STM32U595RJT6Q, STM32U595VIT6, STM32U595VIT6Q, STM32U595VJT6, STM32U595VJT6Q, STM32U595ZIT6, STM32U595ZIT6Q, STM32U595ZIY6QTR, STM32U595ZJT6, STM32U595ZJT6Q, STM32U595ZJY6QTR, STM32U599BJY6QTR, STM32U599NIH6Q, STM32U599NJH6Q, STM32U599VIT6Q, STM32U599VJT6, STM32U599VJT6Q, STM32U599ZIT6Q, STM32U599ZIY6QTR, STM32U599ZJT6Q, STM32U599ZJY6QTR, STM32U5A5AJH6, STM32U5A5AJH6Q, STM32U5A5QJI6, STM32U5A5QJI6Q, STM32U5A5RJT6, STM32U5A5RJT6Q, STM32U5A5VJT6, STM32U5A5VJT6Q, STM32U5A5ZJT6, STM32U5A5ZJT6Q, STM32U5A5ZJY6QTR, STM32U5A9BJY6QTR, STM32U5A9J-DK, STM32U5A9NJH6Q, STM32U5A9VJT6Q, STM32U5A9ZJT6Q, STM32U5A9ZJY6QTR, STM32U5F7VIT6, STM32U5F7VIT6Q, STM32U5F7VJT6, STM32U5F7VJT6Q, STM32U5F9BJY6QTR, STM32U5F9NJH6Q, STM32U5F9VIT6Q, STM32U5F9VJT6Q, STM32U5F9ZIJ6QTR, STM32U5F9ZIT6Q, STM32U5F9ZJJ6QTR, STM32U5F9ZJT6Q, STM32U5G7VJT6, STM32U5G7VJT6Q, STM32U5G9BJY6QTR, STM32U5G9J-DK1, STM32U5G9J-DK2, STM32U5G9NJH6Q, STM32U5G9VJT6Q, STM32U5G9ZJJ6QTR, STM32U5G9ZJT6Q, STM32WB1MMCH6, STM32WBA52CEU6, STM32WBA52CEU6T, STM32WBA52CGU6, STM32WBA52CGU6T, STM32WBA52KEU6, STM32WBA52KEU6T, STM32WBA52KGU6, STM32WBA52KGU6T, STM32WL5MOCH6, STM32WL5MOCH6TR]
2023-08-11 15:07:38,217 [INFO] DbMcus:217 - Found 3848 MCUs, 3848 are supported
2023-08-11 15:07:38,217 [INFO] ApiDb:414 - User favorites file not found: C:\Users\vnlemanhthanh/.stm32cubeide/favorites.mcus.txt
2023-08-11 15:07:38,218 [INFO] DbMcus:223 - Set 0 / 0 favorites MCUs
2023-08-11 15:07:38,581 [INFO] ApiDb:668 - CubeFinder database Data Model version=2.1
2023-08-11 15:07:38,581 [INFO] ApiDb:669 - CubeFinder database Configuration version=3.0.37
2023-08-11 15:07:38,582 [INFO] ApiDb:670 - CubeFinder database generation date=2023-07-31 (1690792719)
2023-08-11 15:07:38,582 [INFO] ApiDb:671 - CubeFinder database FW Pack versions=[FP-ATR-ASTRA1_V2.0.0, FP-SNS-FLIGHT1_V5.0.1, FP-SNS-FLIGHT1_V5.0.2, FP-SNS-MOTENV1_V4.3.1, FP-SNS-MOTENV1_V4.3.2, STM32Cube_FW_C0_V1.1.0, STM32Cube_FW_F4_V1.27.1, STM32Cube_FW_F7_V1.17.0, STM32Cube_FW_G0_V1.6.1, STM32Cube_FW_G4_V1.5.1, STM32Cube_FW_H5_V0.5.1, STM32Cube_FW_H5_V1.1.0, STM32Cube_FW_H7_V1.11.0, STM32Cube_FW_L0_V1.12.2, STM32Cube_FW_L5_V1.5.0, STM32Cube_FW_U5_V1.3.0, STM32Cube_FW_U5_V1.3.0RC4, STM32Cube_FW_WBA_V1.0.0RC1, STM32Cube_FW_WBA_V1.1.0, STM32Cube_FW_WBA_V1.1.0RC1, STM32Cube_FW_WB_V1.15.0RC1, STM32Cube_FW_WB_V1.16.0, STM32Cube_FW_WB_V1.16.0RC2, STM32Cube_FW_WB_V1.17.0, STM32Cube_FW_WL_V1.3.0, X-CUBE-ALGOBUILD_V1.3.0, X-CUBE-ALS_V1.0.1, X-CUBE-AZRTOS-F4_V1.1.0, X-CUBE-AZRTOS-F7_V1.1.0, X-CUBE-AZRTOS-G0_V1.1.0, X-CUBE-AZRTOS-G4_V2.0.0, X-CUBE-AZRTOS-H7_V3.1.0, X-CUBE-AZRTOS-L4_V1.0.0, X-CUBE-AZRTOS-L4_V2.0.0, X-CUBE-AZRTOS-L5_V1.1.0, X-CUBE-AZRTOS-WB_V1.1.0, X-CUBE-AZRTOS-WL_V2.0.0, X-CUBE-BLE1_V6.2.4, X-CUBE-BLE2_V3.3.0, X-CUBE-BLEMGR_V2.0.0, X-CUBE-EEPRMA1_V4.1.0, X-CUBE-FREERTOS_V1.0.1, X-CUBE-GNSS1_V6.0.0, X-CUBE-MEMS1_V9.1.0, X-CUBE-MEMS1_V9.4.0, X-CUBE-MEMS1_V9.6.0, X-CUBE-NFC4_V3.0.0, X-CUBE-NFC7_V1.0.0, X-CUBE-SFXS2LP1_V4.0.0, X-CUBE-SUBG2_V5.0.0]
2023-08-11 15:07:38,668 [INFO] DbBoardsSqlite:226 - include board P-NUCLEO-WB55-NUCLEO as a kit item of type 'Nucleo-64'
2023-08-11 15:07:38,668 [INFO] DbBoardsSqlite:226 - include board P-NUCLEO-WB55-USBDONGLE as a kit item of type 'Nucleo USB Dongle'
2023-08-11 15:07:38,669 [INFO] DbBoardsSqlite:226 - include board STEVAL-IDP005V1 as a kit item of type 'Evaluation Board'
2023-08-11 15:07:38,669 [INFO] DbBoardsSqlite:226 - include board STEVAL-IDP005V2 as a kit item of type 'Evaluation Board'
2023-08-11 15:07:38,793 [INFO] ApiDb:240 - Found 323 in-development CPN: [B-G473E-ZEST1S, B-WB1M-WPAN1, B-WL5M-SUBG1, NUCLEO-C031C6, NUCLEO-H503RB, NUCLEO-H563ZI, NUCLEO-U545RE-Q, NUCLEO-U5A5ZJ-Q, NUCLEO-WBA52CG, STEVAL-PROTEUS1, STEVAL-SMARTAG2, STEVAL-STWINBX1, STM320518-EVAL, STM32C0116-DK, STM32C011D6Y3TR, STM32C011D6Y6TR, STM32C011F4P3, STM32C011F4P6, STM32C011F4U3, STM32C011F4U6TR, STM32C011F6P3, STM32C011F6P6, STM32C011F6U3, STM32C011F6U6TR, STM32C011J4M3, STM32C011J4M6, STM32C011J6M3, STM32C011J6M6, STM32C0316-DK, STM32C031C4T3, STM32C031C4T6, STM32C031C4U3, STM32C031C4U6, STM32C031C6T3, STM32C031C6T6, STM32C031C6U3, STM32C031C6U6, STM32C031F4P3, STM32C031F4P6, STM32C031F6P3, STM32C031F6P6, STM32C031G4U3, STM32C031G4U6, STM32C031G6U3, STM32C031G6U6, STM32C031K4T3, STM32C031K4T6, STM32C031K4U3, STM32C031K4U6, STM32C031K6T3, STM32C031K6T6, STM32C031K6U3, STM32C031K6U6, STM32G071K8TXN, STM32G071K8UXN, STM32G081GBU6N, STM32G081KBT6N, STM32G081KBUXN, STM32G0B1CCT6N, STM32G0B1KCT6, STM32G0B1NEY6TR, STM32G0B1RCT6N, STM32G0C1CCT6, STM32G0C1CCT6N, STM32G0C1CCU6N, STM32G0C1CET6N, STM32G0C1CEU6N, STM32G0C1KCT6, STM32G0C1NEY6TR, STM32G0C1RCI6N, STM32G0C1RCT6N, STM32G0C1REI6N, STM32G0C1RET6N, STM32G0C1VCI6, STM32G0C1VEI6, STM32G471CCT6, STM32G471CCU6, STM32G471CET3, STM32G471CET6, STM32G471CEU3, STM32G471CEU6, STM32G471MCT6, STM32G471MET3, STM32G471MET6, STM32G471MEY6TR, STM32G471QCT6, STM32G471QET3, STM32G471RCT6, STM32G471RET3, STM32G471RET6, STM32G471VCH6, STM32G471VCI6, STM32G471VCT6, STM32G471VEH3, STM32G471VEH6, STM32G471VEI3, STM32G471VEI6, STM32G471VET3, STM32G471VET6, STM32G474CCT6, STM32H503CBT6, STM32H503CBU6, STM32H503EBY6TR, STM32H503KBU6, STM32H503RBT6, STM32H562AGI6, STM32H562AII6, STM32H562IGK6, STM32H562IGT6, STM32H562IIK6, STM32H562IIT6, STM32H562RGT6, STM32H562RGV6, STM32H562RIT6, STM32H562RIV6, STM32H562VGT6, STM32H562VIT6, STM32H562ZGT6, STM32H562ZIT6, STM32H563AGI6, STM32H563AII3Q, STM32H563AII6, STM32H563IGK6, STM32H563IGT6, STM32H563IIK3Q, STM32H563IIK6, STM32H563IIT3Q, STM32H563IIT6, STM32H563MIY3QTR, STM32H563RGT6, STM32H563RGV6, STM32H563RIT6, STM32H563RIV6, STM32H563VGT6, STM32H563VIT3Q, STM32H563VIT6, STM32H563ZGT6, STM32H563ZIT3Q, STM32H563ZIT6, STM32H573AII3Q, STM32H573AII6, STM32H573I-DK, STM32H573IIK3Q, STM32H573IIK6, STM32H573IIT3Q, STM32H573IIT6, STM32H573MIY3QTR, STM32H573RIT6, STM32H573RIV6, STM32H573VIT3Q, STM32H573VIT6, STM32H573ZIT3Q, STM32H573ZIT6, STM32L4R5QGI6STR, STM32MP131AAE3, STM32MP131AAF3, STM32MP131AAG3, STM32MP131CAE3, STM32MP131CAF3, STM32MP131CAG3, STM32MP131DAE7, STM32MP131DAF7, STM32MP131DAG7, STM32MP131FAE7, STM32MP131FAF7, STM32MP131FAG7, STM32MP133AAE3, STM32MP133AAF3, STM32MP133AAG3, STM32MP133CAE3, STM32MP133CAF3, STM32MP133CAG3, STM32MP133DAE7, STM32MP133DAF7, STM32MP133DAG7, STM32MP133FAE7, STM32MP133FAF7, STM32MP133FAG7, STM32MP135AAE3, STM32MP135AAF3, STM32MP135AAG3, STM32MP135CAE3, STM32MP135CAF3, STM32MP135CAG3, STM32MP135DAE7, STM32MP135DAF7, STM32MP135DAG7, STM32MP135F-DK, STM32MP135FAE7, STM32MP135FAF7, STM32MP135FAF7T, STM32MP135FAF7U, STM32MP135FAG7, STM32U535CBT6, STM32U535CBT6Q, STM32U535CBU6, STM32U535CBU6Q, STM32U535CCT6, STM32U535CCT6Q, STM32U535CCU6, STM32U535CCU6Q, STM32U535CET6, STM32U535CET6Q, STM32U535CEU6, STM32U535CEU6Q, STM32U535JEY6QTR, STM32U535NCY6QTR, STM32U535NEY6QTR, STM32U535RBI6, STM32U535RBI6Q, STM32U535RBT6, STM32U535RBT6Q, STM32U535RCI6, STM32U535RCI6Q, STM32U535RCT6, STM32U535RCT6Q, STM32U535REI6, STM32U535REI6Q, STM32U535RET6, STM32U535RET6Q, STM32U535VCI6, STM32U535VCI6Q, STM32U535VCT6, STM32U535VCT6Q, STM32U535VEI6, STM32U535VEI6Q, STM32U535VET6, STM32U535VET6Q, STM32U545CET6, STM32U545CET6Q, STM32U545CEU6, STM32U545CEU6Q, STM32U545JEY6QTR, STM32U545NEY6QTR, STM32U545REI6, STM32U545REI6Q, STM32U545RET6, STM32U545RET6Q, STM32U545VEI6, STM32U545VEI6Q, STM32U545VET6, STM32U545VET6Q, STM32U595AIH6, STM32U595AIH6Q, STM32U595AJH6, STM32U595AJH6Q, STM32U595QII6, STM32U595QII6Q, STM32U595QJI6, STM32U595QJI6Q, STM32U595RIT6, STM32U595RIT6Q, STM32U595RJT6, STM32U595RJT6Q, STM32U595VIT6, STM32U595VIT6Q, STM32U595VJT6, STM32U595VJT6Q, STM32U595ZIT6, STM32U595ZIT6Q, STM32U595ZIY6QTR, STM32U595ZJT6, STM32U595ZJT6Q, STM32U595ZJY6QTR, STM32U599BJY6QTR, STM32U599NIH6Q, STM32U599NJH6Q, STM32U599VIT6Q, STM32U599VJT6, STM32U599VJT6Q, STM32U599ZIT6Q, STM32U599ZIY6QTR, STM32U599ZJT6Q, STM32U599ZJY6QTR, STM32U5A5AJH6, STM32U5A5AJH6Q, STM32U5A5QJI6, STM32U5A5QJI6Q, STM32U5A5RJT6, STM32U5A5RJT6Q, STM32U5A5VJT6, STM32U5A5VJT6Q, STM32U5A5ZJT6, STM32U5A5ZJT6Q, STM32U5A5ZJY6QTR, STM32U5A9BJY6QTR, STM32U5A9J-DK, STM32U5A9NJH6Q, STM32U5A9VJT6Q, STM32U5A9ZJT6Q, STM32U5A9ZJY6QTR, STM32U5F7VIT6, STM32U5F7VIT6Q, STM32U5F7VJT6, STM32U5F7VJT6Q, STM32U5F9BJY6QTR, STM32U5F9NJH6Q, STM32U5F9VIT6Q, STM32U5F9VJT6Q, STM32U5F9ZIJ6QTR, STM32U5F9ZIT6Q, STM32U5F9ZJJ6QTR, STM32U5F9ZJT6Q, STM32U5G7VJT6, STM32U5G7VJT6Q, STM32U5G9BJY6QTR, STM32U5G9J-DK1, STM32U5G9J-DK2, STM32U5G9NJH6Q, STM32U5G9VJT6Q, STM32U5G9ZJJ6QTR, STM32U5G9ZJT6Q, STM32WB1MMCH6, STM32WBA52CEU6, STM32WBA52CEU6T, STM32WBA52CGU6, STM32WBA52CGU6T, STM32WBA52KEU6, STM32WBA52KEU6T, STM32WBA52KGU6, STM32WBA52KGU6T, STM32WL5MOCH6, STM32WL5MOCH6TR]
2023-08-11 15:07:39,047 [INFO] BoardInfo:880 - No configuration file found for board P-NUCLEO-WB55
2023-08-11 15:07:39,048 [INFO] DbBoards:157 - Kit is not supported: P-NUCLEO-WB55
2023-08-11 15:07:39,062 [INFO] BoardInfo:880 - No configuration file found for board STEVAL-BFA001V1B
2023-08-11 15:07:39,062 [INFO] DbBoards:157 - Kit is not supported: STEVAL-BFA001V1B
2023-08-11 15:07:39,065 [INFO] BoardInfo:880 - No configuration file found for board STEVAL-BFA001V2B
2023-08-11 15:07:39,066 [INFO] DbBoards:157 - Kit is not supported: STEVAL-BFA001V2B
2023-08-11 15:07:39,410 [INFO] DbBoards:161 - Found 190 boards, 187 are supported
2023-08-11 15:07:39,416 [INFO] ApiDb:414 - User favorites file not found: C:\Users\vnlemanhthanh/.stm32cubeide/favorites.boards.txt
2023-08-11 15:07:39,417 [INFO] DbBoards:190 - Set 0 / 0 favorites Boards
2023-08-11 15:07:39,423 [INFO] ApiDb:668 - CubeFinder database Data Model version=2.1
2023-08-11 15:07:39,423 [INFO] ApiDb:669 - CubeFinder database Configuration version=3.0.37
2023-08-11 15:07:39,423 [INFO] ApiDb:670 - CubeFinder database generation date=2023-07-31 (1690792719)
2023-08-11 15:07:39,423 [INFO] ApiDb:671 - CubeFinder database FW Pack versions=[FP-ATR-ASTRA1_V2.0.0, FP-SNS-FLIGHT1_V5.0.1, FP-SNS-FLIGHT1_V5.0.2, FP-SNS-MOTENV1_V4.3.1, FP-SNS-MOTENV1_V4.3.2, STM32Cube_FW_C0_V1.1.0, STM32Cube_FW_F4_V1.27.1, STM32Cube_FW_F7_V1.17.0, STM32Cube_FW_G0_V1.6.1, STM32Cube_FW_G4_V1.5.1, STM32Cube_FW_H5_V0.5.1, STM32Cube_FW_H5_V1.1.0, STM32Cube_FW_H7_V1.11.0, STM32Cube_FW_L0_V1.12.2, STM32Cube_FW_L5_V1.5.0, STM32Cube_FW_U5_V1.3.0, STM32Cube_FW_U5_V1.3.0RC4, STM32Cube_FW_WBA_V1.0.0RC1, STM32Cube_FW_WBA_V1.1.0, STM32Cube_FW_WBA_V1.1.0RC1, STM32Cube_FW_WB_V1.15.0RC1, STM32Cube_FW_WB_V1.16.0, STM32Cube_FW_WB_V1.16.0RC2, STM32Cube_FW_WB_V1.17.0, STM32Cube_FW_WL_V1.3.0, X-CUBE-ALGOBUILD_V1.3.0, X-CUBE-ALS_V1.0.1, X-CUBE-AZRTOS-F4_V1.1.0, X-CUBE-AZRTOS-F7_V1.1.0, X-CUBE-AZRTOS-G0_V1.1.0, X-CUBE-AZRTOS-G4_V2.0.0, X-CUBE-AZRTOS-H7_V3.1.0, X-CUBE-AZRTOS-L4_V1.0.0, X-CUBE-AZRTOS-L4_V2.0.0, X-CUBE-AZRTOS-L5_V1.1.0, X-CUBE-AZRTOS-WB_V1.1.0, X-CUBE-AZRTOS-WL_V2.0.0, X-CUBE-BLE1_V6.2.4, X-CUBE-BLE2_V3.3.0, X-CUBE-BLEMGR_V2.0.0, X-CUBE-EEPRMA1_V4.1.0, X-CUBE-FREERTOS_V1.0.1, X-CUBE-GNSS1_V6.0.0, X-CUBE-MEMS1_V9.1.0, X-CUBE-MEMS1_V9.4.0, X-CUBE-MEMS1_V9.6.0, X-CUBE-NFC4_V3.0.0, X-CUBE-NFC7_V1.0.0, X-CUBE-SFXS2LP1_V4.0.0, X-CUBE-SUBG2_V5.0.0]
2023-08-11 15:07:41,742 [INFO] DbExamplesSqlite:395 - Ignored 27 examples not supported by CubeIDE
2023-08-11 15:07:41,742 [INFO] DbExamplesSqlite:396 - Found 7176 examples active
2023-08-11 15:07:41,743 [INFO] DbExamplesSqlite:397 - Found 677 examples obsolete
2023-08-11 15:07:41,743 [INFO] DbExamplesSqlite:398 - Found 0 examples under development
2023-08-11 15:07:41,743 [INFO] DbExamplesSqlite:399 - Found 74 examples not building
2023-08-11 15:07:41,746 [INFO] DbExamples:125 - Found 7223 examples
2023-08-11 15:07:41,921 [INFO] DbExamples:222 - Found 92 boards with related examples
2023-08-11 15:07:41,922 [INFO] DbExamples:235 - Found 78 MCUs with related examples
2023-08-11 15:07:42,085 [INFO] ApiDb:414 - User favorites file not found: C:\Users\vnlemanhthanh/.stm32cubeide/favorites.examples.txt
2023-08-11 15:07:42,085 [INFO] DbExamples:250 - Set 0 / 0 favorites Examples
2023-08-11 15:07:43,364 [INFO] McuFinderGlobals:76 - Set McuFinderConnectedMode to true
2023-08-11 15:07:43,378 [INFO] MultiScanPanel:200 - Auto-refresh data requested => check proxy status ongoing
2023-08-11 15:07:43,384 [INFO] FinderPluginLoader:95 - Searching for filters in installed packs
2023-08-11 15:07:51,652 [INFO] LoadUrlFilesThread:185 - End of LoadServerUrlFiles without Thread
2023-08-11 15:07:51,691 [INFO] DetailPanel:341 - Set advertising image to C:/Users/vnlemanhthanh/STM32Cube/Repository/\en.prom-stm32h5-mcu-finder.jpg
2023-08-11 15:08:37,458 [INFO] MultiScanPanel:200 - Auto-refresh data requested => check proxy status ongoing
2023-08-11 15:08:37,719 [INFO] LoadUrlFilesThread:185 - End of LoadServerUrlFiles without Thread
2023-08-11 15:08:37,719 [INFO] DetailPanel:341 - Set advertising image to C:/Users/vnlemanhthanh/STM32Cube/Repository/\en.prom-stm32h5-mcu-finder.jpg
2023-08-11 15:08:37,746 [INFO] DbBoards:634 - Loading board mini-images...
2023-08-11 15:08:41,832 [ERROR] DbBoards:651 - Image file not found for board STM32U5G9J-DK1: C:\Users\vnlemanhthanh\.stmcufinder\plugins\mcufinder//mcu//boards_images/STM32U5G9J-DK1.jpg
2023-08-11 15:08:41,832 [ERROR] DbBoards:651 - Image file not found for board STM32U5G9J-DK2: C:\Users\vnlemanhthanh\.stmcufinder\plugins\mcufinder//mcu//boards_images/STM32U5G9J-DK2.jpg
2023-08-11 15:08:41,858 [INFO] DbBoards:657 - Loaded 188 board mini-images
2023-08-11 15:08:49,500 [INFO] MultiScanPanel:200 - Auto-refresh data requested => check proxy status ongoing
2023-08-11 15:08:49,506 [INFO] SoftwarePacks:127 - Download is needed for SW pack 'FP-ATR-ASTRA1_V2.0.0'
2023-08-11 15:08:49,507 [INFO] SoftwarePacks:127 - Download is needed for SW pack 'FP-SNS-FLIGHT1_V5.0.2'
2023-08-11 15:08:49,507 [INFO] SoftwarePacks:127 - Download is needed for SW pack 'FP-SNS-MOTENV1_V4.3.2'
2023-08-11 15:08:49,510 [INFO] SoftwarePacks:127 - Download is needed for SW pack 'STM32Cube_FW_C0_V1.1.0'
2023-08-11 15:08:49,512 [INFO] SoftwarePacks:127 - Download is needed for SW pack 'STM32Cube_FW_F4_V1.27.1'
2023-08-11 15:08:49,514 [INFO] SoftwarePacks:127 - Download is needed for SW pack 'STM32Cube_FW_F7_V1.17.0'
2023-08-11 15:08:49,516 [INFO] SoftwarePacks:127 - Download is needed for SW pack 'STM32Cube_FW_G0_V1.6.1'
2023-08-11 15:08:49,518 [INFO] SoftwarePacks:127 - Download is needed for SW pack 'STM32Cube_FW_G4_V1.5.1'
2023-08-11 15:08:49,519 [INFO] SoftwarePacks:127 - Download is needed for SW pack 'STM32Cube_FW_H5_V1.1.0'
2023-08-11 15:08:49,521 [INFO] SoftwarePacks:127 - Download is needed for SW pack 'STM32Cube_FW_H7_V1.11.0'
2023-08-11 15:08:49,523 [INFO] SoftwarePacks:127 - Download is needed for SW pack 'STM32Cube_FW_L0_V1.12.2'
2023-08-11 15:08:49,525 [INFO] SoftwarePacks:127 - Download is needed for SW pack 'STM32Cube_FW_L5_V1.5.0'
2023-08-11 15:08:49,526 [INFO] SoftwarePacks:127 - Download is needed for SW pack 'STM32Cube_FW_U5_V1.3.0'
2023-08-11 15:08:49,528 [INFO] SoftwarePacks:127 - Download is needed for SW pack 'STM32Cube_FW_WBA_V1.1.0'
2023-08-11 15:08:49,529 [INFO] SoftwarePacks:127 - Download is needed for SW pack 'STM32Cube_FW_WB_V1.17.0'
2023-08-11 15:08:49,531 [INFO] SoftwarePacks:127 - Download is needed for SW pack 'STM32Cube_FW_WL_V1.3.0'
2023-08-11 15:08:49,531 [INFO] SoftwarePacks:127 - Download is needed for SW pack 'X-CUBE-ALGOBUILD_V1.3.0'
2023-08-11 15:08:49,532 [INFO] SoftwarePacks:127 - Download is needed for SW pack 'X-CUBE-ALS_V1.0.1'
2023-08-11 15:08:49,532 [INFO] SoftwarePacks:127 - Download is needed for SW pack 'X-CUBE-AZRTOS-F4_V1.1.0'
2023-08-11 15:08:49,532 [INFO] SoftwarePacks:127 - Download is needed for SW pack 'X-CUBE-AZRTOS-F7_V1.1.0'
2023-08-11 15:08:49,533 [INFO] SoftwarePacks:127 - Download is needed for SW pack 'X-CUBE-AZRTOS-G0_V1.1.0'
2023-08-11 15:08:49,533 [INFO] SoftwarePacks:127 - Download is needed for SW pack 'X-CUBE-AZRTOS-G4_V2.0.0'
2023-08-11 15:08:49,533 [INFO] SoftwarePacks:127 - Download is needed for SW pack 'X-CUBE-AZRTOS-H7_V3.1.0'
2023-08-11 15:08:49,533 [INFO] SoftwarePacks:127 - Download is needed for SW pack 'X-CUBE-AZRTOS-L4_V2.0.0'
2023-08-11 15:08:49,534 [INFO] SoftwarePacks:127 - Download is needed for SW pack 'X-CUBE-AZRTOS-L5_V1.1.0'
2023-08-11 15:08:49,534 [INFO] SoftwarePacks:127 - Download is needed for SW pack 'X-CUBE-AZRTOS-WB_V1.1.0'
2023-08-11 15:08:49,534 [INFO] SoftwarePacks:127 - Download is needed for SW pack 'X-CUBE-AZRTOS-WL_V2.0.0'
2023-08-11 15:08:49,534 [INFO] SoftwarePacks:127 - Download is needed for SW pack 'X-CUBE-BLE1_V6.2.4'
2023-08-11 15:08:49,535 [INFO] SoftwarePacks:127 - Download is needed for SW pack 'X-CUBE-BLE2_V3.3.0'
2023-08-11 15:08:49,535 [INFO] SoftwarePacks:127 - Download is needed for SW pack 'X-CUBE-BLEMGR_V2.0.0'
2023-08-11 15:08:49,535 [INFO] SoftwarePacks:127 - Download is needed for SW pack 'X-CUBE-EEPRMA1_V4.1.0'
2023-08-11 15:08:49,535 [INFO] SoftwarePacks:127 - Download is needed for SW pack 'X-CUBE-FREERTOS_V1.0.1'
2023-08-11 15:08:49,535 [INFO] SoftwarePacks:127 - Download is needed for SW pack 'X-CUBE-GNSS1_V6.0.0'
2023-08-11 15:08:49,536 [INFO] SoftwarePacks:127 - Download is needed for SW pack 'X-CUBE-MEMS1_V9.6.0'
2023-08-11 15:08:49,536 [INFO] SoftwarePacks:127 - Download is needed for SW pack 'X-CUBE-NFC4_V3.0.0'
2023-08-11 15:08:49,536 [INFO] SoftwarePacks:127 - Download is needed for SW pack 'X-CUBE-NFC7_V1.0.0'
2023-08-11 15:08:49,537 [INFO] SoftwarePacks:127 - Download is needed for SW pack 'X-CUBE-SFXS2LP1_V4.0.0'
2023-08-11 15:08:49,537 [INFO] SoftwarePacks:127 - Download is needed for SW pack 'X-CUBE-SUBG2_V5.0.0'
2023-08-11 15:08:52,109 [INFO] LoadUrlFilesThread:185 - End of LoadServerUrlFiles without Thread
2023-08-11 15:08:52,109 [INFO] DetailPanel:341 - Set advertising image to C:/Users/vnlemanhthanh/STM32Cube/Repository/\en.prom-stm32h5-mcu-finder.jpg
2023-08-11 15:10:31,166 [INFO] MetaSearchPanel:254 - search for filter with key=STM32F4
2023-08-11 15:10:31,166 [INFO] MetaSearchPanel:355 - search for filter component McuSeries
2023-08-11 15:10:31,166 [INFO] MetaSearchPanel:329 - Collapse all filters sections
2023-08-11 15:11:24,418 [INFO] MetaSearchPanel:254 - search for filter with key=STM32F4
2023-08-11 15:11:24,419 [INFO] MetaSearchPanel:355 - search for filter component McuSeries
2023-08-11 15:11:24,419 [INFO] MetaSearchPanel:329 - Collapse all filters sections
2023-08-11 15:11:40,644 [INFO] MetaSearchPanel:329 - Expand all filters sections
2023-08-11 15:11:44,612 [INFO] MetaSearchPanel:329 - Collapse all filters sections
2023-08-11 15:11:50,172 [INFO] MetaSearchPanel:254 - search for filter with key=STM32F4
2023-08-11 15:11:50,172 [INFO] MetaSearchPanel:355 - search for filter component McuSeries
2023-08-11 15:11:50,173 [INFO] MetaSearchPanel:329 - Collapse all filters sections
2023-08-11 15:14:36,894 [INFO] ServerAccessManage:473 - Download File 
2023-08-11 15:14:36,952 [INFO] LoadUrlFilesThread:185 - End of LoadServerUrlFiles without Thread
2023-08-11 15:14:37,109 [INFO] BoardAction:170 - Large Picture
2023-08-11 15:14:43,376 [INFO] BoardAction:48 - Features
2023-08-11 15:15:21,876 [INFO] ServerAccessManage:473 - Download File DB1421.pdf
2023-08-11 15:15:22,385 [INFO] LoadUrlFilesThread:156 - End of LoadUrlFiles Thread
2023-08-11 15:15:22,953 [INFO] BoardAction:139 - Datasheet
2023-08-11 15:15:35,244 [INFO] BoardAction:75 - Docs & Resources
2023-08-11 15:16:05,732 [INFO] DocPanel:101 - Download all resources for selected product
2023-08-11 15:16:05,733 [INFO] WebUtils:934 - prepare download of 20 documents
2023-08-11 15:16:18,081 [INFO] ServerAccessManage:473 - Download File AN3364.pdf
2023-08-11 15:16:19,053 [INFO] ServerAccessManage:473 - Download File AN3990.pdf
2023-08-11 15:16:26,840 [INFO] ServerAccessManage:473 - Download File AN3997.pdf
2023-08-11 15:16:31,619 [INFO] ServerAccessManage:473 - Download File AN3998.pdf
2023-08-11 15:16:32,578 [INFO] ServerAccessManage:473 - Download File 16773.pdf
2023-08-11 15:16:33,835 [INFO] ServerAccessManage:473 - Download File 13295.pdf
2023-08-11 15:16:34,267 [INFO] ServerAccessManage:473 - Download File 13329.pdf
2023-08-11 15:16:35,722 [INFO] ServerAccessManage:473 - Download File 19308.pdf
2023-08-11 15:16:37,790 [INFO] ServerAccessManage:473 - Download File 19309.pdf
2023-08-11 15:16:39,048 [INFO] ServerAccessManage:473 - Download File 19310.pdf
2023-08-11 15:16:40,906 [INFO] ServerAccessManage:473 - Download File 19311.pdf
2023-08-11 15:16:42,251 [INFO] ServerAccessManage:473 - Download File TN0830.pdf
2023-08-11 15:16:42,855 [INFO] ServerAccessManage:473 - Download File TN1235.pdf
2023-08-11 15:16:46,001 [INFO] ServerAccessManage:473 - Download File UM1467.pdf
2023-08-11 15:16:51,654 [INFO] ServerAccessManage:473 - Download File UM1472.pdf
2023-08-11 15:16:54,007 [INFO] ServerAccessManage:473 - Download File UM2052.pdf
2023-08-11 15:16:54,491 [INFO] LoadUrlFilesThread:156 - End of LoadUrlFiles Thread
2023-08-11 15:16:54,497 [INFO] DocPanel:103 - Refresh resources is successful
2023-08-11 15:18:46,777 [INFO] McuFinderGlobals:76 - Set McuFinderConnectedMode to true
2023-08-11 15:18:46,794 [INFO] ApiDb:448 - Save user favorites file C:\Users\vnlemanhthanh/.stm32cubeide/favorites.mcus.txt: 0 item(s)
2023-08-11 15:18:46,795 [INFO] ApiDb:452 - User favorites MCUs=[]
2023-08-11 15:18:46,798 [INFO] ApiDb:448 - Save user favorites file C:\Users\vnlemanhthanh/.stm32cubeide/favorites.boards.txt: 0 item(s)
2023-08-11 15:18:46,798 [INFO] ApiDb:452 - User favorites Boards=[]
2023-08-11 15:18:46,803 [INFO] ApiDb:448 - Save user favorites file C:\Users\vnlemanhthanh/.stm32cubeide/favorites.examples.txt: 0 item(s)
2023-08-11 15:18:46,803 [INFO] ApiDb:452 - User favorites Examples=[]
