2023-08-11 14:15:34,274 [INFO] Activator:176 - 


2023-08-11 14:15:34,281 [INFO] Activator:177 - !SESSION log4j initialized
2023-08-11 14:15:39,499 [INFO] LogOutputStream:77 - [STDOUT_REDIRECT] 
2023-08-11 14:15:44,314 [INFO] ApplicationProperties:184 - Using Application install path: C:\ST\STM32CubeIDE_1.13.1\STM32CubeIDE\plugins\com.st.stm32cube.common.mx_6.9.1.202307191849
2023-08-11 14:15:44,348 [INFO] DbMcusXml:78 - Set database path to: C:\ST\STM32CubeIDE_1.13.1\STM32CubeIDE\plugins\com.st.stm32cube.common.mx_6.9.1.202307191849\\db\/mcu/
2023-08-11 14:15:44,348 [INFO] ApiDb:274 - Set plugin database path to: C:\ST\STM32CubeIDE_1.13.1\STM32CubeIDE\plugins\com.st.stm32cube.common.mx_6.9.1.202307191849\\db\/plugins/boardmanager/
2023-08-11 14:15:44,349 [WARN] ApiDb:259 - Overriding images path with different value:  => C:\ST\STM32CubeIDE_1.13.1\STM32CubeIDE\plugins\com.st.stm32cube.common.mx_6.9.1.202307191849\\db\/plugins/mcufinder/images/
2023-08-11 14:15:44,366 [INFO] ApiDb:250 - Set database path to: C:\Users\vnlemanhthanh\.stmcufinder\plugins\mcufinder//mcu/
2023-08-11 14:15:44,369 [INFO] DbMcusAds:125 - Set database path to: C:\Users\vnlemanhthanh\.stmcufinder\plugins\mcufinder//mcu/
2023-08-11 14:15:45,234 [INFO] CrossReferenceDbSqlite:203 - Set database path to: C:\Users\vnlemanhthanh\.stmcufinder\plugins\mcufinder//mcu/cs/
2023-08-11 14:15:45,444 [INFO] RulesReader:64 - Compatibility file has been processed (293 Rules)
2023-08-11 14:15:45,637 [INFO] DbMcusXml:78 - Set database path to: C:\ST\STM32CubeIDE_1.13.1\STM32CubeIDE\plugins\com.st.stm32cube.common.mx_6.9.1.202307191849\\db\/mcu/
2023-08-11 14:15:45,637 [INFO] ApiDb:274 - Set plugin database path to: C:\ST\STM32CubeIDE_1.13.1\STM32CubeIDE\plugins\com.st.stm32cube.common.mx_6.9.1.202307191849\\db\/plugins/boardmanager/
2023-08-11 14:15:45,638 [INFO] ApiDb:261 - Set plugin images path to: C:\ST\STM32CubeIDE_1.13.1\STM32CubeIDE\plugins\com.st.stm32cube.common.mx_6.9.1.202307191849\\db\/plugins/mcufinder/images/
2023-08-11 14:15:45,638 [WARN] DbFile:41 - Overriding database path with different value: C:\Users\vnlemanhthanh\.stmcufinder\plugins\mcufinder/ => C:\Users\vnlemanhthanh\.stmcufinder\plugins\mcufinder
2023-08-11 14:15:45,639 [INFO] ApiDb:250 - Set database path to: C:\Users\vnlemanhthanh\.stmcufinder\plugins\mcufinder//mcu/
2023-08-11 14:15:45,639 [WARN] DbFile:41 - Overriding database path with different value: C:\Users\vnlemanhthanh\.stmcufinder\plugins\mcufinder/ => C:\Users\vnlemanhthanh\.stmcufinder\plugins\mcufinder
2023-08-11 14:15:45,639 [INFO] DbMcusAds:125 - Set database path to: C:\Users\vnlemanhthanh\.stmcufinder\plugins\mcufinder//mcu/
2023-08-11 14:15:45,639 [WARN] DbFile:41 - Overriding database path with different value: C:\Users\vnlemanhthanh\.stmcufinder\plugins\mcufinder/ => C:\Users\vnlemanhthanh\.stmcufinder\plugins\mcufinder
2023-08-11 14:15:45,639 [WARN] DbFile:41 - Overriding database path with different value: C:\Users\vnlemanhthanh\.stmcufinder\plugins\mcufinder/ => C:\Users\vnlemanhthanh\.stmcufinder\plugins\mcufinder
2023-08-11 14:15:46,235 [INFO] CrossReferenceDbSqlite:203 - Set database path to: C:\Users\vnlemanhthanh\.stmcufinder\plugins\mcufinder//mcu/cs/
2023-08-11 14:15:46,417 [INFO] MainPanel:262 - HeapMemory: 268435456
2023-08-11 14:15:46,601 [INFO] DbMcusXml:78 - Set database path to: C:\ST\STM32CubeIDE_1.13.1\STM32CubeIDE\plugins\com.st.stm32cube.common.mx_6.9.1.202307191849\\db\/mcu/
2023-08-11 14:15:46,602 [INFO] ApiDb:274 - Set plugin database path to: C:\ST\STM32CubeIDE_1.13.1\STM32CubeIDE\plugins\com.st.stm32cube.common.mx_6.9.1.202307191849\\db\/plugins/boardmanager/
2023-08-11 14:15:46,602 [INFO] ApiDb:261 - Set plugin images path to: C:\ST\STM32CubeIDE_1.13.1\STM32CubeIDE\plugins\com.st.stm32cube.common.mx_6.9.1.202307191849\\db\/plugins/mcufinder/images/
2023-08-11 14:15:46,603 [WARN] DbFile:41 - Overriding database path with different value: C:\Users\vnlemanhthanh\.stmcufinder\plugins\mcufinder/ => C:\Users\vnlemanhthanh\.stmcufinder\plugins\mcufinder
2023-08-11 14:15:46,604 [INFO] ApiDb:250 - Set database path to: C:\Users\vnlemanhthanh\.stmcufinder\plugins\mcufinder//mcu/
2023-08-11 14:15:46,604 [WARN] DbFile:41 - Overriding database path with different value: C:\Users\vnlemanhthanh\.stmcufinder\plugins\mcufinder/ => C:\Users\vnlemanhthanh\.stmcufinder\plugins\mcufinder
2023-08-11 14:15:46,604 [INFO] DbMcusAds:125 - Set database path to: C:\Users\vnlemanhthanh\.stmcufinder\plugins\mcufinder//mcu/
2023-08-11 14:15:46,604 [WARN] DbFile:41 - Overriding database path with different value: C:\Users\vnlemanhthanh\.stmcufinder\plugins\mcufinder/ => C:\Users\vnlemanhthanh\.stmcufinder\plugins\mcufinder
2023-08-11 14:15:46,605 [WARN] DbFile:41 - Overriding database path with different value: C:\Users\vnlemanhthanh\.stmcufinder\plugins\mcufinder/ => C:\Users\vnlemanhthanh\.stmcufinder\plugins\mcufinder
2023-08-11 14:15:47,234 [INFO] CrossReferenceDbSqlite:203 - Set database path to: C:\Users\vnlemanhthanh\.stmcufinder\plugins\mcufinder//mcu/cs/
2023-08-11 14:15:47,287 [INFO] ApplicationProperties:184 - Using Application install path: C:\ST\STM32CubeIDE_1.13.1\STM32CubeIDE\plugins\com.st.stm32cube.common.mx_6.9.1.202307191849
2023-08-11 14:15:47,289 [INFO] PluginManage:196 - Search for loadable plugins [exclusion list=, ]
2023-08-11 14:15:47,291 [INFO] PluginManage:310 - Check plugin analytics
2023-08-11 14:15:48,488 [INFO] AnalyticsPlugin:253 - Accepted Software Licenses: 
2023-08-11 14:15:48,488 [INFO] AnalyticsPlugin:255 - Accepted CMSIS Pack Licenses: 
2023-08-11 14:15:48,489 [INFO] AnalyticsPlugin:257 - Accepted Firmware Licenses: 
2023-08-11 14:15:48,498 [INFO] PluginManage:359 - Loaded plugin analytics (category:tool,tabindex:-1)
2023-08-11 14:15:48,500 [INFO] PluginManage:310 - Check plugin cadmodel
2023-08-11 14:15:48,533 [INFO] CADModel:105 - Init CAD model plugin
2023-08-11 14:15:48,534 [INFO] PluginManage:359 - Loaded plugin cadmodel (category:power,tabindex:5)
2023-08-11 14:15:48,535 [INFO] PluginManage:310 - Check plugin clock
2023-08-11 14:15:48,574 [INFO] PluginManage:359 - Loaded plugin clock (category:base,tabindex:2)
2023-08-11 14:15:48,575 [INFO] PluginManage:310 - Check plugin ddr
2023-08-11 14:15:48,587 [INFO] PluginManage:359 - Loaded plugin ddr (category:tool,tabindex:6)
2023-08-11 14:15:48,587 [INFO] PluginManage:310 - Check plugin filemanager
2023-08-11 14:15:49,048 [INFO] PluginManage:359 - Loaded plugin filemanager (category:base,tabindex:10)
2023-08-11 14:15:49,048 [INFO] PluginManage:310 - Check plugin ipmanager
2023-08-11 14:15:49,059 [INFO] PluginManage:359 - Loaded plugin ipmanager (category:base,tabindex:5)
2023-08-11 14:15:49,060 [INFO] PluginManage:310 - Check plugin lpbam
2023-08-11 14:15:49,076 [INFO] PluginManage:359 - Loaded plugin lpbam (category:base,tabindex:0)
2023-08-11 14:15:49,077 [INFO] PluginManage:310 - Check plugin memorymap
2023-08-11 14:15:49,105 [INFO] PluginManage:359 - Loaded plugin memorymap (category:base,tabindex:4)
2023-08-11 14:15:49,106 [INFO] PluginManage:310 - Check plugin pinoutandconfiguration
2023-08-11 14:15:49,121 [INFO] PluginManage:359 - Loaded plugin pinoutandconfiguration (category:base,tabindex:1)
2023-08-11 14:15:49,121 [INFO] PluginManage:310 - Check plugin pinoutconfig
2023-08-11 14:15:49,272 [WARN] SupportedApi:132 - Cannot load RTOS API schema: s4s-elt-must-match.1: The content of 'definitions' must match (annotation?, (simpleType | complexType)?, (unique | key | keyref)*)). A problem was found starting at: attribute.
2023-08-11 14:15:49,507 [INFO] PluginManage:359 - Loaded plugin pinoutconfig (category:base,tabindex:0)
2023-08-11 14:15:49,508 [INFO] PluginManage:310 - Check plugin power
2023-08-11 14:15:49,527 [INFO] PluginManage:359 - Loaded plugin power (category:power,tabindex:4)
2023-08-11 14:15:49,527 [INFO] PluginManage:310 - Check plugin projectmanager
2023-08-11 14:15:49,552 [INFO] PluginManage:359 - Loaded plugin projectmanager (category:projectmanager,tabindex:3)
2023-08-11 14:15:49,552 [INFO] PluginManage:310 - Check plugin thirdparty
2023-08-11 14:15:49,778 [INFO] PluginManage:359 - Loaded plugin thirdparty (category:base,tabindex:-1)
2023-08-11 14:15:49,779 [INFO] PluginManage:310 - Check plugin tools
2023-08-11 14:15:49,778 [WARN] IntegrityCheckThread:84 - waiting for thirdparty lock release [integrity check]
2023-08-11 14:15:49,779 [INFO] IntegrityCheckThread:86 - entering critical section [integrity check]
2023-08-11 14:15:49,780 [INFO] ThirdPartyUpdaterWithRetryManager:70 - Updater plugin not ready yet. [1/15]
2023-08-11 14:15:49,783 [INFO] PluginManage:359 - Loaded plugin tools (category:base,tabindex:7)
2023-08-11 14:15:49,784 [INFO] PluginManage:310 - Check plugin tutovideos
2023-08-11 14:15:50,057 [INFO] PluginManage:359 - Loaded plugin tutovideos (category:base,tabindex:-1)
2023-08-11 14:15:50,057 [INFO] PluginManage:310 - Check plugin updater
2023-08-11 14:15:50,076 [INFO] PluginManage:359 - Loaded plugin updater (category:base,tabindex:12)
2023-08-11 14:15:50,076 [INFO] PluginManage:310 - Check plugin userauth
2023-08-11 14:15:50,083 [INFO] UserAuth:113 - Init User Auth plugin
2023-08-11 14:15:50,084 [INFO] PluginManage:359 - Loaded plugin userauth (category:base,tabindex:14)
2023-08-11 14:15:50,085 [INFO] PluginManage:283 - PluginManage : Loaded plugins [17]
2023-08-11 14:15:50,434 [INFO] PinOutPanel:1499 - setPackage(No Configuration,No Configuration)
2023-08-11 14:15:50,648 [INFO] CADModel:165 - CPN selected for project level
2023-08-11 14:15:50,649 [INFO] CADModel:114 - Register for checkConnection events
2023-08-11 14:15:50,684 [INFO] IPUIPlugin:80 - create IPUIPlugin
2023-08-11 14:15:50,685 [INFO] PluginManager:220 - loadIPPluginJar : add adc
2023-08-11 14:15:50,688 [INFO] IPUIPlugin:80 - create IPUIPlugin
2023-08-11 14:15:50,689 [INFO] PluginManager:220 - loadIPPluginJar : add aes
2023-08-11 14:15:50,696 [INFO] IPUIPlugin:80 - create IPUIPlugin
2023-08-11 14:15:50,696 [INFO] PluginManager:220 - loadIPPluginJar : add can
2023-08-11 14:15:50,699 [INFO] IPUIPlugin:80 - create IPUIPlugin
2023-08-11 14:15:50,700 [INFO] PluginManager:220 - loadIPPluginJar : add comp
2023-08-11 14:15:50,705 [INFO] IPUIPlugin:80 - create IPUIPlugin
2023-08-11 14:15:50,705 [INFO] PluginManager:220 - loadIPPluginJar : add cryp
2023-08-11 14:15:50,711 [INFO] IPUIPlugin:80 - create IPUIPlugin
2023-08-11 14:15:50,712 [INFO] PluginManager:220 - loadIPPluginJar : add dfsdm
2023-08-11 14:15:50,728 [INFO] IPUIPlugin:80 - create IPUIPlugin
2023-08-11 14:15:50,730 [INFO] PluginManager:220 - loadIPPluginJar : add dma
2023-08-11 14:15:50,735 [INFO] IPUIPlugin:80 - create IPUIPlugin
2023-08-11 14:15:50,735 [INFO] PluginManager:220 - loadIPPluginJar : add dma3
2023-08-11 14:15:50,738 [INFO] IPUIPlugin:80 - create IPUIPlugin
2023-08-11 14:15:50,738 [INFO] PluginManager:220 - loadIPPluginJar : add fatfs
2023-08-11 14:15:50,748 [INFO] IPUIPlugin:80 - create IPUIPlugin
2023-08-11 14:15:50,749 [INFO] PluginManager:220 - loadIPPluginJar : add fmc
2023-08-11 14:15:50,758 [INFO] IPUIPlugin:80 - create IPUIPlugin
2023-08-11 14:15:50,759 [INFO] PluginManager:220 - loadIPPluginJar : add freertos
2023-08-11 14:15:50,772 [INFO] IPUIPlugin:80 - create IPUIPlugin
2023-08-11 14:15:50,772 [INFO] PluginManager:220 - loadIPPluginJar : add genericplugin
2023-08-11 14:15:50,780 [INFO] IPUIPlugin:80 - create IPUIPlugin
2023-08-11 14:15:50,780 [INFO] PluginManager:220 - loadIPPluginJar : add gfxmmu
2023-08-11 14:15:50,789 [INFO] IPUIPlugin:80 - create IPUIPlugin
2023-08-11 14:15:50,790 [INFO] PluginManager:220 - loadIPPluginJar : add gic
2023-08-11 14:15:50,800 [INFO] IPUIPlugin:80 - create IPUIPlugin
2023-08-11 14:15:50,800 [INFO] PluginManager:220 - loadIPPluginJar : add gpio
2023-08-11 14:15:50,804 [INFO] IPUIPlugin:80 - create IPUIPlugin
2023-08-11 14:15:50,804 [INFO] PluginManager:220 - loadIPPluginJar : add gtzc
2023-08-11 14:15:50,808 [INFO] IPUIPlugin:80 - create IPUIPlugin
2023-08-11 14:15:50,808 [INFO] PluginManager:220 - loadIPPluginJar : add hash
2023-08-11 14:15:50,817 [INFO] IPUIPlugin:80 - create IPUIPlugin
2023-08-11 14:15:50,817 [INFO] PluginManager:220 - loadIPPluginJar : add i2c
2023-08-11 14:15:50,822 [INFO] IPUIPlugin:80 - create IPUIPlugin
2023-08-11 14:15:50,822 [INFO] PluginManager:220 - loadIPPluginJar : add i2s
2023-08-11 14:15:50,833 [INFO] IPUIPlugin:80 - create IPUIPlugin
2023-08-11 14:15:50,834 [INFO] PluginManager:220 - loadIPPluginJar : add i3c
2023-08-11 14:15:50,842 [INFO] IPUIPlugin:80 - create IPUIPlugin
2023-08-11 14:15:50,842 [INFO] PluginManager:220 - loadIPPluginJar : add ipddr
2023-08-11 14:15:50,856 [INFO] IPUIPlugin:80 - create IPUIPlugin
2023-08-11 14:15:50,857 [INFO] PluginManager:220 - loadIPPluginJar : add linkedlist
2023-08-11 14:15:50,864 [INFO] IPUIPlugin:80 - create IPUIPlugin
2023-08-11 14:15:50,865 [INFO] PluginManager:220 - loadIPPluginJar : add lorawan
2023-08-11 14:15:50,867 [INFO] IPUIPlugin:80 - create IPUIPlugin
2023-08-11 14:15:50,868 [INFO] PluginManager:220 - loadIPPluginJar : add ltdc
2023-08-11 14:15:50,881 [INFO] IPUIPlugin:80 - create IPUIPlugin
2023-08-11 14:15:50,881 [INFO] PluginManager:220 - loadIPPluginJar : add mdma
2023-08-11 14:15:50,888 [INFO] IPUIPlugin:80 - create IPUIPlugin
2023-08-11 14:15:50,888 [INFO] PluginManager:220 - loadIPPluginJar : add nvic
2023-08-11 14:15:50,896 [INFO] IPUIPlugin:80 - create IPUIPlugin
2023-08-11 14:15:50,897 [INFO] PluginManager:220 - loadIPPluginJar : add opamp
2023-08-11 14:15:50,902 [INFO] IPUIPlugin:80 - create IPUIPlugin
2023-08-11 14:15:50,902 [INFO] PluginManager:220 - loadIPPluginJar : add openamp
2023-08-11 14:15:50,908 [INFO] IPUIPlugin:80 - create IPUIPlugin
2023-08-11 14:15:50,908 [INFO] PluginManager:220 - loadIPPluginJar : add pdm2pcm
2023-08-11 14:15:50,921 [INFO] IPUIPlugin:80 - create IPUIPlugin
2023-08-11 14:15:50,925 [INFO] PluginManager:220 - loadIPPluginJar : add plateformsettings
2023-08-11 14:15:50,931 [INFO] IPUIPlugin:80 - create IPUIPlugin
2023-08-11 14:15:50,931 [INFO] PluginManager:220 - loadIPPluginJar : add quadspi
2023-08-11 14:15:50,936 [INFO] IPUIPlugin:80 - create IPUIPlugin
2023-08-11 14:15:50,936 [INFO] PluginManager:220 - loadIPPluginJar : add resmgrutility
2023-08-11 14:15:50,940 [INFO] IPUIPlugin:80 - create IPUIPlugin
2023-08-11 14:15:50,941 [INFO] PluginManager:220 - loadIPPluginJar : add sai
2023-08-11 14:15:50,947 [INFO] IPUIPlugin:80 - create IPUIPlugin
2023-08-11 14:15:50,947 [INFO] PluginManager:220 - loadIPPluginJar : add spi
2023-08-11 14:15:50,955 [INFO] IPUIPlugin:80 - create IPUIPlugin
2023-08-11 14:15:50,955 [INFO] PluginManager:220 - loadIPPluginJar : add stm32_wpan
2023-08-11 14:15:50,962 [INFO] IPUIPlugin:80 - create IPUIPlugin
2023-08-11 14:15:50,963 [INFO] PluginManager:220 - loadIPPluginJar : add tim
2023-08-11 14:15:50,968 [INFO] IPUIPlugin:80 - create IPUIPlugin
2023-08-11 14:15:50,969 [INFO] PluginManager:220 - loadIPPluginJar : add touchsensing
2023-08-11 14:15:50,972 [INFO] IPUIPlugin:80 - create IPUIPlugin
2023-08-11 14:15:50,972 [INFO] PluginManager:220 - loadIPPluginJar : add tracer_emb
2023-08-11 14:15:50,977 [INFO] IPUIPlugin:80 - create IPUIPlugin
2023-08-11 14:15:50,979 [INFO] PluginManager:220 - loadIPPluginJar : add ts
2023-08-11 14:15:50,982 [INFO] IPUIPlugin:80 - create IPUIPlugin
2023-08-11 14:15:50,982 [INFO] PluginManager:220 - loadIPPluginJar : add tsc
2023-08-11 14:15:50,985 [INFO] IPUIPlugin:80 - create IPUIPlugin
2023-08-11 14:15:50,985 [INFO] PluginManager:220 - loadIPPluginJar : add ucpd
2023-08-11 14:15:50,990 [INFO] IPUIPlugin:80 - create IPUIPlugin
2023-08-11 14:15:50,991 [INFO] PluginManager:220 - loadIPPluginJar : add usart
2023-08-11 14:15:51,000 [INFO] IPUIPlugin:80 - create IPUIPlugin
2023-08-11 14:15:51,000 [INFO] PluginManager:220 - loadIPPluginJar : add usbx
2023-08-11 14:15:51,170 [INFO] CADModel:165 - CPN selected for project level
2023-08-11 14:15:51,170 [INFO] CADModel:114 - Register for checkConnection events
2023-08-11 14:15:51,171 [FATAL] Updater:308 - Updater called before beeing initialized
2023-08-11 14:15:51,171 [ERROR] CADModel:125 - Updater not yet initialized, retry later 
2023-08-11 14:15:51,441 [INFO] CADModel:165 - CPN selected for project level
2023-08-11 14:15:51,441 [INFO] CADModel:114 - Register for checkConnection events
2023-08-11 14:15:51,441 [FATAL] Updater:308 - Updater called before beeing initialized
2023-08-11 14:15:51,441 [ERROR] CADModel:125 - Updater not yet initialized, retry later 
2023-08-11 14:15:51,450 [FATAL] Updater:308 - Updater called before beeing initialized
2023-08-11 14:15:51,657 [FATAL] Updater:308 - Updater called before beeing initialized
2023-08-11 14:15:51,669 [INFO] DbMcusAds:53 - JSON generation date=Thu Sep 30 13:55:09 ICT 2021 (1632984909247)
2023-08-11 14:15:51,669 [FATAL] Updater:308 - Updater called before beeing initialized
2023-08-11 14:15:51,769 [WARN] DetailPanel:346 - Failed to get advertising image, set to default
2023-08-11 14:15:51,989 [FATAL] Updater:308 - Updater called before beeing initialized
2023-08-11 14:15:51,991 [FATAL] Updater:308 - Updater called before beeing initialized
2023-08-11 14:15:51,992 [FATAL] Updater:308 - Updater called before beeing initialized
2023-08-11 14:15:51,996 [WARN] DetailPanel:346 - Failed to get advertising image, set to default
2023-08-11 14:15:51,998 [FATAL] Updater:308 - Updater called before beeing initialized
2023-08-11 14:15:52,139 [ERROR] Updater:1120 - MainUpdater not yet initialized. External WinMGr cannot be set.
2023-08-11 14:15:52,144 [INFO] Updater:1056 - Updater Version found : 6.9.1
2023-08-11 14:15:52,188 [INFO] ApplicationProperties:184 - Using Application install path: C:\ST\STM32CubeIDE_1.13.1\STM32CubeIDE\plugins\com.st.stm32cube.common.mx_6.9.1.202307191849
2023-08-11 14:15:52,488 [INFO] MainUpdater:2868 - connection check result : 10
2023-08-11 14:15:52,489 [INFO] MainUpdater:285 - Updater Check For Update Now.
2023-08-11 14:15:52,490 [INFO] MicroXplorer:498 - Change Database Version : DB.6.0.91
2023-08-11 14:15:52,503 [INFO] McuFinderGlobals:63 - Set McuFinder mode to 2 (CubeIDE integrated)
2023-08-11 14:15:52,504 [INFO] UserAuth:179 - activating auth plugin
2023-08-11 14:15:52,569 [INFO] UserAuth:393 - Internet connection configuration mode: 1
2023-08-11 14:15:52,640 [INFO] JxBrowserEngine:151 - Initiate JxBrowser Engine with user profile folder
2023-08-11 14:15:52,787 [WARN] MainUpdater:1189 - Updater busy. Cannot search thirdparties
2023-08-11 14:15:52,788 [INFO] ThirdPartyUpdaterWithRetryManager:96 - Updater plugin is busy. [1/15]
2023-08-11 14:15:52,885 [INFO] CheckServerUpdateThread:120 - End of CheckServer Thread
2023-08-11 14:15:54,066 [INFO] WebApp:157 - Instantiating new browser for Auth
2023-08-11 14:15:55,042 [INFO] WebApp:753 - Register for checkConnection events
2023-08-11 14:15:55,042 [INFO] WebApp:390 - Apply proxy settings
2023-08-11 14:15:55,043 [INFO] WebApp:475 - Chromium requires no authentication
2023-08-11 14:15:55,056 [INFO] WebApp:418 - Direct internet connection detected
2023-08-11 14:15:55,407 [INFO] WebApp:188 - Starting web application
2023-08-11 14:15:55,408 [INFO] WebApp:520 - Web application path used C:\ST\STM32CubeIDE_1.13.1\STM32CubeIDE\plugins\com.st.stm32cube.common.mx_6.9.1.202307191849\db\plugins\mcufinder\reactClient1\index.html
2023-08-11 14:15:56,616 [WARN] PackLoader:240 - Cannot read IP mode file for STMicroelectronics.X-CUBE-SMBUS.2.1.0
2023-08-11 14:15:56,787 [WARN] PackLoader:240 - Cannot read IP mode file for STMicroelectronics.X-CUBE-AZRTOS-F7.1.1.0
2023-08-11 14:15:56,846 [WARN] PackLoader:240 - Cannot read IP mode file for STMicroelectronics.FP-SNS-MOTENV1.4.3.2
2023-08-11 14:15:56,881 [WARN] PackLoader:240 - Cannot read IP mode file for STMicroelectronics.X-CUBE-BLE1.6.2.4
2023-08-11 14:15:56,897 [WARN] PackLoader:240 - Cannot read IP mode file for STMicroelectronics.FP-SNS-FLIGHT1.5.0.2
2023-08-11 14:15:56,923 [WARN] PackLoader:240 - Cannot read IP mode file for STMicroelectronics.X-CUBE-DISPLAY.3.0.0
2023-08-11 14:15:56,952 [WARN] PackLoader:240 - Cannot read IP mode file for emotas.I-CUBE-CANOPEN.1.3.0
2023-08-11 14:15:56,970 [WARN] PackLoader:240 - Cannot read IP mode file for STMicroelectronics.X-CUBE-TOUCHGFX.4.22.0
2023-08-11 14:15:57,022 [INFO] LogOutputStream:77 - [STDOUT_REDIRECT] 1 : Invalid condition id : UX_CORESTACK_Condition cause : null
2023-08-11 14:15:57,028 [INFO] LogOutputStream:77 - [STDOUT_REDIRECT] 1 : Invalid condition id : UX_CORESTACK_Condition cause : null
2023-08-11 14:15:57,031 [INFO] LogOutputStream:77 - [STDOUT_REDIRECT] 1 : Invalid condition id : UX_CORESTACK_Condition cause : null
2023-08-11 14:15:57,038 [INFO] LogOutputStream:77 - [STDOUT_REDIRECT] 1 : Invalid condition id : UX_CORESTACK_Condition cause : null
2023-08-11 14:15:57,040 [INFO] LogOutputStream:77 - [STDOUT_REDIRECT] 1 : Invalid condition id : UX_CORESTACK_Condition cause : null
2023-08-11 14:15:57,057 [WARN] PackLoader:240 - Cannot read IP mode file for STMicroelectronics.X-CUBE-AZRTOS-WL.2.0.0
2023-08-11 14:15:57,149 [WARN] PackLoader:240 - Cannot read IP mode file for WES.I-CUBE-Cesium.1.3.0
2023-08-11 14:15:57,164 [WARN] PackLoader:240 - Cannot read IP mode file for STMicroelectronics.X-CUBE-BLE2.3.3.0
2023-08-11 14:15:57,228 [WARN] PackLoader:240 - Cannot read IP mode file for STMicroelectronics.X-CUBE-ALGOBUILD.1.3.0
2023-08-11 14:15:57,336 [WARN] PackLoader:240 - Cannot read IP mode file for STMicroelectronics.X-CUBE-AZRTOS-G0.1.1.0
2023-08-11 14:15:57,388 [WARN] PackLoader:240 - Cannot read IP mode file for STMicroelectronics.X-CUBE-NFC4.3.0.0
2023-08-11 14:15:57,404 [WARN] PackLoader:240 - Cannot read IP mode file for STMicroelectronics.FP-ATR-SIGFOX1.3.2.0
2023-08-11 14:15:57,677 [WARN] PackLoader:240 - Cannot read IP mode file for SEGGER.I-CUBE-embOS.1.3.1
2023-08-11 14:15:57,899 [WARN] PackLoader:240 - Cannot read IP mode file for STMicroelectronics.X-CUBE-GNSS1.6.0.0
2023-08-11 14:15:57,964 [WARN] PackLoader:240 - Cannot read IP mode file for STMicroelectronics.X-CUBE-AZRTOS-F4.1.1.0
2023-08-11 14:15:57,981 [WARN] PackLoader:240 - Cannot read IP mode file for wolfSSL.I-CUBE-wolfSSL.5.6.3
2023-08-11 14:15:58,013 [WARN] PackLoader:240 - Cannot read IP mode file for STMicroelectronics.X-CUBE-AZRTOS-L5.2.0.0
2023-08-11 14:15:58,098 [WARN] PackLoader:240 - Cannot read IP mode file for STMicroelectronics.X-CUBE-MEMS1.9.6.0
2023-08-11 14:15:58,413 [WARN] PackLoader:240 - Cannot read IP mode file for STMicroelectronics.X-CUBE-BLEMGR.2.0.0
2023-08-11 14:15:58,446 [WARN] ConditionMgr:438 - getConditionDescription Invalid condition id : UX DEVICE CLASS RTOS Condition cause : null
2023-08-11 14:15:58,446 [WARN] ConditionMgr:438 - getConditionDescription Invalid condition id : UX DEVICE CLASS RTOS Condition cause : null
2023-08-11 14:15:58,452 [WARN] PackLoader:240 - Cannot read IP mode file for STMicroelectronics.X-CUBE-AZRTOS-H7.3.1.0
2023-08-11 14:15:58,454 [WARN] ConditionMgr:1039 - genDependencies : Invalid condition id : UX DEVICE CLASS RTOS Condition cause : null
2023-08-11 14:15:58,454 [WARN] ConditionMgr:1039 - genDependencies : Invalid condition id : UX DEVICE CLASS RTOS Condition cause : null
2023-08-11 14:15:58,456 [WARN] ConditionMgr:1039 - genDependencies : Invalid condition id : UX DEVICE CLASS RTOS Condition cause : null
2023-08-11 14:15:58,457 [WARN] ConditionMgr:1039 - genDependencies : Invalid condition id : UX DEVICE CLASS RTOS Condition cause : null
2023-08-11 14:15:58,457 [WARN] ConditionMgr:1039 - genDependencies : Invalid condition id : UX DEVICE CLASS RTOS Condition cause : null
2023-08-11 14:15:58,468 [WARN] PackLoader:240 - Cannot read IP mode file for STMicroelectronics.X-CUBE-NFC7.1.0.1
2023-08-11 14:15:58,478 [WARN] PackLoader:240 - Cannot read IP mode file for STMicroelectronics.X-CUBE-EEPRMA1.4.1.0
2023-08-11 14:15:58,485 [WARN] PackLoader:240 - Cannot read IP mode file for STMicroelectronics.X-CUBE-AI.8.1.0
2023-08-11 14:15:58,518 [WARN] ConditionMgr:438 - getConditionDescription Invalid condition id : LAN8742 Phy interface Condition cause : null
2023-08-11 14:15:58,520 [WARN] PackLoader:240 - Cannot read IP mode file for STMicroelectronics.X-CUBE-AZRTOS-L4.2.0.0
2023-08-11 14:15:58,523 [WARN] ConditionMgr:1039 - genDependencies : Invalid condition id : LAN8742 Phy interface Condition cause : null
2023-08-11 14:15:58,523 [WARN] ConditionMgr:1039 - genDependencies : Invalid condition id : LAN8742 Phy interface Condition cause : null
2023-08-11 14:15:58,525 [WARN] ConditionMgr:1039 - genDependencies : Invalid condition id : LAN8742 Phy interface Condition cause : null
2023-08-11 14:15:58,542 [WARN] PackLoader:240 - Cannot read IP mode file for STMicroelectronics.X-CUBE-SFXS2LP1.4.0.0
2023-08-11 14:15:58,550 [WARN] PackLoader:240 - Cannot read IP mode file for STMicroelectronics.X-CUBE-ISPU.1.1.0
2023-08-11 14:15:58,572 [WARN] ConditionMgr:438 - getConditionDescription Invalid condition id : UX DEVICE CLASS RTOS Condition cause : null
2023-08-11 14:15:58,572 [WARN] ConditionMgr:438 - getConditionDescription Invalid condition id : UX DEVICE CLASS RTOS Condition cause : null
2023-08-11 14:15:58,576 [WARN] PackLoader:240 - Cannot read IP mode file for STMicroelectronics.X-CUBE-AZRTOS-WB.2.0.0
2023-08-11 14:15:58,579 [WARN] ConditionMgr:1039 - genDependencies : Invalid condition id : UX DEVICE CLASS RTOS Condition cause : null
2023-08-11 14:15:58,579 [WARN] ConditionMgr:1039 - genDependencies : Invalid condition id : UX DEVICE CLASS RTOS Condition cause : null
2023-08-11 14:15:58,580 [WARN] ConditionMgr:1039 - genDependencies : Invalid condition id : UX DEVICE CLASS RTOS Condition cause : null
2023-08-11 14:15:58,580 [WARN] ConditionMgr:1039 - genDependencies : Invalid condition id : UX DEVICE CLASS RTOS Condition cause : null
2023-08-11 14:15:58,581 [WARN] ConditionMgr:1039 - genDependencies : Invalid condition id : UX DEVICE CLASS RTOS Condition cause : null
2023-08-11 14:15:58,591 [WARN] PackLoader:240 - Cannot read IP mode file for STMicroelectronics.X-CUBE-FREERTOS.1.0.1
2023-08-11 14:15:58,607 [WARN] PackLoader:240 - Cannot read IP mode file for STMicroelectronics.X-CUBE-SUBG2.5.0.0
2023-08-11 14:15:58,633 [WARN] PackLoader:240 - Cannot read IP mode file for STMicroelectronics.X-CUBE-TOF1.3.3.1
2023-08-11 14:15:58,676 [WARN] PackLoader:240 - Cannot read IP mode file for STMicroelectronics.X-CUBE-AZRTOS-G4.2.0.0
2023-08-11 14:15:58,687 [WARN] PackLoader:240 - Cannot read IP mode file for portGmbH.I-Cube-SoM-uGOAL.1.1.0
2023-08-11 14:15:58,694 [WARN] PackLoader:240 - Cannot read IP mode file for STMicroelectronics.X-CUBE-ALS.1.0.1
2023-08-11 14:15:58,700 [WARN] PackLoader:240 - Cannot read IP mode file for STMicroelectronics.FP-ATR-ASTRA1.2.0.0
2023-08-11 14:15:58,701 [INFO] ThirdParty:978 - Integrity check success = true
2023-08-11 14:15:58,702 [INFO] IntegrityCheckThread:100 - exiting critical section [integrity check]
2023-08-11 14:15:58,702 [INFO] IntegrityCheckThread:103 - End integrity checks thread
2023-08-11 14:16:17,235 [ERROR] LogOutputStream:75 - [STDERR_REDIRECT] SLF4J: Failed to load class "org.slf4j.impl.StaticLoggerBinder".
2023-08-11 14:16:17,236 [ERROR] LogOutputStream:75 - [STDERR_REDIRECT] SLF4J: Defaulting to no-operation (NOP) logger implementation
2023-08-11 14:16:17,240 [ERROR] LogOutputStream:75 - [STDERR_REDIRECT] SLF4J: See http://www.slf4j.org/codes.html#StaticLoggerBinder for further details.
2023-08-11 14:26:01,067 [ERROR] LogOutputStream:75 - [STDERR_REDIRECT] 
2023-08-11 14:28:33,341 [INFO] Activator:176 - 


2023-08-11 14:28:33,343 [INFO] Activator:177 - !SESSION log4j initialized
2023-08-11 14:28:40,870 [INFO] LogOutputStream:77 - [STDOUT_REDIRECT] 
2023-08-11 14:28:42,785 [INFO] ApplicationProperties:184 - Using Application install path: C:\ST\STM32CubeIDE_1.13.1\STM32CubeIDE\plugins\com.st.stm32cube.common.mx_6.9.1.202307191849
2023-08-11 14:28:42,815 [INFO] DbMcusXml:78 - Set database path to: C:\ST\STM32CubeIDE_1.13.1\STM32CubeIDE\plugins\com.st.stm32cube.common.mx_6.9.1.202307191849\\db\/mcu/
2023-08-11 14:28:42,815 [INFO] ApiDb:274 - Set plugin database path to: C:\ST\STM32CubeIDE_1.13.1\STM32CubeIDE\plugins\com.st.stm32cube.common.mx_6.9.1.202307191849\\db\/plugins/boardmanager/
2023-08-11 14:28:42,816 [WARN] ApiDb:259 - Overriding images path with different value:  => C:\ST\STM32CubeIDE_1.13.1\STM32CubeIDE\plugins\com.st.stm32cube.common.mx_6.9.1.202307191849\\db\/plugins/mcufinder/images/
2023-08-11 14:28:42,832 [INFO] ApiDb:250 - Set database path to: C:\Users\vnlemanhthanh\.stmcufinder\plugins\mcufinder//mcu/
2023-08-11 14:28:42,834 [INFO] DbMcusAds:125 - Set database path to: C:\Users\vnlemanhthanh\.stmcufinder\plugins\mcufinder//mcu/
2023-08-11 14:28:43,734 [INFO] CrossReferenceDbSqlite:203 - Set database path to: C:\Users\vnlemanhthanh\.stmcufinder\plugins\mcufinder//mcu/cs/
2023-08-11 14:28:43,896 [INFO] RulesReader:64 - Compatibility file has been processed (293 Rules)
2023-08-11 14:28:44,011 [INFO] DbMcusXml:78 - Set database path to: C:\ST\STM32CubeIDE_1.13.1\STM32CubeIDE\plugins\com.st.stm32cube.common.mx_6.9.1.202307191849\\db\/mcu/
2023-08-11 14:28:44,012 [INFO] ApiDb:274 - Set plugin database path to: C:\ST\STM32CubeIDE_1.13.1\STM32CubeIDE\plugins\com.st.stm32cube.common.mx_6.9.1.202307191849\\db\/plugins/boardmanager/
2023-08-11 14:28:44,012 [INFO] ApiDb:261 - Set plugin images path to: C:\ST\STM32CubeIDE_1.13.1\STM32CubeIDE\plugins\com.st.stm32cube.common.mx_6.9.1.202307191849\\db\/plugins/mcufinder/images/
2023-08-11 14:28:44,012 [WARN] DbFile:41 - Overriding database path with different value: C:\Users\vnlemanhthanh\.stmcufinder\plugins\mcufinder/ => C:\Users\vnlemanhthanh\.stmcufinder\plugins\mcufinder
2023-08-11 14:28:44,013 [INFO] ApiDb:250 - Set database path to: C:\Users\vnlemanhthanh\.stmcufinder\plugins\mcufinder//mcu/
2023-08-11 14:28:44,013 [WARN] DbFile:41 - Overriding database path with different value: C:\Users\vnlemanhthanh\.stmcufinder\plugins\mcufinder/ => C:\Users\vnlemanhthanh\.stmcufinder\plugins\mcufinder
2023-08-11 14:28:44,013 [INFO] DbMcusAds:125 - Set database path to: C:\Users\vnlemanhthanh\.stmcufinder\plugins\mcufinder//mcu/
2023-08-11 14:28:44,013 [WARN] DbFile:41 - Overriding database path with different value: C:\Users\vnlemanhthanh\.stmcufinder\plugins\mcufinder/ => C:\Users\vnlemanhthanh\.stmcufinder\plugins\mcufinder
2023-08-11 14:28:44,013 [WARN] DbFile:41 - Overriding database path with different value: C:\Users\vnlemanhthanh\.stmcufinder\plugins\mcufinder/ => C:\Users\vnlemanhthanh\.stmcufinder\plugins\mcufinder
2023-08-11 14:28:44,749 [INFO] CrossReferenceDbSqlite:203 - Set database path to: C:\Users\vnlemanhthanh\.stmcufinder\plugins\mcufinder//mcu/cs/
2023-08-11 14:28:44,855 [INFO] MainPanel:262 - HeapMemory: 268435456
2023-08-11 14:28:44,953 [INFO] DbMcusXml:78 - Set database path to: C:\ST\STM32CubeIDE_1.13.1\STM32CubeIDE\plugins\com.st.stm32cube.common.mx_6.9.1.202307191849\\db\/mcu/
2023-08-11 14:28:44,953 [INFO] ApiDb:274 - Set plugin database path to: C:\ST\STM32CubeIDE_1.13.1\STM32CubeIDE\plugins\com.st.stm32cube.common.mx_6.9.1.202307191849\\db\/plugins/boardmanager/
2023-08-11 14:28:44,953 [INFO] ApiDb:261 - Set plugin images path to: C:\ST\STM32CubeIDE_1.13.1\STM32CubeIDE\plugins\com.st.stm32cube.common.mx_6.9.1.202307191849\\db\/plugins/mcufinder/images/
2023-08-11 14:28:44,954 [WARN] DbFile:41 - Overriding database path with different value: C:\Users\vnlemanhthanh\.stmcufinder\plugins\mcufinder/ => C:\Users\vnlemanhthanh\.stmcufinder\plugins\mcufinder
2023-08-11 14:28:44,954 [INFO] ApiDb:250 - Set database path to: C:\Users\vnlemanhthanh\.stmcufinder\plugins\mcufinder//mcu/
2023-08-11 14:28:44,954 [WARN] DbFile:41 - Overriding database path with different value: C:\Users\vnlemanhthanh\.stmcufinder\plugins\mcufinder/ => C:\Users\vnlemanhthanh\.stmcufinder\plugins\mcufinder
2023-08-11 14:28:44,954 [INFO] DbMcusAds:125 - Set database path to: C:\Users\vnlemanhthanh\.stmcufinder\plugins\mcufinder//mcu/
2023-08-11 14:28:44,954 [WARN] DbFile:41 - Overriding database path with different value: C:\Users\vnlemanhthanh\.stmcufinder\plugins\mcufinder/ => C:\Users\vnlemanhthanh\.stmcufinder\plugins\mcufinder
2023-08-11 14:28:44,954 [WARN] DbFile:41 - Overriding database path with different value: C:\Users\vnlemanhthanh\.stmcufinder\plugins\mcufinder/ => C:\Users\vnlemanhthanh\.stmcufinder\plugins\mcufinder
2023-08-11 14:28:45,743 [INFO] CrossReferenceDbSqlite:203 - Set database path to: C:\Users\vnlemanhthanh\.stmcufinder\plugins\mcufinder//mcu/cs/
2023-08-11 14:28:45,774 [INFO] ApplicationProperties:184 - Using Application install path: C:\ST\STM32CubeIDE_1.13.1\STM32CubeIDE\plugins\com.st.stm32cube.common.mx_6.9.1.202307191849
2023-08-11 14:28:45,776 [INFO] PluginManage:196 - Search for loadable plugins [exclusion list=, ]
2023-08-11 14:28:45,777 [INFO] PluginManage:310 - Check plugin analytics
2023-08-11 14:28:46,870 [INFO] AnalyticsPlugin:253 - Accepted Software Licenses: 
2023-08-11 14:28:46,870 [INFO] AnalyticsPlugin:255 - Accepted CMSIS Pack Licenses: 
2023-08-11 14:28:46,871 [INFO] AnalyticsPlugin:257 - Accepted Firmware Licenses: 
2023-08-11 14:28:46,876 [INFO] PluginManage:359 - Loaded plugin analytics (category:tool,tabindex:-1)
2023-08-11 14:28:46,876 [INFO] PluginManage:310 - Check plugin cadmodel
2023-08-11 14:28:46,882 [INFO] CADModel:105 - Init CAD model plugin
2023-08-11 14:28:46,883 [INFO] PluginManage:359 - Loaded plugin cadmodel (category:power,tabindex:5)
2023-08-11 14:28:46,884 [INFO] PluginManage:310 - Check plugin clock
2023-08-11 14:28:46,900 [INFO] PluginManage:359 - Loaded plugin clock (category:base,tabindex:2)
2023-08-11 14:28:46,901 [INFO] PluginManage:310 - Check plugin ddr
2023-08-11 14:28:46,904 [INFO] PluginManage:359 - Loaded plugin ddr (category:tool,tabindex:6)
2023-08-11 14:28:46,905 [INFO] PluginManage:310 - Check plugin filemanager
2023-08-11 14:28:47,119 [INFO] PluginManage:359 - Loaded plugin filemanager (category:base,tabindex:10)
2023-08-11 14:28:47,119 [INFO] PluginManage:310 - Check plugin ipmanager
2023-08-11 14:28:47,132 [INFO] PluginManage:359 - Loaded plugin ipmanager (category:base,tabindex:5)
2023-08-11 14:28:47,132 [INFO] PluginManage:310 - Check plugin lpbam
2023-08-11 14:28:47,147 [INFO] PluginManage:359 - Loaded plugin lpbam (category:base,tabindex:0)
2023-08-11 14:28:47,147 [INFO] PluginManage:310 - Check plugin memorymap
2023-08-11 14:28:47,170 [INFO] PluginManage:359 - Loaded plugin memorymap (category:base,tabindex:4)
2023-08-11 14:28:47,170 [INFO] PluginManage:310 - Check plugin pinoutandconfiguration
2023-08-11 14:28:47,183 [INFO] PluginManage:359 - Loaded plugin pinoutandconfiguration (category:base,tabindex:1)
2023-08-11 14:28:47,184 [INFO] PluginManage:310 - Check plugin pinoutconfig
2023-08-11 14:28:47,320 [WARN] SupportedApi:132 - Cannot load RTOS API schema: s4s-elt-must-match.1: The content of 'definitions' must match (annotation?, (simpleType | complexType)?, (unique | key | keyref)*)). A problem was found starting at: attribute.
2023-08-11 14:28:47,518 [INFO] PluginManage:359 - Loaded plugin pinoutconfig (category:base,tabindex:0)
2023-08-11 14:28:47,519 [INFO] PluginManage:310 - Check plugin power
2023-08-11 14:28:47,535 [INFO] PluginManage:359 - Loaded plugin power (category:power,tabindex:4)
2023-08-11 14:28:47,536 [INFO] PluginManage:310 - Check plugin projectmanager
2023-08-11 14:28:47,565 [INFO] PluginManage:359 - Loaded plugin projectmanager (category:projectmanager,tabindex:3)
2023-08-11 14:28:47,566 [INFO] PluginManage:310 - Check plugin thirdparty
2023-08-11 14:28:47,778 [INFO] PluginManage:359 - Loaded plugin thirdparty (category:base,tabindex:-1)
2023-08-11 14:28:47,778 [INFO] PluginManage:310 - Check plugin tools
2023-08-11 14:28:47,778 [WARN] IntegrityCheckThread:84 - waiting for thirdparty lock release [integrity check]
2023-08-11 14:28:47,779 [INFO] IntegrityCheckThread:86 - entering critical section [integrity check]
2023-08-11 14:28:47,779 [INFO] ThirdPartyUpdaterWithRetryManager:70 - Updater plugin not ready yet. [1/15]
2023-08-11 14:28:47,786 [INFO] PluginManage:359 - Loaded plugin tools (category:base,tabindex:7)
2023-08-11 14:28:47,786 [INFO] PluginManage:310 - Check plugin tutovideos
2023-08-11 14:28:48,054 [INFO] PluginManage:359 - Loaded plugin tutovideos (category:base,tabindex:-1)
2023-08-11 14:28:48,055 [INFO] PluginManage:310 - Check plugin updater
2023-08-11 14:28:48,069 [INFO] PluginManage:359 - Loaded plugin updater (category:base,tabindex:12)
2023-08-11 14:28:48,069 [INFO] PluginManage:310 - Check plugin userauth
2023-08-11 14:28:48,079 [INFO] UserAuth:113 - Init User Auth plugin
2023-08-11 14:28:48,079 [INFO] PluginManage:359 - Loaded plugin userauth (category:base,tabindex:14)
2023-08-11 14:28:48,080 [INFO] PluginManage:283 - PluginManage : Loaded plugins [17]
2023-08-11 14:28:48,468 [INFO] PinOutPanel:1499 - setPackage(No Configuration,No Configuration)
2023-08-11 14:28:48,640 [INFO] CADModel:165 - CPN selected for project level
2023-08-11 14:28:48,641 [INFO] CADModel:114 - Register for checkConnection events
2023-08-11 14:28:48,660 [INFO] IPUIPlugin:80 - create IPUIPlugin
2023-08-11 14:28:48,661 [INFO] PluginManager:220 - loadIPPluginJar : add adc
2023-08-11 14:28:48,664 [INFO] IPUIPlugin:80 - create IPUIPlugin
2023-08-11 14:28:48,664 [INFO] PluginManager:220 - loadIPPluginJar : add aes
2023-08-11 14:28:48,668 [INFO] IPUIPlugin:80 - create IPUIPlugin
2023-08-11 14:28:48,668 [INFO] PluginManager:220 - loadIPPluginJar : add can
2023-08-11 14:28:48,671 [INFO] IPUIPlugin:80 - create IPUIPlugin
2023-08-11 14:28:48,671 [INFO] PluginManager:220 - loadIPPluginJar : add comp
2023-08-11 14:28:48,676 [INFO] IPUIPlugin:80 - create IPUIPlugin
2023-08-11 14:28:48,676 [INFO] PluginManager:220 - loadIPPluginJar : add cryp
2023-08-11 14:28:48,680 [INFO] IPUIPlugin:80 - create IPUIPlugin
2023-08-11 14:28:48,681 [INFO] PluginManager:220 - loadIPPluginJar : add dfsdm
2023-08-11 14:28:48,687 [INFO] IPUIPlugin:80 - create IPUIPlugin
2023-08-11 14:28:48,688 [INFO] PluginManager:220 - loadIPPluginJar : add dma
2023-08-11 14:28:48,692 [INFO] IPUIPlugin:80 - create IPUIPlugin
2023-08-11 14:28:48,693 [INFO] PluginManager:220 - loadIPPluginJar : add dma3
2023-08-11 14:28:48,695 [INFO] IPUIPlugin:80 - create IPUIPlugin
2023-08-11 14:28:48,696 [INFO] PluginManager:220 - loadIPPluginJar : add fatfs
2023-08-11 14:28:48,703 [INFO] IPUIPlugin:80 - create IPUIPlugin
2023-08-11 14:28:48,703 [INFO] PluginManager:220 - loadIPPluginJar : add fmc
2023-08-11 14:28:48,713 [INFO] IPUIPlugin:80 - create IPUIPlugin
2023-08-11 14:28:48,714 [INFO] PluginManager:220 - loadIPPluginJar : add freertos
2023-08-11 14:28:48,716 [INFO] IPUIPlugin:80 - create IPUIPlugin
2023-08-11 14:28:48,717 [INFO] PluginManager:220 - loadIPPluginJar : add genericplugin
2023-08-11 14:28:48,720 [INFO] IPUIPlugin:80 - create IPUIPlugin
2023-08-11 14:28:48,721 [INFO] PluginManager:220 - loadIPPluginJar : add gfxmmu
2023-08-11 14:28:48,729 [INFO] IPUIPlugin:80 - create IPUIPlugin
2023-08-11 14:28:48,729 [INFO] PluginManager:220 - loadIPPluginJar : add gic
2023-08-11 14:28:48,736 [INFO] IPUIPlugin:80 - create IPUIPlugin
2023-08-11 14:28:48,736 [INFO] PluginManager:220 - loadIPPluginJar : add gpio
2023-08-11 14:28:48,741 [INFO] IPUIPlugin:80 - create IPUIPlugin
2023-08-11 14:28:48,741 [INFO] PluginManager:220 - loadIPPluginJar : add gtzc
2023-08-11 14:28:48,745 [INFO] IPUIPlugin:80 - create IPUIPlugin
2023-08-11 14:28:48,746 [INFO] PluginManager:220 - loadIPPluginJar : add hash
2023-08-11 14:28:48,750 [INFO] IPUIPlugin:80 - create IPUIPlugin
2023-08-11 14:28:48,751 [INFO] PluginManager:220 - loadIPPluginJar : add i2c
2023-08-11 14:28:48,755 [INFO] IPUIPlugin:80 - create IPUIPlugin
2023-08-11 14:28:48,755 [INFO] PluginManager:220 - loadIPPluginJar : add i2s
2023-08-11 14:28:48,760 [INFO] IPUIPlugin:80 - create IPUIPlugin
2023-08-11 14:28:48,760 [INFO] PluginManager:220 - loadIPPluginJar : add i3c
2023-08-11 14:28:48,766 [INFO] IPUIPlugin:80 - create IPUIPlugin
2023-08-11 14:28:48,766 [INFO] PluginManager:220 - loadIPPluginJar : add ipddr
2023-08-11 14:28:48,777 [INFO] IPUIPlugin:80 - create IPUIPlugin
2023-08-11 14:28:48,777 [INFO] PluginManager:220 - loadIPPluginJar : add linkedlist
2023-08-11 14:28:48,783 [INFO] IPUIPlugin:80 - create IPUIPlugin
2023-08-11 14:28:48,783 [INFO] PluginManager:220 - loadIPPluginJar : add lorawan
2023-08-11 14:28:48,786 [INFO] IPUIPlugin:80 - create IPUIPlugin
2023-08-11 14:28:48,787 [INFO] PluginManager:220 - loadIPPluginJar : add ltdc
2023-08-11 14:28:48,799 [INFO] IPUIPlugin:80 - create IPUIPlugin
2023-08-11 14:28:48,800 [INFO] PluginManager:220 - loadIPPluginJar : add mdma
2023-08-11 14:28:48,808 [INFO] IPUIPlugin:80 - create IPUIPlugin
2023-08-11 14:28:48,808 [INFO] PluginManager:220 - loadIPPluginJar : add nvic
2023-08-11 14:28:48,812 [INFO] IPUIPlugin:80 - create IPUIPlugin
2023-08-11 14:28:48,812 [INFO] PluginManager:220 - loadIPPluginJar : add opamp
2023-08-11 14:28:48,816 [INFO] IPUIPlugin:80 - create IPUIPlugin
2023-08-11 14:28:48,816 [INFO] PluginManager:220 - loadIPPluginJar : add openamp
2023-08-11 14:28:48,821 [INFO] IPUIPlugin:80 - create IPUIPlugin
2023-08-11 14:28:48,821 [INFO] PluginManager:220 - loadIPPluginJar : add pdm2pcm
2023-08-11 14:28:48,831 [INFO] IPUIPlugin:80 - create IPUIPlugin
2023-08-11 14:28:48,836 [INFO] PluginManager:220 - loadIPPluginJar : add plateformsettings
2023-08-11 14:28:48,840 [INFO] IPUIPlugin:80 - create IPUIPlugin
2023-08-11 14:28:48,840 [INFO] PluginManager:220 - loadIPPluginJar : add quadspi
2023-08-11 14:28:48,847 [INFO] IPUIPlugin:80 - create IPUIPlugin
2023-08-11 14:28:48,847 [INFO] PluginManager:220 - loadIPPluginJar : add resmgrutility
2023-08-11 14:28:48,852 [INFO] IPUIPlugin:80 - create IPUIPlugin
2023-08-11 14:28:48,852 [INFO] PluginManager:220 - loadIPPluginJar : add sai
2023-08-11 14:28:48,857 [INFO] IPUIPlugin:80 - create IPUIPlugin
2023-08-11 14:28:48,857 [INFO] PluginManager:220 - loadIPPluginJar : add spi
2023-08-11 14:28:48,865 [INFO] IPUIPlugin:80 - create IPUIPlugin
2023-08-11 14:28:48,865 [INFO] PluginManager:220 - loadIPPluginJar : add stm32_wpan
2023-08-11 14:28:48,868 [INFO] IPUIPlugin:80 - create IPUIPlugin
2023-08-11 14:28:48,869 [INFO] PluginManager:220 - loadIPPluginJar : add tim
2023-08-11 14:28:48,874 [INFO] IPUIPlugin:80 - create IPUIPlugin
2023-08-11 14:28:48,874 [INFO] PluginManager:220 - loadIPPluginJar : add touchsensing
2023-08-11 14:28:48,877 [INFO] IPUIPlugin:80 - create IPUIPlugin
2023-08-11 14:28:48,878 [INFO] PluginManager:220 - loadIPPluginJar : add tracer_emb
2023-08-11 14:28:48,881 [INFO] IPUIPlugin:80 - create IPUIPlugin
2023-08-11 14:28:48,881 [INFO] PluginManager:220 - loadIPPluginJar : add ts
2023-08-11 14:28:48,884 [INFO] IPUIPlugin:80 - create IPUIPlugin
2023-08-11 14:28:48,885 [INFO] PluginManager:220 - loadIPPluginJar : add tsc
2023-08-11 14:28:48,888 [INFO] IPUIPlugin:80 - create IPUIPlugin
2023-08-11 14:28:48,888 [INFO] PluginManager:220 - loadIPPluginJar : add ucpd
2023-08-11 14:28:48,893 [INFO] IPUIPlugin:80 - create IPUIPlugin
2023-08-11 14:28:48,893 [INFO] PluginManager:220 - loadIPPluginJar : add usart
2023-08-11 14:28:48,898 [INFO] IPUIPlugin:80 - create IPUIPlugin
2023-08-11 14:28:48,898 [INFO] PluginManager:220 - loadIPPluginJar : add usbx
2023-08-11 14:28:49,067 [INFO] CADModel:165 - CPN selected for project level
2023-08-11 14:28:49,068 [INFO] CADModel:114 - Register for checkConnection events
2023-08-11 14:28:49,069 [FATAL] Updater:308 - Updater called before beeing initialized
2023-08-11 14:28:49,070 [ERROR] CADModel:125 - Updater not yet initialized, retry later 
2023-08-11 14:28:49,336 [INFO] CADModel:165 - CPN selected for project level
2023-08-11 14:28:49,336 [INFO] CADModel:114 - Register for checkConnection events
2023-08-11 14:28:49,336 [FATAL] Updater:308 - Updater called before beeing initialized
2023-08-11 14:28:49,336 [ERROR] CADModel:125 - Updater not yet initialized, retry later 
2023-08-11 14:28:49,342 [FATAL] Updater:308 - Updater called before beeing initialized
2023-08-11 14:28:49,503 [FATAL] Updater:308 - Updater called before beeing initialized
2023-08-11 14:28:49,511 [INFO] DbMcusAds:53 - JSON generation date=Thu Sep 30 13:55:09 ICT 2021 (1632984909247)
2023-08-11 14:28:49,511 [FATAL] Updater:308 - Updater called before beeing initialized
2023-08-11 14:28:49,562 [WARN] DetailPanel:346 - Failed to get advertising image, set to default
2023-08-11 14:28:49,699 [FATAL] Updater:308 - Updater called before beeing initialized
2023-08-11 14:28:49,702 [FATAL] Updater:308 - Updater called before beeing initialized
2023-08-11 14:28:49,702 [FATAL] Updater:308 - Updater called before beeing initialized
2023-08-11 14:28:49,702 [WARN] DetailPanel:346 - Failed to get advertising image, set to default
2023-08-11 14:28:49,703 [FATAL] Updater:308 - Updater called before beeing initialized
2023-08-11 14:28:49,789 [ERROR] Updater:1120 - MainUpdater not yet initialized. External WinMGr cannot be set.
2023-08-11 14:28:49,792 [INFO] Updater:1056 - Updater Version found : 6.9.1
2023-08-11 14:28:49,820 [INFO] ApplicationProperties:184 - Using Application install path: C:\ST\STM32CubeIDE_1.13.1\STM32CubeIDE\plugins\com.st.stm32cube.common.mx_6.9.1.202307191849
2023-08-11 14:28:50,023 [INFO] MainUpdater:2868 - connection check result : 10
2023-08-11 14:28:50,026 [INFO] MainUpdater:285 - Updater Check For Update Now.
2023-08-11 14:28:50,028 [INFO] MicroXplorer:498 - Change Database Version : DB.6.0.91
2023-08-11 14:28:50,039 [INFO] McuFinderGlobals:63 - Set McuFinder mode to 2 (CubeIDE integrated)
2023-08-11 14:28:50,039 [INFO] UserAuth:179 - activating auth plugin
2023-08-11 14:28:50,044 [INFO] UserAuth:393 - Internet connection configuration mode: 1
2023-08-11 14:28:50,071 [INFO] JxBrowserEngine:151 - Initiate JxBrowser Engine with user profile folder
2023-08-11 14:28:50,286 [INFO] CheckServerUpdateThread:120 - End of CheckServer Thread
2023-08-11 14:28:51,162 [WARN] PackLoader:240 - Cannot read IP mode file for STMicroelectronics.X-CUBE-SMBUS.2.1.0
2023-08-11 14:28:51,245 [WARN] PackLoader:240 - Cannot read IP mode file for STMicroelectronics.X-CUBE-AZRTOS-F7.1.1.0
2023-08-11 14:28:51,265 [WARN] PackLoader:240 - Cannot read IP mode file for STMicroelectronics.FP-SNS-MOTENV1.4.3.2
2023-08-11 14:28:51,350 [WARN] PackLoader:240 - Cannot read IP mode file for STMicroelectronics.X-CUBE-BLE1.6.2.4
2023-08-11 14:28:51,359 [WARN] PackLoader:240 - Cannot read IP mode file for STMicroelectronics.FP-SNS-FLIGHT1.5.0.2
2023-08-11 14:28:51,372 [WARN] PackLoader:240 - Cannot read IP mode file for STMicroelectronics.X-CUBE-DISPLAY.3.0.0
2023-08-11 14:28:51,390 [WARN] PackLoader:240 - Cannot read IP mode file for emotas.I-CUBE-CANOPEN.1.3.0
2023-08-11 14:28:51,399 [WARN] PackLoader:240 - Cannot read IP mode file for STMicroelectronics.X-CUBE-TOUCHGFX.4.22.0
2023-08-11 14:28:51,422 [INFO] LogOutputStream:77 - [STDOUT_REDIRECT] 1 : Invalid condition id : UX_CORESTACK_Condition cause : null
2023-08-11 14:28:51,423 [INFO] LogOutputStream:77 - [STDOUT_REDIRECT] 1 : Invalid condition id : UX_CORESTACK_Condition cause : null
2023-08-11 14:28:51,425 [INFO] LogOutputStream:77 - [STDOUT_REDIRECT] 1 : Invalid condition id : UX_CORESTACK_Condition cause : null
2023-08-11 14:28:51,426 [INFO] WebApp:157 - Instantiating new browser for Auth
2023-08-11 14:28:51,428 [INFO] LogOutputStream:77 - [STDOUT_REDIRECT] 1 : Invalid condition id : UX_CORESTACK_Condition cause : null
2023-08-11 14:28:51,431 [INFO] LogOutputStream:77 - [STDOUT_REDIRECT] 1 : Invalid condition id : UX_CORESTACK_Condition cause : null
2023-08-11 14:28:51,458 [WARN] PackLoader:240 - Cannot read IP mode file for STMicroelectronics.X-CUBE-AZRTOS-WL.2.0.0
2023-08-11 14:28:51,474 [WARN] PackLoader:240 - Cannot read IP mode file for WES.I-CUBE-Cesium.1.3.0
2023-08-11 14:28:51,483 [WARN] PackLoader:240 - Cannot read IP mode file for STMicroelectronics.X-CUBE-BLE2.3.3.0
2023-08-11 14:28:51,493 [WARN] PackLoader:240 - Cannot read IP mode file for STMicroelectronics.X-CUBE-ALGOBUILD.1.3.0
2023-08-11 14:28:51,522 [WARN] PackLoader:240 - Cannot read IP mode file for STMicroelectronics.X-CUBE-AZRTOS-G0.1.1.0
2023-08-11 14:28:51,534 [WARN] PackLoader:240 - Cannot read IP mode file for STMicroelectronics.X-CUBE-NFC4.3.0.0
2023-08-11 14:28:51,543 [WARN] PackLoader:240 - Cannot read IP mode file for STMicroelectronics.FP-ATR-SIGFOX1.3.2.0
2023-08-11 14:28:51,619 [WARN] PackLoader:240 - Cannot read IP mode file for SEGGER.I-CUBE-embOS.1.3.1
2023-08-11 14:28:51,713 [WARN] PackLoader:240 - Cannot read IP mode file for STMicroelectronics.X-CUBE-GNSS1.6.0.0
2023-08-11 14:28:51,765 [WARN] PackLoader:240 - Cannot read IP mode file for STMicroelectronics.X-CUBE-AZRTOS-F4.1.1.0
2023-08-11 14:28:51,781 [WARN] PackLoader:240 - Cannot read IP mode file for wolfSSL.I-CUBE-wolfSSL.5.6.3
2023-08-11 14:28:51,841 [WARN] PackLoader:240 - Cannot read IP mode file for STMicroelectronics.X-CUBE-AZRTOS-L5.2.0.0
2023-08-11 14:28:51,925 [WARN] PackLoader:240 - Cannot read IP mode file for STMicroelectronics.X-CUBE-MEMS1.9.6.0
2023-08-11 14:28:52,623 [WARN] PackLoader:240 - Cannot read IP mode file for STMicroelectronics.X-CUBE-BLEMGR.2.0.0
2023-08-11 14:28:52,712 [WARN] ConditionMgr:438 - getConditionDescription Invalid condition id : UX DEVICE CLASS RTOS Condition cause : null
2023-08-11 14:28:52,713 [WARN] ConditionMgr:438 - getConditionDescription Invalid condition id : UX DEVICE CLASS RTOS Condition cause : null
2023-08-11 14:28:52,718 [WARN] PackLoader:240 - Cannot read IP mode file for STMicroelectronics.X-CUBE-AZRTOS-H7.3.1.0
2023-08-11 14:28:52,719 [WARN] ConditionMgr:1039 - genDependencies : Invalid condition id : UX DEVICE CLASS RTOS Condition cause : null
2023-08-11 14:28:52,720 [WARN] ConditionMgr:1039 - genDependencies : Invalid condition id : UX DEVICE CLASS RTOS Condition cause : null
2023-08-11 14:28:52,721 [WARN] ConditionMgr:1039 - genDependencies : Invalid condition id : UX DEVICE CLASS RTOS Condition cause : null
2023-08-11 14:28:52,721 [WARN] ConditionMgr:1039 - genDependencies : Invalid condition id : UX DEVICE CLASS RTOS Condition cause : null
2023-08-11 14:28:52,722 [WARN] ConditionMgr:1039 - genDependencies : Invalid condition id : UX DEVICE CLASS RTOS Condition cause : null
2023-08-11 14:28:52,732 [WARN] PackLoader:240 - Cannot read IP mode file for STMicroelectronics.X-CUBE-NFC7.1.0.1
2023-08-11 14:28:52,741 [WARN] PackLoader:240 - Cannot read IP mode file for STMicroelectronics.X-CUBE-EEPRMA1.4.1.0
2023-08-11 14:28:52,748 [WARN] PackLoader:240 - Cannot read IP mode file for STMicroelectronics.X-CUBE-AI.8.1.0
2023-08-11 14:28:52,775 [WARN] ConditionMgr:438 - getConditionDescription Invalid condition id : LAN8742 Phy interface Condition cause : null
2023-08-11 14:28:52,776 [WARN] PackLoader:240 - Cannot read IP mode file for STMicroelectronics.X-CUBE-AZRTOS-L4.2.0.0
2023-08-11 14:28:52,779 [WARN] ConditionMgr:1039 - genDependencies : Invalid condition id : LAN8742 Phy interface Condition cause : null
2023-08-11 14:28:52,779 [WARN] ConditionMgr:1039 - genDependencies : Invalid condition id : LAN8742 Phy interface Condition cause : null
2023-08-11 14:28:52,780 [WARN] ConditionMgr:1039 - genDependencies : Invalid condition id : LAN8742 Phy interface Condition cause : null
2023-08-11 14:28:52,808 [WARN] PackLoader:240 - Cannot read IP mode file for STMicroelectronics.X-CUBE-SFXS2LP1.4.0.0
2023-08-11 14:28:52,819 [WARN] PackLoader:240 - Cannot read IP mode file for STMicroelectronics.X-CUBE-ISPU.1.1.0
2023-08-11 14:28:52,849 [WARN] ConditionMgr:438 - getConditionDescription Invalid condition id : UX DEVICE CLASS RTOS Condition cause : null
2023-08-11 14:28:52,849 [WARN] ConditionMgr:438 - getConditionDescription Invalid condition id : UX DEVICE CLASS RTOS Condition cause : null
2023-08-11 14:28:52,853 [WARN] PackLoader:240 - Cannot read IP mode file for STMicroelectronics.X-CUBE-AZRTOS-WB.2.0.0
2023-08-11 14:28:52,854 [WARN] ConditionMgr:1039 - genDependencies : Invalid condition id : UX DEVICE CLASS RTOS Condition cause : null
2023-08-11 14:28:52,854 [WARN] ConditionMgr:1039 - genDependencies : Invalid condition id : UX DEVICE CLASS RTOS Condition cause : null
2023-08-11 14:28:52,855 [WARN] ConditionMgr:1039 - genDependencies : Invalid condition id : UX DEVICE CLASS RTOS Condition cause : null
2023-08-11 14:28:52,855 [WARN] ConditionMgr:1039 - genDependencies : Invalid condition id : UX DEVICE CLASS RTOS Condition cause : null
2023-08-11 14:28:52,855 [WARN] ConditionMgr:1039 - genDependencies : Invalid condition id : UX DEVICE CLASS RTOS Condition cause : null
2023-08-11 14:28:52,863 [WARN] PackLoader:240 - Cannot read IP mode file for STMicroelectronics.X-CUBE-FREERTOS.1.0.1
2023-08-11 14:28:52,878 [WARN] PackLoader:240 - Cannot read IP mode file for STMicroelectronics.X-CUBE-SUBG2.5.0.0
2023-08-11 14:28:52,919 [WARN] PackLoader:240 - Cannot read IP mode file for STMicroelectronics.X-CUBE-TOF1.3.3.1
2023-08-11 14:28:53,009 [WARN] PackLoader:240 - Cannot read IP mode file for STMicroelectronics.X-CUBE-AZRTOS-G4.2.0.0
2023-08-11 14:28:53,020 [WARN] PackLoader:240 - Cannot read IP mode file for portGmbH.I-Cube-SoM-uGOAL.1.1.0
2023-08-11 14:28:53,027 [WARN] PackLoader:240 - Cannot read IP mode file for STMicroelectronics.X-CUBE-ALS.1.0.1
2023-08-11 14:28:53,033 [WARN] PackLoader:240 - Cannot read IP mode file for STMicroelectronics.FP-ATR-ASTRA1.2.0.0
2023-08-11 14:28:53,034 [INFO] ThirdParty:978 - Integrity check success = true
2023-08-11 14:28:53,035 [INFO] IntegrityCheckThread:100 - exiting critical section [integrity check]
2023-08-11 14:28:53,035 [INFO] IntegrityCheckThread:103 - End integrity checks thread
2023-08-11 14:28:53,527 [INFO] WebApp:753 - Register for checkConnection events
2023-08-11 14:28:53,528 [INFO] WebApp:390 - Apply proxy settings
2023-08-11 14:28:53,528 [INFO] WebApp:475 - Chromium requires no authentication
2023-08-11 14:28:53,537 [INFO] WebApp:418 - Direct internet connection detected
2023-08-11 14:28:53,773 [INFO] WebApp:188 - Starting web application
2023-08-11 14:28:53,774 [INFO] WebApp:520 - Web application path used C:\ST\STM32CubeIDE_1.13.1\STM32CubeIDE\plugins\com.st.stm32cube.common.mx_6.9.1.202307191849\db\plugins\mcufinder\reactClient1\index.html
2023-08-11 14:29:15,045 [ERROR] LogOutputStream:75 - [STDERR_REDIRECT] SLF4J: Failed to load class "org.slf4j.impl.StaticLoggerBinder".
2023-08-11 14:29:15,046 [ERROR] LogOutputStream:75 - [STDERR_REDIRECT] SLF4J: Defaulting to no-operation (NOP) logger implementation
2023-08-11 14:29:15,049 [ERROR] LogOutputStream:75 - [STDERR_REDIRECT] SLF4J: See http://www.slf4j.org/codes.html#StaticLoggerBinder for further details.
2023-08-11 14:33:39,873 [ERROR] LogOutputStream:75 - [STDERR_REDIRECT] 
