2023-08-14 03:22:22,847 [INFO] Activator:176 - 


2023-08-14 03:22:22,858 [INFO] Activator:177 - !SESSION log4j initialized
2023-08-14 03:22:30,583 [INFO] LogOutputStream:77 - [STDOUT_REDIRECT] 
2023-08-14 03:22:43,304 [INFO] ApplicationProperties:184 - Using Application install path: C:\Users\vnlemanhthanh\ST\STM32CubeIDE_1.13.1\STM32CubeIDE\plugins\com.st.stm32cube.common.mx_6.9.1.202307191849
2023-08-14 03:22:43,347 [INFO] DbMcusXml:78 - Set database path to: C:\Users\vnlemanhthanh\ST\STM32CubeIDE_1.13.1\STM32CubeIDE\plugins\com.st.stm32cube.common.mx_6.9.1.202307191849\\db\/mcu/
2023-08-14 03:22:43,348 [INFO] ApiDb:274 - Set plugin database path to: C:\Users\vnlemanhthanh\ST\STM32CubeIDE_1.13.1\STM32CubeIDE\plugins\com.st.stm32cube.common.mx_6.9.1.202307191849\\db\/plugins/boardmanager/
2023-08-14 03:22:43,350 [WARN] ApiDb:259 - Overriding images path with different value:  => C:\Users\vnlemanhthanh\ST\STM32CubeIDE_1.13.1\STM32CubeIDE\plugins\com.st.stm32cube.common.mx_6.9.1.202307191849\\db\/plugins/mcufinder/images/
2023-08-14 03:22:43,374 [INFO] ApiDb:250 - Set database path to: C:\Users\vnlemanhthanh\.stmcufinder\plugins\mcufinder//mcu/
2023-08-14 03:22:43,376 [INFO] DbMcusAds:125 - Set database path to: C:\Users\vnlemanhthanh\.stmcufinder\plugins\mcufinder//mcu/
2023-08-14 03:22:44,080 [INFO] CrossReferenceDbSqlite:203 - Set database path to: C:\Users\vnlemanhthanh\.stmcufinder\plugins\mcufinder//mcu/cs/
2023-08-14 03:22:44,491 [INFO] RulesReader:64 - Compatibility file has been processed (293 Rules)
2023-08-14 03:22:44,721 [INFO] DbMcusXml:78 - Set database path to: C:\Users\vnlemanhthanh\ST\STM32CubeIDE_1.13.1\STM32CubeIDE\plugins\com.st.stm32cube.common.mx_6.9.1.202307191849\\db\/mcu/
2023-08-14 03:22:44,722 [INFO] ApiDb:274 - Set plugin database path to: C:\Users\vnlemanhthanh\ST\STM32CubeIDE_1.13.1\STM32CubeIDE\plugins\com.st.stm32cube.common.mx_6.9.1.202307191849\\db\/plugins/boardmanager/
2023-08-14 03:22:44,722 [INFO] ApiDb:261 - Set plugin images path to: C:\Users\vnlemanhthanh\ST\STM32CubeIDE_1.13.1\STM32CubeIDE\plugins\com.st.stm32cube.common.mx_6.9.1.202307191849\\db\/plugins/mcufinder/images/
2023-08-14 03:22:44,723 [WARN] DbFile:41 - Overriding database path with different value: C:\Users\vnlemanhthanh\.stmcufinder\plugins\mcufinder/ => C:\Users\vnlemanhthanh\.stmcufinder\plugins\mcufinder
2023-08-14 03:22:44,723 [INFO] ApiDb:250 - Set database path to: C:\Users\vnlemanhthanh\.stmcufinder\plugins\mcufinder//mcu/
2023-08-14 03:22:44,723 [WARN] DbFile:41 - Overriding database path with different value: C:\Users\vnlemanhthanh\.stmcufinder\plugins\mcufinder/ => C:\Users\vnlemanhthanh\.stmcufinder\plugins\mcufinder
2023-08-14 03:22:44,723 [INFO] DbMcusAds:125 - Set database path to: C:\Users\vnlemanhthanh\.stmcufinder\plugins\mcufinder//mcu/
2023-08-14 03:22:44,723 [WARN] DbFile:41 - Overriding database path with different value: C:\Users\vnlemanhthanh\.stmcufinder\plugins\mcufinder/ => C:\Users\vnlemanhthanh\.stmcufinder\plugins\mcufinder
2023-08-14 03:22:44,724 [WARN] DbFile:41 - Overriding database path with different value: C:\Users\vnlemanhthanh\.stmcufinder\plugins\mcufinder/ => C:\Users\vnlemanhthanh\.stmcufinder\plugins\mcufinder
2023-08-14 03:22:45,582 [INFO] CrossReferenceDbSqlite:203 - Set database path to: C:\Users\vnlemanhthanh\.stmcufinder\plugins\mcufinder//mcu/cs/
2023-08-14 03:22:45,828 [INFO] MainPanel:262 - HeapMemory: 268435456
2023-08-14 03:22:46,074 [INFO] DbMcusXml:78 - Set database path to: C:\Users\vnlemanhthanh\ST\STM32CubeIDE_1.13.1\STM32CubeIDE\plugins\com.st.stm32cube.common.mx_6.9.1.202307191849\\db\/mcu/
2023-08-14 03:22:46,075 [INFO] ApiDb:274 - Set plugin database path to: C:\Users\vnlemanhthanh\ST\STM32CubeIDE_1.13.1\STM32CubeIDE\plugins\com.st.stm32cube.common.mx_6.9.1.202307191849\\db\/plugins/boardmanager/
2023-08-14 03:22:46,075 [INFO] ApiDb:261 - Set plugin images path to: C:\Users\vnlemanhthanh\ST\STM32CubeIDE_1.13.1\STM32CubeIDE\plugins\com.st.stm32cube.common.mx_6.9.1.202307191849\\db\/plugins/mcufinder/images/
2023-08-14 03:22:46,077 [WARN] DbFile:41 - Overriding database path with different value: C:\Users\vnlemanhthanh\.stmcufinder\plugins\mcufinder/ => C:\Users\vnlemanhthanh\.stmcufinder\plugins\mcufinder
2023-08-14 03:22:46,077 [INFO] ApiDb:250 - Set database path to: C:\Users\vnlemanhthanh\.stmcufinder\plugins\mcufinder//mcu/
2023-08-14 03:22:46,077 [WARN] DbFile:41 - Overriding database path with different value: C:\Users\vnlemanhthanh\.stmcufinder\plugins\mcufinder/ => C:\Users\vnlemanhthanh\.stmcufinder\plugins\mcufinder
2023-08-14 03:22:46,078 [INFO] DbMcusAds:125 - Set database path to: C:\Users\vnlemanhthanh\.stmcufinder\plugins\mcufinder//mcu/
2023-08-14 03:22:46,078 [WARN] DbFile:41 - Overriding database path with different value: C:\Users\vnlemanhthanh\.stmcufinder\plugins\mcufinder/ => C:\Users\vnlemanhthanh\.stmcufinder\plugins\mcufinder
2023-08-14 03:22:46,078 [WARN] DbFile:41 - Overriding database path with different value: C:\Users\vnlemanhthanh\.stmcufinder\plugins\mcufinder/ => C:\Users\vnlemanhthanh\.stmcufinder\plugins\mcufinder
2023-08-14 03:22:47,081 [INFO] CrossReferenceDbSqlite:203 - Set database path to: C:\Users\vnlemanhthanh\.stmcufinder\plugins\mcufinder//mcu/cs/
2023-08-14 03:22:47,226 [INFO] ApplicationProperties:184 - Using Application install path: C:\Users\vnlemanhthanh\ST\STM32CubeIDE_1.13.1\STM32CubeIDE\plugins\com.st.stm32cube.common.mx_6.9.1.202307191849
2023-08-14 03:22:47,231 [INFO] PluginManage:196 - Search for loadable plugins [exclusion list=, ]
2023-08-14 03:22:47,234 [INFO] PluginManage:310 - Check plugin analytics
2023-08-14 03:22:48,416 [INFO] AnalyticsPlugin:253 - Accepted Software Licenses: 
2023-08-14 03:22:48,417 [INFO] AnalyticsPlugin:255 - Accepted CMSIS Pack Licenses: 
2023-08-14 03:22:48,418 [INFO] AnalyticsPlugin:257 - Accepted Firmware Licenses: 
2023-08-14 03:22:48,431 [INFO] PluginManage:359 - Loaded plugin analytics (category:tool,tabindex:-1)
2023-08-14 03:22:48,435 [INFO] PluginManage:310 - Check plugin cadmodel
2023-08-14 03:22:48,475 [INFO] CADModel:105 - Init CAD model plugin
2023-08-14 03:22:48,476 [INFO] PluginManage:359 - Loaded plugin cadmodel (category:power,tabindex:5)
2023-08-14 03:22:48,477 [INFO] PluginManage:310 - Check plugin clock
2023-08-14 03:22:48,535 [INFO] PluginManage:359 - Loaded plugin clock (category:base,tabindex:2)
2023-08-14 03:22:48,536 [INFO] PluginManage:310 - Check plugin ddr
2023-08-14 03:22:48,544 [INFO] PluginManage:359 - Loaded plugin ddr (category:tool,tabindex:6)
2023-08-14 03:22:48,545 [INFO] PluginManage:310 - Check plugin filemanager
2023-08-14 03:22:48,915 [INFO] PluginManage:359 - Loaded plugin filemanager (category:base,tabindex:10)
2023-08-14 03:22:48,915 [INFO] PluginManage:310 - Check plugin ipmanager
2023-08-14 03:22:48,929 [INFO] PluginManage:359 - Loaded plugin ipmanager (category:base,tabindex:5)
2023-08-14 03:22:48,930 [INFO] PluginManage:310 - Check plugin lpbam
2023-08-14 03:22:48,979 [INFO] PluginManage:359 - Loaded plugin lpbam (category:base,tabindex:0)
2023-08-14 03:22:48,980 [INFO] PluginManage:310 - Check plugin memorymap
2023-08-14 03:22:49,049 [INFO] PluginManage:359 - Loaded plugin memorymap (category:base,tabindex:4)
2023-08-14 03:22:49,052 [INFO] PluginManage:310 - Check plugin pinoutandconfiguration
2023-08-14 03:22:49,089 [INFO] PluginManage:359 - Loaded plugin pinoutandconfiguration (category:base,tabindex:1)
2023-08-14 03:22:49,090 [INFO] PluginManage:310 - Check plugin pinoutconfig
2023-08-14 03:22:49,393 [WARN] SupportedApi:132 - Cannot load RTOS API schema: s4s-elt-must-match.1: The content of 'definitions' must match (annotation?, (simpleType | complexType)?, (unique | key | keyref)*)). A problem was found starting at: attribute.
2023-08-14 03:22:49,804 [INFO] PluginManage:359 - Loaded plugin pinoutconfig (category:base,tabindex:0)
2023-08-14 03:22:49,804 [INFO] PluginManage:310 - Check plugin power
2023-08-14 03:22:49,859 [INFO] PluginManage:359 - Loaded plugin power (category:power,tabindex:4)
2023-08-14 03:22:49,860 [INFO] PluginManage:310 - Check plugin projectmanager
2023-08-14 03:22:49,903 [INFO] PluginManage:359 - Loaded plugin projectmanager (category:projectmanager,tabindex:3)
2023-08-14 03:22:49,903 [INFO] PluginManage:310 - Check plugin thirdparty
2023-08-14 03:22:50,443 [INFO] PluginManage:359 - Loaded plugin thirdparty (category:base,tabindex:-1)
2023-08-14 03:22:50,443 [INFO] PluginManage:310 - Check plugin tools
2023-08-14 03:22:50,442 [WARN] IntegrityCheckThread:84 - waiting for thirdparty lock release [integrity check]
2023-08-14 03:22:50,445 [INFO] IntegrityCheckThread:86 - entering critical section [integrity check]
2023-08-14 03:22:50,447 [INFO] ThirdPartyUpdaterWithRetryManager:70 - Updater plugin not ready yet. [1/15]
2023-08-14 03:22:50,453 [INFO] PluginManage:359 - Loaded plugin tools (category:base,tabindex:7)
2023-08-14 03:22:50,454 [INFO] PluginManage:310 - Check plugin tutovideos
2023-08-14 03:22:50,950 [INFO] PluginManage:359 - Loaded plugin tutovideos (category:base,tabindex:-1)
2023-08-14 03:22:50,950 [INFO] PluginManage:310 - Check plugin updater
2023-08-14 03:22:50,975 [INFO] PluginManage:359 - Loaded plugin updater (category:base,tabindex:12)
2023-08-14 03:22:50,976 [INFO] PluginManage:310 - Check plugin userauth
2023-08-14 03:22:50,990 [INFO] UserAuth:113 - Init User Auth plugin
2023-08-14 03:22:50,991 [INFO] PluginManage:359 - Loaded plugin userauth (category:base,tabindex:14)
2023-08-14 03:22:50,992 [INFO] PluginManage:283 - PluginManage : Loaded plugins [17]
2023-08-14 03:22:51,565 [INFO] PinOutPanel:1499 - setPackage(No Configuration,No Configuration)
2023-08-14 03:22:51,997 [INFO] CADModel:165 - CPN selected for project level
2023-08-14 03:22:51,997 [INFO] CADModel:114 - Register for checkConnection events
2023-08-14 03:22:52,090 [INFO] IPUIPlugin:80 - create IPUIPlugin
2023-08-14 03:22:52,091 [INFO] PluginManager:220 - loadIPPluginJar : add adc
2023-08-14 03:22:52,274 [INFO] IPUIPlugin:80 - create IPUIPlugin
2023-08-14 03:22:52,275 [INFO] PluginManager:220 - loadIPPluginJar : add aes
2023-08-14 03:22:52,444 [INFO] IPUIPlugin:80 - create IPUIPlugin
2023-08-14 03:22:52,445 [INFO] PluginManager:220 - loadIPPluginJar : add can
2023-08-14 03:22:52,457 [INFO] IPUIPlugin:80 - create IPUIPlugin
2023-08-14 03:22:52,458 [INFO] PluginManager:220 - loadIPPluginJar : add comp
2023-08-14 03:22:52,571 [INFO] IPUIPlugin:80 - create IPUIPlugin
2023-08-14 03:22:52,571 [INFO] PluginManager:220 - loadIPPluginJar : add cryp
2023-08-14 03:22:52,675 [INFO] IPUIPlugin:80 - create IPUIPlugin
2023-08-14 03:22:52,675 [INFO] PluginManager:220 - loadIPPluginJar : add dfsdm
2023-08-14 03:22:52,716 [INFO] IPUIPlugin:80 - create IPUIPlugin
2023-08-14 03:22:52,719 [INFO] PluginManager:220 - loadIPPluginJar : add dma
2023-08-14 03:22:52,824 [INFO] IPUIPlugin:80 - create IPUIPlugin
2023-08-14 03:22:52,824 [INFO] PluginManager:220 - loadIPPluginJar : add dma3
2023-08-14 03:22:52,871 [INFO] IPUIPlugin:80 - create IPUIPlugin
2023-08-14 03:22:52,871 [INFO] PluginManager:220 - loadIPPluginJar : add fatfs
2023-08-14 03:22:52,978 [INFO] IPUIPlugin:80 - create IPUIPlugin
2023-08-14 03:22:52,978 [INFO] PluginManager:220 - loadIPPluginJar : add fmc
2023-08-14 03:22:53,009 [INFO] IPUIPlugin:80 - create IPUIPlugin
2023-08-14 03:22:53,009 [INFO] PluginManager:220 - loadIPPluginJar : add freertos
2023-08-14 03:22:53,015 [INFO] IPUIPlugin:80 - create IPUIPlugin
2023-08-14 03:22:53,015 [INFO] PluginManager:220 - loadIPPluginJar : add genericplugin
2023-08-14 03:22:53,219 [INFO] IPUIPlugin:80 - create IPUIPlugin
2023-08-14 03:22:53,219 [INFO] PluginManager:220 - loadIPPluginJar : add gfxmmu
2023-08-14 03:22:53,450 [INFO] ThirdPartyUpdaterWithRetryManager:70 - Updater plugin not ready yet. [2/15]
2023-08-14 03:22:53,510 [INFO] IPUIPlugin:80 - create IPUIPlugin
2023-08-14 03:22:53,510 [INFO] PluginManager:220 - loadIPPluginJar : add gic
2023-08-14 03:22:53,536 [INFO] IPUIPlugin:80 - create IPUIPlugin
2023-08-14 03:22:53,536 [INFO] PluginManager:220 - loadIPPluginJar : add gpio
2023-08-14 03:22:53,735 [INFO] IPUIPlugin:80 - create IPUIPlugin
2023-08-14 03:22:53,735 [INFO] PluginManager:220 - loadIPPluginJar : add gtzc
2023-08-14 03:22:53,805 [INFO] IPUIPlugin:80 - create IPUIPlugin
2023-08-14 03:22:53,806 [INFO] PluginManager:220 - loadIPPluginJar : add hash
2023-08-14 03:22:53,916 [INFO] IPUIPlugin:80 - create IPUIPlugin
2023-08-14 03:22:53,917 [INFO] PluginManager:220 - loadIPPluginJar : add i2c
2023-08-14 03:22:54,005 [INFO] IPUIPlugin:80 - create IPUIPlugin
2023-08-14 03:22:54,006 [INFO] PluginManager:220 - loadIPPluginJar : add i2s
2023-08-14 03:22:54,098 [INFO] IPUIPlugin:80 - create IPUIPlugin
2023-08-14 03:22:54,098 [INFO] PluginManager:220 - loadIPPluginJar : add i3c
2023-08-14 03:22:54,321 [INFO] IPUIPlugin:80 - create IPUIPlugin
2023-08-14 03:22:54,321 [INFO] PluginManager:220 - loadIPPluginJar : add ipddr
2023-08-14 03:22:54,530 [INFO] IPUIPlugin:80 - create IPUIPlugin
2023-08-14 03:22:54,530 [INFO] PluginManager:220 - loadIPPluginJar : add linkedlist
2023-08-14 03:22:54,537 [INFO] IPUIPlugin:80 - create IPUIPlugin
2023-08-14 03:22:54,537 [INFO] PluginManager:220 - loadIPPluginJar : add lorawan
2023-08-14 03:22:54,611 [INFO] IPUIPlugin:80 - create IPUIPlugin
2023-08-14 03:22:54,612 [INFO] PluginManager:220 - loadIPPluginJar : add ltdc
2023-08-14 03:22:54,645 [INFO] IPUIPlugin:80 - create IPUIPlugin
2023-08-14 03:22:54,646 [INFO] PluginManager:220 - loadIPPluginJar : add mdma
2023-08-14 03:22:54,669 [INFO] IPUIPlugin:80 - create IPUIPlugin
2023-08-14 03:22:54,669 [INFO] PluginManager:220 - loadIPPluginJar : add nvic
2023-08-14 03:22:54,741 [INFO] IPUIPlugin:80 - create IPUIPlugin
2023-08-14 03:22:54,741 [INFO] PluginManager:220 - loadIPPluginJar : add opamp
2023-08-14 03:22:54,871 [INFO] IPUIPlugin:80 - create IPUIPlugin
2023-08-14 03:22:54,872 [INFO] PluginManager:220 - loadIPPluginJar : add openamp
2023-08-14 03:22:54,973 [INFO] IPUIPlugin:80 - create IPUIPlugin
2023-08-14 03:22:54,973 [INFO] PluginManager:220 - loadIPPluginJar : add pdm2pcm
2023-08-14 03:22:55,003 [INFO] IPUIPlugin:80 - create IPUIPlugin
2023-08-14 03:22:55,008 [INFO] PluginManager:220 - loadIPPluginJar : add plateformsettings
2023-08-14 03:22:55,054 [INFO] IPUIPlugin:80 - create IPUIPlugin
2023-08-14 03:22:55,054 [INFO] PluginManager:220 - loadIPPluginJar : add quadspi
2023-08-14 03:22:55,078 [INFO] IPUIPlugin:80 - create IPUIPlugin
2023-08-14 03:22:55,078 [INFO] PluginManager:220 - loadIPPluginJar : add resmgrutility
2023-08-14 03:22:55,191 [INFO] IPUIPlugin:80 - create IPUIPlugin
2023-08-14 03:22:55,191 [INFO] PluginManager:220 - loadIPPluginJar : add sai
2023-08-14 03:22:55,275 [INFO] IPUIPlugin:80 - create IPUIPlugin
2023-08-14 03:22:55,275 [INFO] PluginManager:220 - loadIPPluginJar : add spi
2023-08-14 03:22:55,401 [INFO] IPUIPlugin:80 - create IPUIPlugin
2023-08-14 03:22:55,401 [INFO] PluginManager:220 - loadIPPluginJar : add stm32_wpan
2023-08-14 03:22:55,407 [INFO] IPUIPlugin:80 - create IPUIPlugin
2023-08-14 03:22:55,407 [INFO] PluginManager:220 - loadIPPluginJar : add tim
2023-08-14 03:22:55,526 [INFO] IPUIPlugin:80 - create IPUIPlugin
2023-08-14 03:22:55,526 [INFO] PluginManager:220 - loadIPPluginJar : add touchsensing
2023-08-14 03:22:55,571 [INFO] IPUIPlugin:80 - create IPUIPlugin
2023-08-14 03:22:55,572 [INFO] PluginManager:220 - loadIPPluginJar : add tracer_emb
2023-08-14 03:22:55,576 [INFO] IPUIPlugin:80 - create IPUIPlugin
2023-08-14 03:22:55,577 [INFO] PluginManager:220 - loadIPPluginJar : add ts
2023-08-14 03:22:55,581 [INFO] IPUIPlugin:80 - create IPUIPlugin
2023-08-14 03:22:55,582 [INFO] PluginManager:220 - loadIPPluginJar : add tsc
2023-08-14 03:22:55,632 [INFO] IPUIPlugin:80 - create IPUIPlugin
2023-08-14 03:22:55,632 [INFO] PluginManager:220 - loadIPPluginJar : add ucpd
2023-08-14 03:22:55,723 [INFO] IPUIPlugin:80 - create IPUIPlugin
2023-08-14 03:22:55,723 [INFO] PluginManager:220 - loadIPPluginJar : add usart
2023-08-14 03:22:55,816 [INFO] IPUIPlugin:80 - create IPUIPlugin
2023-08-14 03:22:55,817 [INFO] PluginManager:220 - loadIPPluginJar : add usbx
2023-08-14 03:22:56,030 [INFO] CADModel:165 - CPN selected for project level
2023-08-14 03:22:56,031 [INFO] CADModel:114 - Register for checkConnection events
2023-08-14 03:22:56,034 [FATAL] Updater:308 - Updater called before beeing initialized
2023-08-14 03:22:56,036 [ERROR] CADModel:125 - Updater not yet initialized, retry later 
2023-08-14 03:22:56,452 [INFO] ThirdPartyUpdaterWithRetryManager:70 - Updater plugin not ready yet. [3/15]
2023-08-14 03:22:56,481 [INFO] CADModel:165 - CPN selected for project level
2023-08-14 03:22:56,481 [INFO] CADModel:114 - Register for checkConnection events
2023-08-14 03:22:56,482 [FATAL] Updater:308 - Updater called before beeing initialized
2023-08-14 03:22:56,482 [ERROR] CADModel:125 - Updater not yet initialized, retry later 
2023-08-14 03:22:56,490 [FATAL] Updater:308 - Updater called before beeing initialized
2023-08-14 03:22:56,851 [FATAL] Updater:308 - Updater called before beeing initialized
2023-08-14 03:22:56,863 [INFO] DbMcusAds:53 - JSON generation date=Tue Mar 07 15:50:55 ICT 2023 (1678179055114)
2023-08-14 03:22:56,864 [FATAL] Updater:308 - Updater called before beeing initialized
2023-08-14 03:22:57,051 [WARN] DetailPanel:346 - Failed to get advertising image, set to default
2023-08-14 03:22:57,383 [FATAL] Updater:308 - Updater called before beeing initialized
2023-08-14 03:22:57,389 [FATAL] Updater:308 - Updater called before beeing initialized
2023-08-14 03:22:57,389 [FATAL] Updater:308 - Updater called before beeing initialized
2023-08-14 03:22:57,390 [WARN] DetailPanel:346 - Failed to get advertising image, set to default
2023-08-14 03:22:57,392 [FATAL] Updater:308 - Updater called before beeing initialized
2023-08-14 03:22:57,662 [ERROR] Updater:1120 - MainUpdater not yet initialized. External WinMGr cannot be set.
2023-08-14 03:22:57,669 [INFO] Updater:1056 - Updater Version found : 6.9.1
2023-08-14 03:22:57,711 [INFO] ApplicationProperties:184 - Using Application install path: C:\Users\vnlemanhthanh\ST\STM32CubeIDE_1.13.1\STM32CubeIDE\plugins\com.st.stm32cube.common.mx_6.9.1.202307191849
2023-08-14 03:22:58,051 [INFO] MainUpdater:2868 - connection check result : 10
2023-08-14 03:22:58,053 [INFO] MainUpdater:285 - Updater Check For Update Now.
2023-08-14 03:22:58,053 [INFO] MicroXplorer:498 - Change Database Version : DB.6.0.91
2023-08-14 03:22:58,090 [INFO] McuFinderGlobals:63 - Set McuFinder mode to 2 (CubeIDE integrated)
2023-08-14 03:22:58,091 [INFO] UserAuth:179 - activating auth plugin
2023-08-14 03:22:58,118 [INFO] UserAuth:393 - Internet connection configuration mode: 1
2023-08-14 03:22:58,182 [INFO] JxBrowserEngine:151 - Initiate JxBrowser Engine with user profile folder
2023-08-14 03:22:58,549 [INFO] CheckServerUpdateThread:120 - End of CheckServer Thread
2023-08-14 03:22:59,911 [WARN] PackLoader:240 - Cannot read IP mode file for STMicroelectronics.X-CUBE-SMBUS.2.1.0
2023-08-14 03:23:00,087 [WARN] PackLoader:240 - Cannot read IP mode file for STMicroelectronics.X-CUBE-AZRTOS-F7.1.1.0
2023-08-14 03:23:00,190 [WARN] PackLoader:240 - Cannot read IP mode file for STMicroelectronics.FP-SNS-MOTENV1.4.3.2
2023-08-14 03:23:00,239 [WARN] PackLoader:240 - Cannot read IP mode file for STMicroelectronics.FP-SNS-FLIGHT1.5.0.2
2023-08-14 03:23:00,328 [WARN] PackLoader:240 - Cannot read IP mode file for STMicroelectronics.X-CUBE-DISPLAY.3.0.0
2023-08-14 03:23:00,402 [WARN] PackLoader:240 - Cannot read IP mode file for STMicroelectronics.X-CUBE-BLE1.7.0.0
2023-08-14 03:23:00,451 [WARN] PackLoader:240 - Cannot read IP mode file for emotas.I-CUBE-CANOPEN.1.3.0
2023-08-14 03:23:00,485 [WARN] PackLoader:240 - Cannot read IP mode file for STMicroelectronics.X-CUBE-TOUCHGFX.4.22.0
2023-08-14 03:23:00,556 [INFO] LogOutputStream:77 - [STDOUT_REDIRECT] 1 : Invalid condition id : UX_CORESTACK_Condition cause : null
2023-08-14 03:23:00,559 [INFO] LogOutputStream:77 - [STDOUT_REDIRECT] 1 : Invalid condition id : UX_CORESTACK_Condition cause : null
2023-08-14 03:23:00,562 [INFO] LogOutputStream:77 - [STDOUT_REDIRECT] 1 : Invalid condition id : UX_CORESTACK_Condition cause : null
2023-08-14 03:23:00,567 [INFO] LogOutputStream:77 - [STDOUT_REDIRECT] 1 : Invalid condition id : UX_CORESTACK_Condition cause : null
2023-08-14 03:23:00,579 [INFO] LogOutputStream:77 - [STDOUT_REDIRECT] 1 : Invalid condition id : UX_CORESTACK_Condition cause : null
2023-08-14 03:23:00,602 [WARN] PackLoader:240 - Cannot read IP mode file for STMicroelectronics.X-CUBE-AZRTOS-WL.2.0.0
2023-08-14 03:23:00,671 [WARN] PackLoader:240 - Cannot read IP mode file for WES.I-CUBE-Cesium.1.3.0
2023-08-14 03:23:00,714 [WARN] PackLoader:240 - Cannot read IP mode file for STMicroelectronics.X-CUBE-BLE2.3.3.0
2023-08-14 03:23:00,754 [WARN] PackLoader:240 - Cannot read IP mode file for STMicroelectronics.X-CUBE-ALGOBUILD.1.3.0
2023-08-14 03:23:00,893 [WARN] PackLoader:240 - Cannot read IP mode file for STMicroelectronics.X-CUBE-AZRTOS-G0.1.1.0
2023-08-14 03:23:00,955 [WARN] PackLoader:240 - Cannot read IP mode file for STMicroelectronics.X-CUBE-NFC4.3.0.0
2023-08-14 03:23:00,974 [WARN] PackLoader:240 - Cannot read IP mode file for STMicroelectronics.FP-ATR-SIGFOX1.3.2.0
2023-08-14 03:23:01,149 [WARN] PackLoader:240 - Cannot read IP mode file for SEGGER.I-CUBE-embOS.1.3.1
2023-08-14 03:23:01,503 [WARN] PackLoader:240 - Cannot read IP mode file for STMicroelectronics.X-CUBE-GNSS1.6.0.0
2023-08-14 03:23:01,627 [WARN] PackLoader:240 - Cannot read IP mode file for STMicroelectronics.X-CUBE-AZRTOS-F4.1.1.0
2023-08-14 03:23:01,689 [WARN] PackLoader:240 - Cannot read IP mode file for wolfSSL.I-CUBE-wolfSSL.5.6.3
2023-08-14 03:23:01,806 [WARN] PackLoader:240 - Cannot read IP mode file for STMicroelectronics.X-CUBE-AZRTOS-L5.2.0.0
2023-08-14 03:23:02,074 [WARN] PackLoader:240 - Cannot read IP mode file for STMicroelectronics.X-CUBE-MEMS1.9.6.0
2023-08-14 03:23:02,747 [WARN] PackLoader:240 - Cannot read IP mode file for STMicroelectronics.X-CUBE-BLEMGR.2.0.0
2023-08-14 03:23:02,891 [WARN] ConditionMgr:438 - getConditionDescription Invalid condition id : UX DEVICE CLASS RTOS Condition cause : null
2023-08-14 03:23:02,892 [WARN] ConditionMgr:438 - getConditionDescription Invalid condition id : UX DEVICE CLASS RTOS Condition cause : null
2023-08-14 03:23:02,905 [WARN] PackLoader:240 - Cannot read IP mode file for STMicroelectronics.X-CUBE-AZRTOS-H7.3.1.0
2023-08-14 03:23:02,908 [WARN] ConditionMgr:1039 - genDependencies : Invalid condition id : UX DEVICE CLASS RTOS Condition cause : null
2023-08-14 03:23:02,909 [WARN] ConditionMgr:1039 - genDependencies : Invalid condition id : UX DEVICE CLASS RTOS Condition cause : null
2023-08-14 03:23:02,911 [WARN] ConditionMgr:1039 - genDependencies : Invalid condition id : UX DEVICE CLASS RTOS Condition cause : null
2023-08-14 03:23:02,917 [WARN] ConditionMgr:1039 - genDependencies : Invalid condition id : UX DEVICE CLASS RTOS Condition cause : null
2023-08-14 03:23:02,917 [WARN] ConditionMgr:1039 - genDependencies : Invalid condition id : UX DEVICE CLASS RTOS Condition cause : null
2023-08-14 03:23:02,968 [WARN] PackLoader:240 - Cannot read IP mode file for STMicroelectronics.X-CUBE-NFC7.1.0.1
2023-08-14 03:23:03,056 [WARN] PackLoader:240 - Cannot read IP mode file for STMicroelectronics.X-CUBE-EEPRMA1.4.1.0
2023-08-14 03:23:03,147 [WARN] PackLoader:240 - Cannot read IP mode file for STMicroelectronics.X-CUBE-AI.8.1.0
2023-08-14 03:23:03,310 [WARN] ConditionMgr:438 - getConditionDescription Invalid condition id : LAN8742 Phy interface Condition cause : null
2023-08-14 03:23:03,313 [WARN] PackLoader:240 - Cannot read IP mode file for STMicroelectronics.X-CUBE-AZRTOS-L4.2.0.0
2023-08-14 03:23:03,316 [WARN] ConditionMgr:1039 - genDependencies : Invalid condition id : LAN8742 Phy interface Condition cause : null
2023-08-14 03:23:03,316 [WARN] ConditionMgr:1039 - genDependencies : Invalid condition id : LAN8742 Phy interface Condition cause : null
2023-08-14 03:23:03,318 [WARN] ConditionMgr:1039 - genDependencies : Invalid condition id : LAN8742 Phy interface Condition cause : null
2023-08-14 03:23:03,390 [WARN] PackLoader:240 - Cannot read IP mode file for STMicroelectronics.X-CUBE-SFXS2LP1.4.0.0
2023-08-14 03:23:03,436 [WARN] PackLoader:240 - Cannot read IP mode file for STMicroelectronics.X-CUBE-ISPU.1.1.0
2023-08-14 03:23:03,533 [WARN] ConditionMgr:438 - getConditionDescription Invalid condition id : UX DEVICE CLASS RTOS Condition cause : null
2023-08-14 03:23:03,534 [WARN] ConditionMgr:438 - getConditionDescription Invalid condition id : UX DEVICE CLASS RTOS Condition cause : null
2023-08-14 03:23:03,543 [WARN] PackLoader:240 - Cannot read IP mode file for STMicroelectronics.X-CUBE-AZRTOS-WB.2.0.0
2023-08-14 03:23:03,544 [WARN] ConditionMgr:1039 - genDependencies : Invalid condition id : UX DEVICE CLASS RTOS Condition cause : null
2023-08-14 03:23:03,547 [WARN] ConditionMgr:1039 - genDependencies : Invalid condition id : UX DEVICE CLASS RTOS Condition cause : null
2023-08-14 03:23:03,549 [WARN] ConditionMgr:1039 - genDependencies : Invalid condition id : UX DEVICE CLASS RTOS Condition cause : null
2023-08-14 03:23:03,550 [WARN] ConditionMgr:1039 - genDependencies : Invalid condition id : UX DEVICE CLASS RTOS Condition cause : null
2023-08-14 03:23:03,551 [WARN] ConditionMgr:1039 - genDependencies : Invalid condition id : UX DEVICE CLASS RTOS Condition cause : null
2023-08-14 03:23:03,582 [WARN] PackLoader:240 - Cannot read IP mode file for STMicroelectronics.X-CUBE-FREERTOS.1.0.1
2023-08-14 03:23:03,640 [WARN] PackLoader:240 - Cannot read IP mode file for STMicroelectronics.X-CUBE-SUBG2.5.0.0
2023-08-14 03:23:03,700 [WARN] PackLoader:240 - Cannot read IP mode file for STMicroelectronics.X-CUBE-TOF1.3.3.1
2023-08-14 03:23:03,866 [WARN] PackLoader:240 - Cannot read IP mode file for STMicroelectronics.X-CUBE-AZRTOS-G4.2.0.0
2023-08-14 03:23:03,911 [WARN] PackLoader:240 - Cannot read IP mode file for portGmbH.I-Cube-SoM-uGOAL.1.1.0
2023-08-14 03:23:03,944 [WARN] PackLoader:240 - Cannot read IP mode file for STMicroelectronics.X-CUBE-ALS.1.0.1
2023-08-14 03:23:04,016 [WARN] PackLoader:240 - Cannot read IP mode file for STMicroelectronics.FP-ATR-ASTRA1.2.0.0
2023-08-14 03:23:04,018 [INFO] ThirdParty:978 - Integrity check success = true
2023-08-14 03:23:04,019 [INFO] IntegrityCheckThread:100 - exiting critical section [integrity check]
2023-08-14 03:23:04,019 [INFO] IntegrityCheckThread:103 - End integrity checks thread
2023-08-14 03:23:06,055 [INFO] WebApp:157 - Instantiating new browser for Auth
2023-08-14 03:23:07,726 [INFO] WebApp:753 - Register for checkConnection events
2023-08-14 03:23:07,726 [INFO] WebApp:390 - Apply proxy settings
2023-08-14 03:23:07,727 [INFO] WebApp:475 - Chromium requires no authentication
2023-08-14 03:23:07,755 [INFO] WebApp:418 - Direct internet connection detected
2023-08-14 03:23:08,269 [INFO] WebApp:188 - Starting web application
2023-08-14 03:23:08,270 [INFO] WebApp:520 - Web application path used C:\Users\vnlemanhthanh\ST\STM32CubeIDE_1.13.1\STM32CubeIDE\plugins\com.st.stm32cube.common.mx_6.9.1.202307191849\db\plugins\mcufinder\reactClient1\index.html
2023-08-14 03:23:31,070 [ERROR] LogOutputStream:75 - [STDERR_REDIRECT] SLF4J: Failed to load class "org.slf4j.impl.StaticLoggerBinder".
2023-08-14 03:23:31,072 [ERROR] LogOutputStream:75 - [STDERR_REDIRECT] SLF4J: Defaulting to no-operation (NOP) logger implementation
2023-08-14 03:23:31,079 [ERROR] LogOutputStream:75 - [STDERR_REDIRECT] SLF4J: See http://www.slf4j.org/codes.html#StaticLoggerBinder for further details.
2023-08-14 10:53:43,552 [INFO] Activator:176 - 


2023-08-14 10:53:43,557 [INFO] Activator:177 - !SESSION log4j initialized
2023-08-14 10:53:52,537 [INFO] LogOutputStream:77 - [STDOUT_REDIRECT] 
