2023-08-12 16:25:21,761 [INFO] Activator:176 - 


2023-08-12 16:25:21,772 [INFO] Activator:177 - !SESSION log4j initialized
2023-08-12 16:25:30,777 [INFO] LogOutputStream:77 - [STDOUT_REDIRECT] 
2023-08-12 16:25:34,953 [INFO] ApplicationProperties:184 - Using Application install path: C:\ST\STM32CubeIDE_1.13.1\STM32CubeIDE\plugins\com.st.stm32cube.common.mx_6.9.1.202307191849
2023-08-12 16:25:34,977 [INFO] DbMcusXml:78 - Set database path to: C:\ST\STM32CubeIDE_1.13.1\STM32CubeIDE\plugins\com.st.stm32cube.common.mx_6.9.1.202307191849\\db\/mcu/
2023-08-12 16:25:34,978 [INFO] ApiDb:274 - Set plugin database path to: C:\ST\STM32CubeIDE_1.13.1\STM32CubeIDE\plugins\com.st.stm32cube.common.mx_6.9.1.202307191849\\db\/plugins/boardmanager/
2023-08-12 16:25:34,980 [WARN] ApiDb:259 - Overriding images path with different value:  => C:\ST\STM32CubeIDE_1.13.1\STM32CubeIDE\plugins\com.st.stm32cube.common.mx_6.9.1.202307191849\\db\/plugins/mcufinder/images/
2023-08-12 16:25:34,993 [INFO] ApiDb:250 - Set database path to: C:\Users\vnlemanhthanh\.stmcufinder\plugins\mcufinder//mcu/
2023-08-12 16:25:34,996 [INFO] DbMcusAds:125 - Set database path to: C:\Users\vnlemanhthanh\.stmcufinder\plugins\mcufinder//mcu/
2023-08-12 16:25:35,978 [INFO] CrossReferenceDbSqlite:203 - Set database path to: C:\Users\vnlemanhthanh\.stmcufinder\plugins\mcufinder//mcu/cs/
2023-08-12 16:25:36,126 [INFO] RulesReader:64 - Compatibility file has been processed (293 Rules)
2023-08-12 16:25:36,249 [INFO] DbMcusXml:78 - Set database path to: C:\ST\STM32CubeIDE_1.13.1\STM32CubeIDE\plugins\com.st.stm32cube.common.mx_6.9.1.202307191849\\db\/mcu/
2023-08-12 16:25:36,250 [INFO] ApiDb:274 - Set plugin database path to: C:\ST\STM32CubeIDE_1.13.1\STM32CubeIDE\plugins\com.st.stm32cube.common.mx_6.9.1.202307191849\\db\/plugins/boardmanager/
2023-08-12 16:25:36,250 [INFO] ApiDb:261 - Set plugin images path to: C:\ST\STM32CubeIDE_1.13.1\STM32CubeIDE\plugins\com.st.stm32cube.common.mx_6.9.1.202307191849\\db\/plugins/mcufinder/images/
2023-08-12 16:25:36,251 [WARN] DbFile:41 - Overriding database path with different value: C:\Users\vnlemanhthanh\.stmcufinder\plugins\mcufinder/ => C:\Users\vnlemanhthanh\.stmcufinder\plugins\mcufinder
2023-08-12 16:25:36,251 [INFO] ApiDb:250 - Set database path to: C:\Users\vnlemanhthanh\.stmcufinder\plugins\mcufinder//mcu/
2023-08-12 16:25:36,251 [WARN] DbFile:41 - Overriding database path with different value: C:\Users\vnlemanhthanh\.stmcufinder\plugins\mcufinder/ => C:\Users\vnlemanhthanh\.stmcufinder\plugins\mcufinder
2023-08-12 16:25:36,252 [INFO] DbMcusAds:125 - Set database path to: C:\Users\vnlemanhthanh\.stmcufinder\plugins\mcufinder//mcu/
2023-08-12 16:25:36,252 [WARN] DbFile:41 - Overriding database path with different value: C:\Users\vnlemanhthanh\.stmcufinder\plugins\mcufinder/ => C:\Users\vnlemanhthanh\.stmcufinder\plugins\mcufinder
2023-08-12 16:25:36,252 [WARN] DbFile:41 - Overriding database path with different value: C:\Users\vnlemanhthanh\.stmcufinder\plugins\mcufinder/ => C:\Users\vnlemanhthanh\.stmcufinder\plugins\mcufinder
2023-08-12 16:25:36,978 [INFO] CrossReferenceDbSqlite:203 - Set database path to: C:\Users\vnlemanhthanh\.stmcufinder\plugins\mcufinder//mcu/cs/
2023-08-12 16:25:37,079 [INFO] MainPanel:262 - HeapMemory: 268435456
2023-08-12 16:25:37,198 [INFO] DbMcusXml:78 - Set database path to: C:\ST\STM32CubeIDE_1.13.1\STM32CubeIDE\plugins\com.st.stm32cube.common.mx_6.9.1.202307191849\\db\/mcu/
2023-08-12 16:25:37,198 [INFO] ApiDb:274 - Set plugin database path to: C:\ST\STM32CubeIDE_1.13.1\STM32CubeIDE\plugins\com.st.stm32cube.common.mx_6.9.1.202307191849\\db\/plugins/boardmanager/
2023-08-12 16:25:37,199 [INFO] ApiDb:261 - Set plugin images path to: C:\ST\STM32CubeIDE_1.13.1\STM32CubeIDE\plugins\com.st.stm32cube.common.mx_6.9.1.202307191849\\db\/plugins/mcufinder/images/
2023-08-12 16:25:37,199 [WARN] DbFile:41 - Overriding database path with different value: C:\Users\vnlemanhthanh\.stmcufinder\plugins\mcufinder/ => C:\Users\vnlemanhthanh\.stmcufinder\plugins\mcufinder
2023-08-12 16:25:37,200 [INFO] ApiDb:250 - Set database path to: C:\Users\vnlemanhthanh\.stmcufinder\plugins\mcufinder//mcu/
2023-08-12 16:25:37,200 [WARN] DbFile:41 - Overriding database path with different value: C:\Users\vnlemanhthanh\.stmcufinder\plugins\mcufinder/ => C:\Users\vnlemanhthanh\.stmcufinder\plugins\mcufinder
2023-08-12 16:25:37,200 [INFO] DbMcusAds:125 - Set database path to: C:\Users\vnlemanhthanh\.stmcufinder\plugins\mcufinder//mcu/
2023-08-12 16:25:37,200 [WARN] DbFile:41 - Overriding database path with different value: C:\Users\vnlemanhthanh\.stmcufinder\plugins\mcufinder/ => C:\Users\vnlemanhthanh\.stmcufinder\plugins\mcufinder
2023-08-12 16:25:37,201 [WARN] DbFile:41 - Overriding database path with different value: C:\Users\vnlemanhthanh\.stmcufinder\plugins\mcufinder/ => C:\Users\vnlemanhthanh\.stmcufinder\plugins\mcufinder
2023-08-12 16:25:37,977 [INFO] CrossReferenceDbSqlite:203 - Set database path to: C:\Users\vnlemanhthanh\.stmcufinder\plugins\mcufinder//mcu/cs/
2023-08-12 16:25:38,004 [INFO] ApplicationProperties:184 - Using Application install path: C:\ST\STM32CubeIDE_1.13.1\STM32CubeIDE\plugins\com.st.stm32cube.common.mx_6.9.1.202307191849
2023-08-12 16:25:38,006 [INFO] PluginManage:196 - Search for loadable plugins [exclusion list=, ]
2023-08-12 16:25:38,008 [INFO] PluginManage:310 - Check plugin analytics
2023-08-12 16:25:39,125 [INFO] AnalyticsPlugin:253 - Accepted Software Licenses: 
2023-08-12 16:25:39,126 [INFO] AnalyticsPlugin:255 - Accepted CMSIS Pack Licenses: 
2023-08-12 16:25:39,126 [INFO] AnalyticsPlugin:257 - Accepted Firmware Licenses: 
2023-08-12 16:25:39,131 [INFO] PluginManage:359 - Loaded plugin analytics (category:tool,tabindex:-1)
2023-08-12 16:25:39,135 [INFO] PluginManage:310 - Check plugin cadmodel
2023-08-12 16:25:39,141 [INFO] CADModel:105 - Init CAD model plugin
2023-08-12 16:25:39,141 [INFO] PluginManage:359 - Loaded plugin cadmodel (category:power,tabindex:5)
2023-08-12 16:25:39,141 [INFO] PluginManage:310 - Check plugin clock
2023-08-12 16:25:39,186 [INFO] PluginManage:359 - Loaded plugin clock (category:base,tabindex:2)
2023-08-12 16:25:39,187 [INFO] PluginManage:310 - Check plugin ddr
2023-08-12 16:25:39,190 [INFO] PluginManage:359 - Loaded plugin ddr (category:tool,tabindex:6)
2023-08-12 16:25:39,191 [INFO] PluginManage:310 - Check plugin filemanager
2023-08-12 16:25:39,457 [INFO] PluginManage:359 - Loaded plugin filemanager (category:base,tabindex:10)
2023-08-12 16:25:39,457 [INFO] PluginManage:310 - Check plugin ipmanager
2023-08-12 16:25:39,467 [INFO] PluginManage:359 - Loaded plugin ipmanager (category:base,tabindex:5)
2023-08-12 16:25:39,467 [INFO] PluginManage:310 - Check plugin lpbam
2023-08-12 16:25:39,480 [INFO] PluginManage:359 - Loaded plugin lpbam (category:base,tabindex:0)
2023-08-12 16:25:39,480 [INFO] PluginManage:310 - Check plugin memorymap
2023-08-12 16:25:39,495 [INFO] PluginManage:359 - Loaded plugin memorymap (category:base,tabindex:4)
2023-08-12 16:25:39,495 [INFO] PluginManage:310 - Check plugin pinoutandconfiguration
2023-08-12 16:25:39,505 [INFO] PluginManage:359 - Loaded plugin pinoutandconfiguration (category:base,tabindex:1)
2023-08-12 16:25:39,505 [INFO] PluginManage:310 - Check plugin pinoutconfig
2023-08-12 16:25:39,635 [WARN] SupportedApi:132 - Cannot load RTOS API schema: s4s-elt-must-match.1: The content of 'definitions' must match (annotation?, (simpleType | complexType)?, (unique | key | keyref)*)). A problem was found starting at: attribute.
2023-08-12 16:25:39,870 [INFO] PluginManage:359 - Loaded plugin pinoutconfig (category:base,tabindex:0)
2023-08-12 16:25:39,870 [INFO] PluginManage:310 - Check plugin power
2023-08-12 16:25:39,887 [INFO] PluginManage:359 - Loaded plugin power (category:power,tabindex:4)
2023-08-12 16:25:39,888 [INFO] PluginManage:310 - Check plugin projectmanager
2023-08-12 16:25:39,921 [INFO] PluginManage:359 - Loaded plugin projectmanager (category:projectmanager,tabindex:3)
2023-08-12 16:25:39,921 [INFO] PluginManage:310 - Check plugin thirdparty
2023-08-12 16:25:40,098 [INFO] PluginManage:359 - Loaded plugin thirdparty (category:base,tabindex:-1)
2023-08-12 16:25:40,097 [WARN] IntegrityCheckThread:84 - waiting for thirdparty lock release [integrity check]
2023-08-12 16:25:40,098 [INFO] PluginManage:310 - Check plugin tools
2023-08-12 16:25:40,098 [INFO] IntegrityCheckThread:86 - entering critical section [integrity check]
2023-08-12 16:25:40,100 [INFO] ThirdPartyUpdaterWithRetryManager:70 - Updater plugin not ready yet. [1/15]
2023-08-12 16:25:40,102 [INFO] PluginManage:359 - Loaded plugin tools (category:base,tabindex:7)
2023-08-12 16:25:40,103 [INFO] PluginManage:310 - Check plugin tutovideos
2023-08-12 16:25:40,332 [INFO] PluginManage:359 - Loaded plugin tutovideos (category:base,tabindex:-1)
2023-08-12 16:25:40,333 [INFO] PluginManage:310 - Check plugin updater
2023-08-12 16:25:40,351 [INFO] PluginManage:359 - Loaded plugin updater (category:base,tabindex:12)
2023-08-12 16:25:40,351 [INFO] PluginManage:310 - Check plugin userauth
2023-08-12 16:25:40,359 [INFO] UserAuth:113 - Init User Auth plugin
2023-08-12 16:25:40,360 [INFO] PluginManage:359 - Loaded plugin userauth (category:base,tabindex:14)
2023-08-12 16:25:40,361 [INFO] PluginManage:283 - PluginManage : Loaded plugins [17]
2023-08-12 16:25:40,713 [INFO] PinOutPanel:1499 - setPackage(No Configuration,No Configuration)
2023-08-12 16:25:40,907 [INFO] CADModel:165 - CPN selected for project level
2023-08-12 16:25:40,907 [INFO] CADModel:114 - Register for checkConnection events
2023-08-12 16:25:40,931 [INFO] IPUIPlugin:80 - create IPUIPlugin
2023-08-12 16:25:40,931 [INFO] PluginManager:220 - loadIPPluginJar : add adc
2023-08-12 16:25:40,934 [INFO] IPUIPlugin:80 - create IPUIPlugin
2023-08-12 16:25:40,935 [INFO] PluginManager:220 - loadIPPluginJar : add aes
2023-08-12 16:25:40,938 [INFO] IPUIPlugin:80 - create IPUIPlugin
2023-08-12 16:25:40,939 [INFO] PluginManager:220 - loadIPPluginJar : add can
2023-08-12 16:25:40,941 [INFO] IPUIPlugin:80 - create IPUIPlugin
2023-08-12 16:25:40,941 [INFO] PluginManager:220 - loadIPPluginJar : add comp
2023-08-12 16:25:40,946 [INFO] IPUIPlugin:80 - create IPUIPlugin
2023-08-12 16:25:40,946 [INFO] PluginManager:220 - loadIPPluginJar : add cryp
2023-08-12 16:25:40,950 [INFO] IPUIPlugin:80 - create IPUIPlugin
2023-08-12 16:25:40,950 [INFO] PluginManager:220 - loadIPPluginJar : add dfsdm
2023-08-12 16:25:40,959 [INFO] IPUIPlugin:80 - create IPUIPlugin
2023-08-12 16:25:40,960 [INFO] PluginManager:220 - loadIPPluginJar : add dma
2023-08-12 16:25:40,964 [INFO] IPUIPlugin:80 - create IPUIPlugin
2023-08-12 16:25:40,965 [INFO] PluginManager:220 - loadIPPluginJar : add dma3
2023-08-12 16:25:40,968 [INFO] IPUIPlugin:80 - create IPUIPlugin
2023-08-12 16:25:40,968 [INFO] PluginManager:220 - loadIPPluginJar : add fatfs
2023-08-12 16:25:40,976 [INFO] IPUIPlugin:80 - create IPUIPlugin
2023-08-12 16:25:40,976 [INFO] PluginManager:220 - loadIPPluginJar : add fmc
2023-08-12 16:25:40,985 [INFO] IPUIPlugin:80 - create IPUIPlugin
2023-08-12 16:25:40,985 [INFO] PluginManager:220 - loadIPPluginJar : add freertos
2023-08-12 16:25:40,988 [INFO] IPUIPlugin:80 - create IPUIPlugin
2023-08-12 16:25:40,988 [INFO] PluginManager:220 - loadIPPluginJar : add genericplugin
2023-08-12 16:25:40,992 [INFO] IPUIPlugin:80 - create IPUIPlugin
2023-08-12 16:25:40,992 [INFO] PluginManager:220 - loadIPPluginJar : add gfxmmu
2023-08-12 16:25:41,001 [INFO] IPUIPlugin:80 - create IPUIPlugin
2023-08-12 16:25:41,001 [INFO] PluginManager:220 - loadIPPluginJar : add gic
2023-08-12 16:25:41,007 [INFO] IPUIPlugin:80 - create IPUIPlugin
2023-08-12 16:25:41,008 [INFO] PluginManager:220 - loadIPPluginJar : add gpio
2023-08-12 16:25:41,012 [INFO] IPUIPlugin:80 - create IPUIPlugin
2023-08-12 16:25:41,013 [INFO] PluginManager:220 - loadIPPluginJar : add gtzc
2023-08-12 16:25:41,016 [INFO] IPUIPlugin:80 - create IPUIPlugin
2023-08-12 16:25:41,016 [INFO] PluginManager:220 - loadIPPluginJar : add hash
2023-08-12 16:25:41,020 [INFO] IPUIPlugin:80 - create IPUIPlugin
2023-08-12 16:25:41,020 [INFO] PluginManager:220 - loadIPPluginJar : add i2c
2023-08-12 16:25:41,026 [INFO] IPUIPlugin:80 - create IPUIPlugin
2023-08-12 16:25:41,026 [INFO] PluginManager:220 - loadIPPluginJar : add i2s
2023-08-12 16:25:41,030 [INFO] IPUIPlugin:80 - create IPUIPlugin
2023-08-12 16:25:41,031 [INFO] PluginManager:220 - loadIPPluginJar : add i3c
2023-08-12 16:25:41,034 [INFO] IPUIPlugin:80 - create IPUIPlugin
2023-08-12 16:25:41,035 [INFO] PluginManager:220 - loadIPPluginJar : add ipddr
2023-08-12 16:25:41,044 [INFO] IPUIPlugin:80 - create IPUIPlugin
2023-08-12 16:25:41,044 [INFO] PluginManager:220 - loadIPPluginJar : add linkedlist
2023-08-12 16:25:41,048 [INFO] IPUIPlugin:80 - create IPUIPlugin
2023-08-12 16:25:41,048 [INFO] PluginManager:220 - loadIPPluginJar : add lorawan
2023-08-12 16:25:41,050 [INFO] IPUIPlugin:80 - create IPUIPlugin
2023-08-12 16:25:41,050 [INFO] PluginManager:220 - loadIPPluginJar : add ltdc
2023-08-12 16:25:41,059 [INFO] IPUIPlugin:80 - create IPUIPlugin
2023-08-12 16:25:41,059 [INFO] PluginManager:220 - loadIPPluginJar : add mdma
2023-08-12 16:25:41,064 [INFO] IPUIPlugin:80 - create IPUIPlugin
2023-08-12 16:25:41,065 [INFO] PluginManager:220 - loadIPPluginJar : add nvic
2023-08-12 16:25:41,071 [INFO] IPUIPlugin:80 - create IPUIPlugin
2023-08-12 16:25:41,071 [INFO] PluginManager:220 - loadIPPluginJar : add opamp
2023-08-12 16:25:41,075 [INFO] IPUIPlugin:80 - create IPUIPlugin
2023-08-12 16:25:41,075 [INFO] PluginManager:220 - loadIPPluginJar : add openamp
2023-08-12 16:25:41,080 [INFO] IPUIPlugin:80 - create IPUIPlugin
2023-08-12 16:25:41,080 [INFO] PluginManager:220 - loadIPPluginJar : add pdm2pcm
2023-08-12 16:25:41,088 [INFO] IPUIPlugin:80 - create IPUIPlugin
2023-08-12 16:25:41,091 [INFO] PluginManager:220 - loadIPPluginJar : add plateformsettings
2023-08-12 16:25:41,093 [INFO] IPUIPlugin:80 - create IPUIPlugin
2023-08-12 16:25:41,093 [INFO] PluginManager:220 - loadIPPluginJar : add quadspi
2023-08-12 16:25:41,097 [INFO] IPUIPlugin:80 - create IPUIPlugin
2023-08-12 16:25:41,097 [INFO] PluginManager:220 - loadIPPluginJar : add resmgrutility
2023-08-12 16:25:41,101 [INFO] IPUIPlugin:80 - create IPUIPlugin
2023-08-12 16:25:41,101 [INFO] PluginManager:220 - loadIPPluginJar : add sai
2023-08-12 16:25:41,105 [INFO] IPUIPlugin:80 - create IPUIPlugin
2023-08-12 16:25:41,105 [INFO] PluginManager:220 - loadIPPluginJar : add spi
2023-08-12 16:25:41,112 [INFO] IPUIPlugin:80 - create IPUIPlugin
2023-08-12 16:25:41,112 [INFO] PluginManager:220 - loadIPPluginJar : add stm32_wpan
2023-08-12 16:25:41,118 [INFO] IPUIPlugin:80 - create IPUIPlugin
2023-08-12 16:25:41,120 [INFO] PluginManager:220 - loadIPPluginJar : add tim
2023-08-12 16:25:41,125 [INFO] IPUIPlugin:80 - create IPUIPlugin
2023-08-12 16:25:41,125 [INFO] PluginManager:220 - loadIPPluginJar : add touchsensing
2023-08-12 16:25:41,128 [INFO] IPUIPlugin:80 - create IPUIPlugin
2023-08-12 16:25:41,128 [INFO] PluginManager:220 - loadIPPluginJar : add tracer_emb
2023-08-12 16:25:41,131 [INFO] IPUIPlugin:80 - create IPUIPlugin
2023-08-12 16:25:41,131 [INFO] PluginManager:220 - loadIPPluginJar : add ts
2023-08-12 16:25:41,133 [INFO] IPUIPlugin:80 - create IPUIPlugin
2023-08-12 16:25:41,133 [INFO] PluginManager:220 - loadIPPluginJar : add tsc
2023-08-12 16:25:41,136 [INFO] IPUIPlugin:80 - create IPUIPlugin
2023-08-12 16:25:41,136 [INFO] PluginManager:220 - loadIPPluginJar : add ucpd
2023-08-12 16:25:41,140 [INFO] IPUIPlugin:80 - create IPUIPlugin
2023-08-12 16:25:41,140 [INFO] PluginManager:220 - loadIPPluginJar : add usart
2023-08-12 16:25:41,146 [INFO] IPUIPlugin:80 - create IPUIPlugin
2023-08-12 16:25:41,146 [INFO] PluginManager:220 - loadIPPluginJar : add usbx
2023-08-12 16:25:41,325 [INFO] CADModel:165 - CPN selected for project level
2023-08-12 16:25:41,326 [INFO] CADModel:114 - Register for checkConnection events
2023-08-12 16:25:41,327 [FATAL] Updater:308 - Updater called before beeing initialized
2023-08-12 16:25:41,327 [ERROR] CADModel:125 - Updater not yet initialized, retry later 
2023-08-12 16:25:41,570 [INFO] CADModel:165 - CPN selected for project level
2023-08-12 16:25:41,571 [INFO] CADModel:114 - Register for checkConnection events
2023-08-12 16:25:41,571 [FATAL] Updater:308 - Updater called before beeing initialized
2023-08-12 16:25:41,571 [ERROR] CADModel:125 - Updater not yet initialized, retry later 
2023-08-12 16:25:41,576 [FATAL] Updater:308 - Updater called before beeing initialized
2023-08-12 16:25:41,782 [FATAL] Updater:308 - Updater called before beeing initialized
2023-08-12 16:25:41,793 [INFO] DbMcusAds:53 - JSON generation date=Tue Mar 07 15:50:55 ICT 2023 (1678179055114)
2023-08-12 16:25:41,793 [FATAL] Updater:308 - Updater called before beeing initialized
2023-08-12 16:25:41,844 [WARN] DetailPanel:346 - Failed to get advertising image, set to default
2023-08-12 16:25:41,995 [FATAL] Updater:308 - Updater called before beeing initialized
2023-08-12 16:25:41,998 [FATAL] Updater:308 - Updater called before beeing initialized
2023-08-12 16:25:41,998 [FATAL] Updater:308 - Updater called before beeing initialized
2023-08-12 16:25:41,998 [WARN] DetailPanel:346 - Failed to get advertising image, set to default
2023-08-12 16:25:41,999 [FATAL] Updater:308 - Updater called before beeing initialized
2023-08-12 16:25:42,073 [ERROR] Updater:1120 - MainUpdater not yet initialized. External WinMGr cannot be set.
2023-08-12 16:25:42,076 [INFO] Updater:1056 - Updater Version found : 6.9.1
2023-08-12 16:25:42,102 [INFO] ApplicationProperties:184 - Using Application install path: C:\ST\STM32CubeIDE_1.13.1\STM32CubeIDE\plugins\com.st.stm32cube.common.mx_6.9.1.202307191849
2023-08-12 16:25:42,300 [INFO] MainUpdater:2868 - connection check result : 10
2023-08-12 16:25:42,301 [INFO] MainUpdater:285 - Updater Check For Update Now.
2023-08-12 16:25:42,302 [INFO] MicroXplorer:498 - Change Database Version : DB.6.0.91
2023-08-12 16:25:42,312 [INFO] McuFinderGlobals:63 - Set McuFinder mode to 2 (CubeIDE integrated)
2023-08-12 16:25:42,312 [INFO] UserAuth:179 - activating auth plugin
2023-08-12 16:25:42,315 [INFO] UserAuth:393 - Internet connection configuration mode: 1
2023-08-12 16:25:42,343 [INFO] JxBrowserEngine:151 - Initiate JxBrowser Engine with user profile folder
2023-08-12 16:25:42,561 [INFO] CheckServerUpdateThread:120 - End of CheckServer Thread
2023-08-12 16:25:43,386 [INFO] WebApp:157 - Instantiating new browser for Auth
2023-08-12 16:25:43,540 [WARN] PackLoader:240 - Cannot read IP mode file for STMicroelectronics.X-CUBE-SMBUS.2.1.0
2023-08-12 16:25:43,676 [WARN] PackLoader:240 - Cannot read IP mode file for STMicroelectronics.X-CUBE-AZRTOS-F7.1.1.0
2023-08-12 16:25:43,744 [WARN] PackLoader:240 - Cannot read IP mode file for STMicroelectronics.FP-SNS-MOTENV1.4.3.2
2023-08-12 16:25:43,762 [WARN] PackLoader:240 - Cannot read IP mode file for STMicroelectronics.X-CUBE-BLE1.6.2.4
2023-08-12 16:25:43,771 [WARN] PackLoader:240 - Cannot read IP mode file for STMicroelectronics.FP-SNS-FLIGHT1.5.0.2
2023-08-12 16:25:43,790 [WARN] PackLoader:240 - Cannot read IP mode file for STMicroelectronics.X-CUBE-DISPLAY.3.0.0
2023-08-12 16:25:43,814 [WARN] PackLoader:240 - Cannot read IP mode file for emotas.I-CUBE-CANOPEN.1.3.0
2023-08-12 16:25:43,824 [WARN] PackLoader:240 - Cannot read IP mode file for STMicroelectronics.X-CUBE-TOUCHGFX.4.22.0
2023-08-12 16:25:43,868 [INFO] LogOutputStream:77 - [STDOUT_REDIRECT] 1 : Invalid condition id : UX_CORESTACK_Condition cause : null
2023-08-12 16:25:43,869 [INFO] LogOutputStream:77 - [STDOUT_REDIRECT] 1 : Invalid condition id : UX_CORESTACK_Condition cause : null
2023-08-12 16:25:43,871 [INFO] LogOutputStream:77 - [STDOUT_REDIRECT] 1 : Invalid condition id : UX_CORESTACK_Condition cause : null
2023-08-12 16:25:43,874 [INFO] LogOutputStream:77 - [STDOUT_REDIRECT] 1 : Invalid condition id : UX_CORESTACK_Condition cause : null
2023-08-12 16:25:43,876 [INFO] LogOutputStream:77 - [STDOUT_REDIRECT] 1 : Invalid condition id : UX_CORESTACK_Condition cause : null
2023-08-12 16:25:43,883 [WARN] PackLoader:240 - Cannot read IP mode file for STMicroelectronics.X-CUBE-AZRTOS-WL.2.0.0
2023-08-12 16:25:43,902 [WARN] PackLoader:240 - Cannot read IP mode file for WES.I-CUBE-Cesium.1.3.0
2023-08-12 16:25:43,911 [WARN] PackLoader:240 - Cannot read IP mode file for STMicroelectronics.X-CUBE-BLE2.3.3.0
2023-08-12 16:25:43,924 [WARN] PackLoader:240 - Cannot read IP mode file for STMicroelectronics.X-CUBE-ALGOBUILD.1.3.0
2023-08-12 16:25:43,964 [WARN] PackLoader:240 - Cannot read IP mode file for STMicroelectronics.X-CUBE-AZRTOS-G0.1.1.0
2023-08-12 16:25:44,005 [WARN] PackLoader:240 - Cannot read IP mode file for STMicroelectronics.X-CUBE-NFC4.3.0.0
2023-08-12 16:25:44,013 [WARN] PackLoader:240 - Cannot read IP mode file for STMicroelectronics.FP-ATR-SIGFOX1.3.2.0
2023-08-12 16:25:44,084 [WARN] PackLoader:240 - Cannot read IP mode file for SEGGER.I-CUBE-embOS.1.3.1
2023-08-12 16:25:44,429 [WARN] PackLoader:240 - Cannot read IP mode file for STMicroelectronics.X-CUBE-GNSS1.6.0.0
2023-08-12 16:25:44,465 [WARN] PackLoader:240 - Cannot read IP mode file for STMicroelectronics.X-CUBE-AZRTOS-F4.1.1.0
2023-08-12 16:25:44,496 [WARN] PackLoader:240 - Cannot read IP mode file for wolfSSL.I-CUBE-wolfSSL.5.6.3
2023-08-12 16:25:44,528 [WARN] PackLoader:240 - Cannot read IP mode file for STMicroelectronics.X-CUBE-AZRTOS-L5.2.0.0
2023-08-12 16:25:44,676 [WARN] PackLoader:240 - Cannot read IP mode file for STMicroelectronics.X-CUBE-MEMS1.9.6.0
2023-08-12 16:25:45,173 [WARN] PackLoader:240 - Cannot read IP mode file for STMicroelectronics.X-CUBE-BLEMGR.2.0.0
2023-08-12 16:25:45,209 [WARN] ConditionMgr:438 - getConditionDescription Invalid condition id : UX DEVICE CLASS RTOS Condition cause : null
2023-08-12 16:25:45,209 [WARN] ConditionMgr:438 - getConditionDescription Invalid condition id : UX DEVICE CLASS RTOS Condition cause : null
2023-08-12 16:25:45,215 [WARN] PackLoader:240 - Cannot read IP mode file for STMicroelectronics.X-CUBE-AZRTOS-H7.3.1.0
2023-08-12 16:25:45,217 [WARN] ConditionMgr:1039 - genDependencies : Invalid condition id : UX DEVICE CLASS RTOS Condition cause : null
2023-08-12 16:25:45,218 [WARN] ConditionMgr:1039 - genDependencies : Invalid condition id : UX DEVICE CLASS RTOS Condition cause : null
2023-08-12 16:25:45,219 [WARN] ConditionMgr:1039 - genDependencies : Invalid condition id : UX DEVICE CLASS RTOS Condition cause : null
2023-08-12 16:25:45,220 [WARN] ConditionMgr:1039 - genDependencies : Invalid condition id : UX DEVICE CLASS RTOS Condition cause : null
2023-08-12 16:25:45,220 [WARN] ConditionMgr:1039 - genDependencies : Invalid condition id : UX DEVICE CLASS RTOS Condition cause : null
2023-08-12 16:25:45,230 [WARN] PackLoader:240 - Cannot read IP mode file for STMicroelectronics.X-CUBE-NFC7.1.0.1
2023-08-12 16:25:45,241 [WARN] PackLoader:240 - Cannot read IP mode file for STMicroelectronics.X-CUBE-EEPRMA1.4.1.0
2023-08-12 16:25:45,316 [WARN] PackLoader:240 - Cannot read IP mode file for STMicroelectronics.X-CUBE-AI.8.1.0
2023-08-12 16:25:45,383 [WARN] ConditionMgr:438 - getConditionDescription Invalid condition id : LAN8742 Phy interface Condition cause : null
2023-08-12 16:25:45,385 [WARN] PackLoader:240 - Cannot read IP mode file for STMicroelectronics.X-CUBE-AZRTOS-L4.2.0.0
2023-08-12 16:25:45,386 [WARN] ConditionMgr:1039 - genDependencies : Invalid condition id : LAN8742 Phy interface Condition cause : null
2023-08-12 16:25:45,387 [WARN] ConditionMgr:1039 - genDependencies : Invalid condition id : LAN8742 Phy interface Condition cause : null
2023-08-12 16:25:45,388 [WARN] ConditionMgr:1039 - genDependencies : Invalid condition id : LAN8742 Phy interface Condition cause : null
2023-08-12 16:25:45,403 [WARN] PackLoader:240 - Cannot read IP mode file for STMicroelectronics.X-CUBE-SFXS2LP1.4.0.0
2023-08-12 16:25:45,411 [WARN] PackLoader:240 - Cannot read IP mode file for STMicroelectronics.X-CUBE-ISPU.1.1.0
2023-08-12 16:25:45,431 [WARN] ConditionMgr:438 - getConditionDescription Invalid condition id : UX DEVICE CLASS RTOS Condition cause : null
2023-08-12 16:25:45,431 [WARN] ConditionMgr:438 - getConditionDescription Invalid condition id : UX DEVICE CLASS RTOS Condition cause : null
2023-08-12 16:25:45,436 [WARN] PackLoader:240 - Cannot read IP mode file for STMicroelectronics.X-CUBE-AZRTOS-WB.2.0.0
2023-08-12 16:25:45,437 [WARN] ConditionMgr:1039 - genDependencies : Invalid condition id : UX DEVICE CLASS RTOS Condition cause : null
2023-08-12 16:25:45,438 [WARN] ConditionMgr:1039 - genDependencies : Invalid condition id : UX DEVICE CLASS RTOS Condition cause : null
2023-08-12 16:25:45,439 [WARN] ConditionMgr:1039 - genDependencies : Invalid condition id : UX DEVICE CLASS RTOS Condition cause : null
2023-08-12 16:25:45,439 [WARN] ConditionMgr:1039 - genDependencies : Invalid condition id : UX DEVICE CLASS RTOS Condition cause : null
2023-08-12 16:25:45,439 [WARN] ConditionMgr:1039 - genDependencies : Invalid condition id : UX DEVICE CLASS RTOS Condition cause : null
2023-08-12 16:25:45,447 [WARN] PackLoader:240 - Cannot read IP mode file for STMicroelectronics.X-CUBE-FREERTOS.1.0.1
2023-08-12 16:25:45,482 [WARN] PackLoader:240 - Cannot read IP mode file for STMicroelectronics.X-CUBE-SUBG2.5.0.0
2023-08-12 16:25:45,555 [WARN] PackLoader:240 - Cannot read IP mode file for STMicroelectronics.X-CUBE-TOF1.3.3.1
2023-08-12 16:25:45,597 [WARN] PackLoader:240 - Cannot read IP mode file for STMicroelectronics.X-CUBE-AZRTOS-G4.2.0.0
2023-08-12 16:25:45,608 [WARN] PackLoader:240 - Cannot read IP mode file for portGmbH.I-Cube-SoM-uGOAL.1.1.0
2023-08-12 16:25:45,615 [WARN] PackLoader:240 - Cannot read IP mode file for STMicroelectronics.X-CUBE-ALS.1.0.1
2023-08-12 16:25:45,647 [WARN] PackLoader:240 - Cannot read IP mode file for STMicroelectronics.FP-ATR-ASTRA1.2.0.0
2023-08-12 16:25:45,648 [INFO] ThirdParty:978 - Integrity check success = true
2023-08-12 16:25:45,648 [INFO] IntegrityCheckThread:100 - exiting critical section [integrity check]
2023-08-12 16:25:45,648 [INFO] IntegrityCheckThread:103 - End integrity checks thread
2023-08-12 16:25:45,850 [INFO] WebApp:753 - Register for checkConnection events
2023-08-12 16:25:45,850 [INFO] WebApp:390 - Apply proxy settings
2023-08-12 16:25:45,850 [INFO] WebApp:475 - Chromium requires no authentication
2023-08-12 16:25:45,864 [INFO] WebApp:418 - Direct internet connection detected
2023-08-12 16:25:46,241 [INFO] WebApp:188 - Starting web application
2023-08-12 16:25:46,242 [INFO] WebApp:520 - Web application path used C:\ST\STM32CubeIDE_1.13.1\STM32CubeIDE\plugins\com.st.stm32cube.common.mx_6.9.1.202307191849\db\plugins\mcufinder\reactClient1\index.html
2023-08-12 16:26:07,218 [ERROR] LogOutputStream:75 - [STDERR_REDIRECT] SLF4J: Failed to load class "org.slf4j.impl.StaticLoggerBinder".
2023-08-12 16:26:07,219 [ERROR] LogOutputStream:75 - [STDERR_REDIRECT] SLF4J: Defaulting to no-operation (NOP) logger implementation
2023-08-12 16:26:07,222 [ERROR] LogOutputStream:75 - [STDERR_REDIRECT] SLF4J: See http://www.slf4j.org/codes.html#StaticLoggerBinder for further details.
2023-08-12 16:26:21,756 [INFO] LogOutputStream:77 - [STDOUT_REDIRECT] Unexpected error loading extension: org.eclipse.equinox.p2.metadata.repository.compositeRepository
2023-08-12 16:26:21,767 [ERROR] LogOutputStream:75 - [STDERR_REDIRECT] java.lang.NullPointerException: Cannot invoke "org.osgi.framework.BundleContext.createFilter(String)" because "context" is null
2023-08-12 16:26:21,770 [ERROR] LogOutputStream:75 - [STDERR_REDIRECT] 	at org.osgi.util.tracker.ServiceTracker.<init>(ServiceTracker.java:187)
2023-08-12 16:26:21,773 [ERROR] LogOutputStream:75 - [STDERR_REDIRECT] 	at org.osgi.util.tracker.ServiceTracker.<init>(ServiceTracker.java:250)
2023-08-12 16:26:21,779 [ERROR] LogOutputStream:75 - [STDERR_REDIRECT] 	at org.eclipse.ecf.internal.provider.filetransfer.httpclient5.Activator.getHttpClientFactory(Activator.java:242)
2023-08-12 16:26:21,787 [ERROR] LogOutputStream:75 - [STDERR_REDIRECT] 	at org.eclipse.ecf.internal.provider.filetransfer.httpclient5.Activator.getBrowseHttpClient(Activator.java:267)
2023-08-12 16:26:21,801 [ERROR] LogOutputStream:75 - [STDERR_REDIRECT] 	at org.eclipse.ecf.provider.filetransfer.httpclient5.HttpClientBrowseFileTransferFactory$1.sendBrowseRequest(HttpClientBrowseFileTransferFactory.java:59)
2023-08-12 16:26:21,811 [ERROR] LogOutputStream:75 - [STDERR_REDIRECT] 	at org.eclipse.ecf.provider.filetransfer.browse.MultiProtocolFileSystemBrowserAdapter.sendBrowseRequest(MultiProtocolFileSystemBrowserAdapter.java:97)
2023-08-12 16:26:21,853 [ERROR] LogOutputStream:75 - [STDERR_REDIRECT] 	at org.eclipse.equinox.internal.p2.transport.ecf.FileInfoReader.sendBrowseRequest(FileInfoReader.java:184)
2023-08-12 16:26:21,856 [ERROR] LogOutputStream:75 - [STDERR_REDIRECT] 	at org.eclipse.equinox.internal.p2.transport.ecf.FileInfoReader.getRemoteFiles(FileInfoReader.java:109)
2023-08-12 16:26:21,860 [ERROR] LogOutputStream:75 - [STDERR_REDIRECT] 	at org.eclipse.equinox.internal.p2.transport.ecf.FileInfoReader.getRemoteFile(FileInfoReader.java:125)
2023-08-12 16:26:21,863 [ERROR] LogOutputStream:75 - [STDERR_REDIRECT] 	at org.eclipse.equinox.internal.p2.transport.ecf.FileInfoReader.getLastModified(FileInfoReader.java:130)
2023-08-12 16:26:21,868 [ERROR] LogOutputStream:75 - [STDERR_REDIRECT] 	at org.eclipse.equinox.internal.p2.transport.ecf.RepositoryTransport.getLastModified(RepositoryTransport.java:244)
2023-08-12 16:26:21,871 [ERROR] LogOutputStream:75 - [STDERR_REDIRECT] 	at org.eclipse.equinox.internal.p2.repository.CacheManager.getLastModified(CacheManager.java:289)
